SF:lib/infrastructure/persistence/shared/contexts/drift/drift_app_context.g.dart
DA:11,8
DA:14,7
DA:15,14
DA:18,7
DA:19,14
DA:22,7
DA:23,14
DA:26,21
DA:30,21
DA:34,21
DA:36,7
DA:37,49
DA:38,7
DA:39,14
DA:40,7
DA:43,0
DA:45,0
DA:46,0
DA:47,0
DA:48,0
DA:50,0
DA:52,0
DA:53,0
DA:55,0
DA:57,0
DA:58,0
DA:60,0
DA:61,0
DA:63,0
DA:65,0
DA:66,0
DA:68,0
DA:69,0
DA:74,7
DA:75,7
DA:76,0
DA:78,0
DA:79,0
DA:80,0
DA:81,0
DA:82,0
DA:83,0
DA:84,0
DA:85,0
DA:89,0
DA:91,0
DA:103,0
DA:112,0
DA:120,0
DA:121,0
DA:122,0
DA:123,0
DA:132,0
DA:133,0
DA:134,0
DA:135,0
DA:136,0
DA:137,0
DA:138,0
DA:139,0
DA:143,0
DA:151,0
DA:152,0
DA:153,0
DA:154,0
DA:155,0
DA:156,0
DA:157,0
DA:158,0
DA:162,0
DA:164,0
DA:165,0
DA:166,0
DA:168,0
DA:169,0
DA:171,0
DA:172,0
DA:174,0
DA:175,0
DA:177,0
DA:178,0
DA:180,0
DA:181,0
DA:183,0
DA:184,0
DA:189,0
DA:191,0
DA:192,0
DA:193,0
DA:194,0
DA:195,0
DA:196,0
DA:197,0
DA:198,0
DA:199,0
DA:200,0
DA:208,8
DA:211,6
DA:212,12
DA:215,18
DA:219,18
DA:223,18
DA:227,6
DA:228,12
DA:231,18
DA:235,6
DA:236,12
DA:239,7
DA:240,14
DA:241,6
DA:243,54
DA:244,7
DA:245,14
DA:246,7
DA:249,0
DA:251,0
DA:252,0
DA:253,0
DA:254,0
DA:256,0
DA:258,0
DA:259,0
DA:261,0
DA:263,0
DA:264,0
DA:266,0
DA:267,0
DA:269,0
DA:270,0
DA:272,0
DA:274,0
DA:275,0
DA:277,0
DA:278,0
DA:280,0
DA:281,0
DA:286,6
DA:287,6
DA:288,0
DA:290,0
DA:291,0
DA:292,0
DA:293,0
DA:294,0
DA:295,0
DA:296,0
DA:297,0
DA:298,0
DA:299,0
DA:303,0
DA:305,0
DA:319,0
DA:330,0
DA:340,0
DA:341,0
DA:342,0
DA:343,0
DA:354,0
DA:355,0
DA:356,0
DA:357,0
DA:358,0
DA:359,0
DA:360,0
DA:361,0
DA:362,0
DA:363,0
DA:367,0
DA:377,0
DA:378,0
DA:379,0
DA:380,0
DA:381,0
DA:382,0
DA:383,0
DA:384,0
DA:385,0
DA:386,0
DA:390,0
DA:392,0
DA:393,0
DA:394,0
DA:396,0
DA:397,0
DA:399,0
DA:400,0
DA:402,0
DA:403,0
DA:405,0
DA:406,0
DA:408,0
DA:409,0
DA:411,0
DA:412,0
DA:414,0
DA:415,0
DA:417,0
DA:418,0
DA:423,0
DA:425,0
DA:426,0
DA:427,0
DA:428,0
DA:429,0
DA:430,0
DA:431,0
DA:432,0
DA:433,0
DA:434,0
DA:435,0
DA:436,0
DA:445,8
DA:448,6
DA:449,12
DA:452,6
DA:453,12
DA:456,6
DA:457,12
DA:460,6
DA:461,12
DA:464,18
DA:468,18
DA:472,18
DA:474,6
DA:475,48
DA:476,6
DA:477,12
DA:478,6
DA:481,0
DA:483,0
DA:484,0
DA:485,0
DA:486,0
DA:488,0
DA:490,0
DA:491,0
DA:493,0
DA:495,0
DA:496,0
DA:498,0
DA:500,0
DA:501,0
DA:503,0
DA:504,0
DA:506,0
DA:508,0
DA:509,0
DA:511,0
DA:512,0
DA:517,6
DA:518,6
DA:519,0
DA:521,0
DA:522,0
DA:523,0
DA:524,0
DA:525,0
DA:526,0
DA:527,0
DA:528,0
DA:529,0
DA:533,0
DA:535,0
DA:548,0
DA:558,0
DA:567,0
DA:568,0
DA:569,0
DA:570,0
DA:571,0
DA:581,0
DA:582,0
DA:583,0
DA:584,0
DA:585,0
DA:586,0
DA:587,0
DA:588,0
DA:589,0
DA:593,0
DA:602,0
DA:603,0
DA:604,0
DA:605,0
DA:606,0
DA:607,0
DA:608,0
DA:609,0
DA:610,0
DA:614,0
DA:616,0
DA:617,0
DA:618,0
DA:620,0
DA:621,0
DA:623,0
DA:624,0
DA:626,0
DA:627,0
DA:629,0
DA:630,0
DA:632,0
DA:633,0
DA:635,0
DA:636,0
DA:638,0
DA:639,0
DA:644,0
DA:646,0
DA:647,0
DA:648,0
DA:649,0
DA:650,0
DA:651,0
DA:652,0
DA:653,0
DA:654,0
DA:655,0
DA:656,0
DA:664,8
DA:667,6
DA:668,12
DA:671,18
DA:675,18
DA:679,18
DA:683,18
DA:687,6
DA:688,12
DA:689,6
DA:690,42
DA:691,6
DA:692,12
DA:693,6
DA:696,0
DA:698,0
DA:699,0
DA:700,0
DA:701,0
DA:703,0
DA:705,0
DA:706,0
DA:708,0
DA:710,0
DA:711,0
DA:713,0
DA:714,0
DA:716,0
DA:717,0
DA:719,0
DA:721,0
DA:722,0
DA:724,0
DA:729,6
DA:730,6
DA:731,0
DA:733,0
DA:734,0
DA:735,0
DA:736,0
DA:737,0
DA:738,0
DA:739,0
DA:740,0
DA:744,0
DA:746,0
DA:758,0
DA:767,0
DA:775,0
DA:776,0
DA:777,0
DA:778,0
DA:779,0
DA:788,0
DA:789,0
DA:790,0
DA:791,0
DA:792,0
DA:793,0
DA:794,0
DA:795,0
DA:799,0
DA:807,0
DA:808,0
DA:809,0
DA:810,0
DA:811,0
DA:812,0
DA:813,0
DA:814,0
DA:818,0
DA:820,0
DA:821,0
DA:822,0
DA:824,0
DA:825,0
DA:827,0
DA:828,0
DA:830,0
DA:831,0
DA:833,0
DA:834,0
DA:836,0
DA:837,0
DA:839,0
DA:840,0
DA:845,0
DA:847,0
DA:848,0
DA:849,0
DA:850,0
DA:851,0
DA:852,0
DA:853,0
DA:854,0
DA:855,0
DA:856,0
DA:865,8
DA:868,6
DA:869,12
DA:872,18
DA:876,6
DA:877,12
DA:880,21
DA:884,18
DA:888,18
DA:892,18
DA:894,6
DA:895,48
DA:896,7
DA:897,14
DA:898,7
DA:901,0
DA:903,0
DA:904,0
DA:905,0
DA:906,0
DA:908,0
DA:910,0
DA:911,0
DA:913,0
DA:915,0
DA:916,0
DA:918,0
DA:920,0
DA:921,0
DA:923,0
DA:925,0
DA:926,0
DA:928,0
DA:930,0
DA:931,0
DA:933,0
DA:934,0
DA:939,6
DA:940,6
DA:941,0
DA:943,0
DA:944,0
DA:945,0
DA:946,0
DA:947,0
DA:948,0
DA:949,0
DA:950,0
DA:951,0
DA:955,0
DA:957,0
DA:970,0
DA:980,0
DA:989,0
DA:990,0
DA:991,0
DA:992,0
DA:993,0
DA:994,0
DA:1004,0
DA:1005,0
DA:1006,0
DA:1007,0
DA:1008,0
DA:1009,0
DA:1010,0
DA:1011,0
DA:1012,0
DA:1016,0
DA:1025,0
DA:1026,0
DA:1027,0
DA:1028,0
DA:1029,0
DA:1030,0
DA:1031,0
DA:1032,0
DA:1033,0
DA:1037,0
DA:1039,0
DA:1040,0
DA:1041,0
DA:1043,0
DA:1044,0
DA:1046,0
DA:1047,0
DA:1049,0
DA:1050,0
DA:1052,0
DA:1053,0
DA:1055,0
DA:1056,0
DA:1058,0
DA:1059,0
DA:1061,0
DA:1062,0
DA:1067,0
DA:1069,0
DA:1070,0
DA:1071,0
DA:1072,0
DA:1073,0
DA:1074,0
DA:1075,0
DA:1076,0
DA:1077,0
DA:1078,0
DA:1079,0
DA:1087,8
DA:1090,6
DA:1091,12
DA:1094,18
DA:1098,18
DA:1102,18
DA:1106,6
DA:1107,12
DA:1110,18
DA:1112,6
DA:1113,42
DA:1114,6
DA:1115,12
DA:1116,6
DA:1119,0
DA:1121,0
DA:1122,0
DA:1123,0
DA:1124,0
DA:1126,0
DA:1128,0
DA:1129,0
DA:1131,0
DA:1133,0
DA:1134,0
DA:1136,0
DA:1137,0
DA:1139,0
DA:1140,0
DA:1142,0
DA:1144,0
DA:1145,0
DA:1147,0
DA:1152,6
DA:1153,6
DA:1154,0
DA:1156,0
DA:1157,0
DA:1158,0
DA:1159,0
DA:1160,0
DA:1161,0
DA:1162,0
DA:1163,0
DA:1167,0
DA:1169,0
DA:1181,0
DA:1190,0
DA:1198,0
DA:1199,0
DA:1200,0
DA:1201,0
DA:1202,0
DA:1211,0
DA:1212,0
DA:1213,0
DA:1214,0
DA:1215,0
DA:1216,0
DA:1217,0
DA:1218,0
DA:1222,0
DA:1230,0
DA:1231,0
DA:1232,0
DA:1233,0
DA:1234,0
DA:1235,0
DA:1236,0
DA:1237,0
DA:1241,0
DA:1243,0
DA:1244,0
DA:1245,0
DA:1247,0
DA:1248,0
DA:1250,0
DA:1251,0
DA:1253,0
DA:1254,0
DA:1256,0
DA:1257,0
DA:1259,0
DA:1260,0
DA:1262,0
DA:1263,0
DA:1268,0
DA:1270,0
DA:1271,0
DA:1272,0
DA:1273,0
DA:1274,0
DA:1275,0
DA:1276,0
DA:1277,0
DA:1278,0
DA:1279,0
DA:1287,8
DA:1290,6
DA:1291,12
DA:1294,18
DA:1298,18
DA:1302,18
DA:1306,6
DA:1307,12
DA:1310,6
DA:1311,12
DA:1314,7
DA:1315,14
DA:1318,21
DA:1322,21
DA:1325,7
DA:1329,21
DA:1333,21
DA:1337,21
DA:1340,7
DA:1344,21
DA:1348,21
DA:1352,8
DA:1353,16
DA:1356,24
DA:1358,6
DA:1359,6
DA:1360,6
DA:1361,6
DA:1362,6
DA:1363,6
DA:1364,6
DA:1365,6
DA:1366,6
DA:1367,6
DA:1368,6
DA:1369,6
DA:1370,6
DA:1371,6
DA:1372,6
DA:1373,6
DA:1374,6
DA:1375,6
DA:1377,8
DA:1378,16
DA:1379,8
DA:1382,1
DA:1384,1
DA:1385,1
DA:1386,1
DA:1387,4
DA:1389,0
DA:1391,1
DA:1392,4
DA:1394,0
DA:1396,1
DA:1397,0
DA:1399,1
DA:1400,0
DA:1402,1
DA:1403,4
DA:1405,0
DA:1407,1
DA:1408,4
DA:1410,0
DA:1412,1
DA:1413,0
DA:1414,0
DA:1416,1
DA:1417,0
DA:1419,1
DA:1420,0
DA:1422,1
DA:1423,0
DA:1425,1
DA:1426,0
DA:1428,1
DA:1429,0
DA:1431,1
DA:1432,0
DA:1433,0
DA:1435,1
DA:1436,0
DA:1438,1
DA:1439,0
DA:1441,1
DA:1442,0
DA:1447,6
DA:1448,6
DA:1449,0
DA:1451,0
DA:1452,0
DA:1453,0
DA:1454,0
DA:1455,0
DA:1456,0
DA:1457,0
DA:1458,0
DA:1459,0
DA:1460,0
DA:1461,0
DA:1462,0
DA:1463,0
DA:1464,0
DA:1465,0
DA:1466,0
DA:1467,0
DA:1468,0
DA:1472,0
DA:1474,0
DA:1496,0
DA:1515,1
DA:1533,1
DA:1534,1
DA:1535,1
DA:1536,1
DA:1537,0
DA:1556,0
DA:1557,0
DA:1558,0
DA:1559,0
DA:1560,0
DA:1561,0
DA:1562,0
DA:1563,0
DA:1564,0
DA:1565,0
DA:1566,0
DA:1567,0
DA:1568,0
DA:1569,0
DA:1570,0
DA:1571,0
DA:1572,0
DA:1573,0
DA:1577,0
DA:1595,0
DA:1596,0
DA:1597,0
DA:1598,0
DA:1599,0
DA:1600,0
DA:1601,0
DA:1602,0
DA:1603,0
DA:1604,0
DA:1605,0
DA:1606,0
DA:1607,0
DA:1608,0
DA:1609,0
DA:1610,0
DA:1611,0
DA:1612,0
DA:1616,1
DA:1618,1
DA:1619,2
DA:1620,4
DA:1622,2
DA:1623,4
DA:1625,2
DA:1626,0
DA:1628,2
DA:1629,0
DA:1631,2
DA:1632,4
DA:1634,2
DA:1635,4
DA:1637,2
DA:1638,0
DA:1640,2
DA:1641,0
DA:1643,2
DA:1644,0
DA:1646,2
DA:1647,0
DA:1649,2
DA:1650,0
DA:1652,2
DA:1653,0
DA:1655,2
DA:1656,0
DA:1658,2
DA:1659,0
DA:1661,2
DA:1662,0
DA:1664,2
DA:1665,0
DA:1667,2
DA:1668,0
DA:1673,0
DA:1675,0
DA:1676,0
DA:1677,0
DA:1678,0
DA:1679,0
DA:1680,0
DA:1681,0
DA:1682,0
DA:1683,0
DA:1684,0
DA:1685,0
DA:1686,0
DA:1687,0
DA:1688,0
DA:1689,0
DA:1690,0
DA:1691,0
DA:1692,0
DA:1693,0
DA:1694,0
DA:1702,8
DA:1705,6
DA:1706,12
DA:1709,18
DA:1713,18
DA:1717,18
DA:1721,6
DA:1722,12
DA:1725,6
DA:1726,12
DA:1727,6
DA:1728,42
DA:1729,6
DA:1730,12
DA:1731,6
DA:1734,0
DA:1736,0
DA:1737,0
DA:1738,0
DA:1739,0
DA:1741,0
DA:1743,0
DA:1744,0
DA:1746,0
DA:1748,0
DA:1749,0
DA:1751,0
DA:1752,0
DA:1754,0
DA:1755,0
DA:1757,0
DA:1759,0
DA:1760,0
DA:1762,0
DA:1767,6
DA:1768,6
DA:1769,0
DA:1771,0
DA:1772,0
DA:1773,0
DA:1774,0
DA:1775,0
DA:1776,0
DA:1777,0
DA:1778,0
DA:1782,0
DA:1784,0
DA:1796,0
DA:1805,0
DA:1813,0
DA:1814,0
DA:1815,0
DA:1816,0
DA:1817,0
DA:1826,0
DA:1827,0
DA:1828,0
DA:1829,0
DA:1830,0
DA:1831,0
DA:1832,0
DA:1833,0
DA:1837,0
DA:1845,0
DA:1846,0
DA:1847,0
DA:1848,0
DA:1849,0
DA:1850,0
DA:1851,0
DA:1852,0
DA:1856,0
DA:1858,0
DA:1859,0
DA:1860,0
DA:1862,0
DA:1863,0
DA:1865,0
DA:1866,0
DA:1868,0
DA:1869,0
DA:1871,0
DA:1872,0
DA:1874,0
DA:1875,0
DA:1877,0
DA:1878,0
DA:1883,0
DA:1885,0
DA:1886,0
DA:1887,0
DA:1888,0
DA:1889,0
DA:1890,0
DA:1891,0
DA:1892,0
DA:1893,0
DA:1894,0
DA:1903,8
DA:1906,6
DA:1907,12
DA:1910,18
DA:1914,18
DA:1918,18
DA:1922,18
DA:1925,6
DA:1928,6
DA:1929,12
DA:1932,24
DA:1936,24
DA:1939,8
DA:1941,6
DA:1943,54
DA:1944,8
DA:1945,16
DA:1946,8
DA:1949,1
DA:1951,1
DA:1952,1
DA:1953,1
DA:1954,4
DA:1956,0
DA:1958,1
DA:1959,4
DA:1961,0
DA:1963,1
DA:1964,0
DA:1966,1
DA:1967,0
DA:1969,1
DA:1970,4
DA:1972,0
DA:1974,1
DA:1975,4
DA:1977,0
DA:1979,1
DA:1980,0
DA:1982,1
DA:1983,0
DA:1988,6
DA:1989,6
DA:1990,0
DA:1992,0
DA:1993,0
DA:1994,0
DA:1995,0
DA:1996,0
DA:1997,0
DA:1998,0
DA:1999,0
DA:2000,0
DA:2001,0
DA:2005,0
DA:2007,0
DA:2021,0
DA:2032,1
DA:2042,1
DA:2043,1
DA:2044,1
DA:2045,1
DA:2046,0
DA:2057,0
DA:2058,0
DA:2059,0
DA:2060,0
DA:2061,0
DA:2062,0
DA:2063,0
DA:2064,0
DA:2065,0
DA:2066,0
DA:2070,0
DA:2080,0
DA:2081,0
DA:2082,0
DA:2083,0
DA:2084,0
DA:2085,0
DA:2086,0
DA:2087,0
DA:2088,0
DA:2089,0
DA:2093,1
DA:2095,1
DA:2096,2
DA:2097,4
DA:2099,2
DA:2100,4
DA:2102,2
DA:2103,0
DA:2105,2
DA:2106,0
DA:2108,2
DA:2109,4
DA:2111,2
DA:2112,4
DA:2114,2
DA:2115,0
DA:2117,2
DA:2118,0
DA:2120,2
DA:2121,0
DA:2126,0
DA:2128,0
DA:2129,0
DA:2130,0
DA:2131,0
DA:2132,0
DA:2133,0
DA:2134,0
DA:2135,0
DA:2136,0
DA:2137,0
DA:2138,0
DA:2139,0
DA:2147,8
DA:2150,7
DA:2151,14
DA:2154,7
DA:2155,14
DA:2158,7
DA:2159,14
DA:2162,21
DA:2166,21
DA:2170,21
DA:2174,21
DA:2176,7
DA:2177,56
DA:2178,7
DA:2179,14
DA:2180,7
DA:2183,0
DA:2185,0
DA:2186,0
DA:2187,0
DA:2188,0
DA:2190,0
DA:2192,0
DA:2193,0
DA:2195,0
DA:2197,0
DA:2198,0
DA:2200,0
DA:2201,0
DA:2203,0
DA:2204,0
DA:2206,0
DA:2208,0
DA:2209,0
DA:2211,0
DA:2212,0
DA:2217,7
DA:2218,7
DA:2219,0
DA:2221,0
DA:2222,0
DA:2223,0
DA:2224,0
DA:2225,0
DA:2226,0
DA:2227,0
DA:2228,0
DA:2229,0
DA:2233,0
DA:2235,0
DA:2248,0
DA:2258,0
DA:2267,0
DA:2268,0
DA:2269,0
DA:2270,0
DA:2280,0
DA:2281,0
DA:2282,0
DA:2283,0
DA:2284,0
DA:2285,0
DA:2286,0
DA:2287,0
DA:2288,0
DA:2292,0
DA:2301,0
DA:2302,0
DA:2303,0
DA:2304,0
DA:2305,0
DA:2306,0
DA:2307,0
DA:2308,0
DA:2309,0
DA:2313,0
DA:2315,0
DA:2316,0
DA:2317,0
DA:2319,0
DA:2320,0
DA:2322,0
DA:2323,0
DA:2325,0
DA:2326,0
DA:2328,0
DA:2329,0
DA:2331,0
DA:2332,0
DA:2334,0
DA:2335,0
DA:2337,0
DA:2338,0
DA:2343,0
DA:2345,0
DA:2346,0
DA:2347,0
DA:2348,0
DA:2349,0
DA:2350,0
DA:2351,0
DA:2352,0
DA:2353,0
DA:2354,0
DA:2355,0
DA:2363,8
DA:2366,7
DA:2367,14
DA:2370,7
DA:2371,14
DA:2374,7
DA:2375,14
DA:2378,21
DA:2382,21
DA:2386,21
DA:2388,7
DA:2389,49
DA:2390,7
DA:2391,14
DA:2392,7
DA:2395,0
DA:2397,0
DA:2398,0
DA:2399,0
DA:2400,0
DA:2402,0
DA:2404,0
DA:2405,0
DA:2407,0
DA:2409,0
DA:2410,0
DA:2412,0
DA:2414,0
DA:2415,0
DA:2417,0
DA:2419,0
DA:2420,0
DA:2422,0
DA:2423,0
DA:2428,7
DA:2429,7
DA:2430,0
DA:2432,0
DA:2433,0
DA:2434,0
DA:2435,0
DA:2436,0
DA:2437,0
DA:2438,0
DA:2439,0
DA:2443,0
DA:2445,0
DA:2457,0
DA:2466,0
DA:2474,0
DA:2475,0
DA:2476,0
DA:2477,0
DA:2478,0
DA:2487,0
DA:2488,0
DA:2489,0
DA:2490,0
DA:2491,0
DA:2492,0
DA:2493,0
DA:2494,0
DA:2498,0
DA:2506,0
DA:2507,0
DA:2508,0
DA:2509,0
DA:2510,0
DA:2511,0
DA:2512,0
DA:2513,0
DA:2517,0
DA:2519,0
DA:2520,0
DA:2521,0
DA:2523,0
DA:2524,0
DA:2526,0
DA:2527,0
DA:2529,0
DA:2530,0
DA:2532,0
DA:2533,0
DA:2535,0
DA:2536,0
DA:2538,0
DA:2539,0
DA:2544,0
DA:2546,0
DA:2547,0
DA:2548,0
DA:2549,0
DA:2550,0
DA:2551,0
DA:2552,0
DA:2553,0
DA:2554,0
DA:2555,0
DA:2563,8
DA:2566,6
DA:2567,12
DA:2570,18
DA:2574,18
DA:2578,18
DA:2582,6
DA:2583,12
DA:2586,6
DA:2587,12
DA:2589,6
DA:2590,12
DA:2591,12
DA:2592,6
DA:2593,48
DA:2594,6
DA:2595,12
DA:2596,6
DA:2599,0
DA:2601,0
DA:2602,0
DA:2603,0
DA:2604,0
DA:2606,0
DA:2608,0
DA:2609,0
DA:2611,0
DA:2613,0
DA:2614,0
DA:2616,0
DA:2617,0
DA:2619,0
DA:2620,0
DA:2622,0
DA:2624,0
DA:2625,0
DA:2627,0
DA:2632,6
DA:2633,6
DA:2634,0
DA:2636,0
DA:2637,0
DA:2638,0
DA:2639,0
DA:2640,0
DA:2641,0
DA:2642,0
DA:2643,0
DA:2644,0
DA:2645,0
DA:2649,0
DA:2651,0
DA:2654,12
DA:2667,0
DA:2677,0
DA:2686,0
DA:2687,0
DA:2688,0
DA:2689,0
DA:2690,0
DA:2691,0
DA:2701,0
DA:2702,0
DA:2703,0
DA:2704,0
DA:2705,0
DA:2706,0
DA:2707,0
DA:2708,0
DA:2709,0
DA:2713,0
DA:2722,0
DA:2723,0
DA:2724,0
DA:2725,0
DA:2726,0
DA:2727,0
DA:2728,0
DA:2729,0
DA:2730,0
DA:2734,0
DA:2736,0
DA:2737,0
DA:2738,0
DA:2740,0
DA:2741,0
DA:2743,0
DA:2744,0
DA:2746,0
DA:2747,0
DA:2749,0
DA:2750,0
DA:2752,0
DA:2753,0
DA:2755,0
DA:2756,0
DA:2758,0
DA:2759,0
DA:2764,0
DA:2766,0
DA:2767,0
DA:2768,0
DA:2769,0
DA:2770,0
DA:2771,0
DA:2772,0
DA:2773,0
DA:2774,0
DA:2775,0
DA:2776,0
DA:2784,8
DA:2787,6
DA:2788,12
DA:2791,18
DA:2795,18
DA:2799,18
DA:2803,6
DA:2804,12
DA:2807,6
DA:2808,12
DA:2811,21
DA:2815,21
DA:2819,6
DA:2820,12
DA:2823,18
DA:2825,6
DA:2827,66
DA:2828,7
DA:2829,14
DA:2830,7
DA:2833,0
DA:2835,0
DA:2836,0
DA:2837,0
DA:2838,0
DA:2840,0
DA:2842,0
DA:2843,0
DA:2845,0
DA:2847,0
DA:2848,0
DA:2850,0
DA:2851,0
DA:2853,0
DA:2854,0
DA:2856,0
DA:2858,0
DA:2859,0
DA:2861,0
DA:2863,0
DA:2864,0
DA:2866,0
DA:2868,0
DA:2869,0
DA:2871,0
DA:2873,0
DA:2874,0
DA:2876,0
DA:2877,0
DA:2882,6
DA:2883,6
DA:2884,0
DA:2886,0
DA:2887,0
DA:2888,0
DA:2889,0
DA:2890,0
DA:2891,0
DA:2892,0
DA:2893,0
DA:2894,0
DA:2895,0
DA:2896,0
DA:2897,0
DA:2901,0
DA:2903,0
DA:2919,0
DA:2932,0
DA:2944,0
DA:2945,0
DA:2946,0
DA:2947,0
DA:2948,0
DA:2949,0
DA:2950,0
DA:2963,0
DA:2964,0
DA:2965,0
DA:2966,0
DA:2967,0
DA:2968,0
DA:2969,0
DA:2970,0
DA:2971,0
DA:2972,0
DA:2973,0
DA:2974,0
DA:2978,0
DA:2990,0
DA:2991,0
DA:2992,0
DA:2993,0
DA:2994,0
DA:2995,0
DA:2996,0
DA:2997,0
DA:2998,0
DA:2999,0
DA:3000,0
DA:3001,0
DA:3005,0
DA:3007,0
DA:3008,0
DA:3009,0
DA:3011,0
DA:3012,0
DA:3014,0
DA:3015,0
DA:3017,0
DA:3018,0
DA:3020,0
DA:3021,0
DA:3023,0
DA:3024,0
DA:3026,0
DA:3027,0
DA:3029,0
DA:3030,0
DA:3032,0
DA:3033,0
DA:3035,0
DA:3036,0
DA:3038,0
DA:3039,0
DA:3044,0
DA:3046,0
DA:3047,0
DA:3048,0
DA:3049,0
DA:3050,0
DA:3051,0
DA:3052,0
DA:3053,0
DA:3054,0
DA:3055,0
DA:3056,0
DA:3057,0
DA:3058,0
DA:3059,0
DA:3067,8
DA:3070,6
DA:3071,12
DA:3074,18
DA:3078,18
DA:3082,18
DA:3086,6
DA:3087,12
DA:3090,7
DA:3091,14
DA:3094,18
DA:3097,6
DA:3099,6
DA:3100,48
DA:3101,7
DA:3102,14
DA:3103,7
DA:3106,0
DA:3108,0
DA:3109,0
DA:3110,0
DA:3111,0
DA:3113,0
DA:3115,0
DA:3116,0
DA:3118,0
DA:3120,0
DA:3121,0
DA:3123,0
DA:3124,0
DA:3126,0
DA:3127,0
DA:3129,0
DA:3131,0
DA:3132,0
DA:3134,0
DA:3135,0
DA:3140,6
DA:3141,6
DA:3142,0
DA:3144,0
DA:3145,0
DA:3146,0
DA:3147,0
DA:3148,0
DA:3149,0
DA:3150,0
DA:3151,0
DA:3152,0
DA:3156,0
DA:3158,0
DA:3171,0
DA:3181,0
DA:3190,0
DA:3191,0
DA:3192,0
DA:3193,0
DA:3203,0
DA:3204,0
DA:3205,0
DA:3206,0
DA:3207,0
DA:3208,0
DA:3209,0
DA:3210,0
DA:3211,0
DA:3215,0
DA:3224,0
DA:3225,0
DA:3226,0
DA:3227,0
DA:3228,0
DA:3229,0
DA:3230,0
DA:3231,0
DA:3232,0
DA:3236,0
DA:3238,0
DA:3239,0
DA:3240,0
DA:3242,0
DA:3243,0
DA:3245,0
DA:3246,0
DA:3248,0
DA:3249,0
DA:3251,0
DA:3252,0
DA:3254,0
DA:3255,0
DA:3257,0
DA:3258,0
DA:3260,0
DA:3261,0
DA:3266,0
DA:3268,0
DA:3269,0
DA:3270,0
DA:3271,0
DA:3272,0
DA:3273,0
DA:3274,0
DA:3275,0
DA:3276,0
DA:3277,0
DA:3278,0
DA:3286,8
DA:3289,6
DA:3290,12
DA:3293,18
DA:3297,18
DA:3301,18
DA:3305,18
DA:3309,18
DA:3311,6
DA:3312,42
DA:3313,6
DA:3314,12
DA:3315,6
DA:3318,0
DA:3320,0
DA:3321,0
DA:3322,0
DA:3323,0
DA:3325,0
DA:3327,0
DA:3328,0
DA:3330,0
DA:3332,0
DA:3333,0
DA:3335,0
DA:3336,0
DA:3338,0
DA:3339,0
DA:3341,0
DA:3343,0
DA:3344,0
DA:3345,0
DA:3347,0
DA:3352,6
DA:3353,6
DA:3354,0
DA:3356,0
DA:3357,0
DA:3358,0
DA:3359,0
DA:3360,0
DA:3361,0
DA:3362,0
DA:3364,0
DA:3368,0
DA:3370,0
DA:3382,0
DA:3391,0
DA:3399,0
DA:3400,0
DA:3401,0
DA:3402,0
DA:3403,0
DA:3412,0
DA:3413,0
DA:3414,0
DA:3415,0
DA:3416,0
DA:3417,0
DA:3418,0
DA:3419,0
DA:3423,0
DA:3431,0
DA:3432,0
DA:3433,0
DA:3434,0
DA:3435,0
DA:3436,0
DA:3437,0
DA:3438,0
DA:3442,0
DA:3444,0
DA:3445,0
DA:3446,0
DA:3448,0
DA:3449,0
DA:3451,0
DA:3452,0
DA:3454,0
DA:3455,0
DA:3457,0
DA:3458,0
DA:3460,0
DA:3461,0
DA:3463,0
DA:3464,0
DA:3469,0
DA:3471,0
DA:3472,0
DA:3473,0
DA:3474,0
DA:3475,0
DA:3476,0
DA:3477,0
DA:3478,0
DA:3479,0
DA:3480,0
DA:3488,8
DA:3491,6
DA:3492,12
DA:3495,21
DA:3499,6
DA:3500,12
DA:3503,6
DA:3504,12
DA:3506,6
DA:3507,12
DA:3508,12
DA:3511,18
DA:3515,18
DA:3519,6
DA:3520,12
DA:3523,18
DA:3527,18
DA:3531,18
DA:3535,18
DA:3539,21
DA:3542,14
DA:3543,7
DA:3545,14
DA:3547,14
DA:3548,7
DA:3550,14
DA:3552,14
DA:3553,7
DA:3555,14
DA:3558,21
DA:3562,14
DA:3563,7
DA:3567,14
DA:3568,7
DA:3572,14
DA:3573,7
DA:3577,7
DA:3578,14
DA:3581,14
DA:3582,7
DA:3584,6
DA:3585,6
DA:3586,6
DA:3587,6
DA:3588,6
DA:3589,6
DA:3590,6
DA:3591,6
DA:3592,6
DA:3593,6
DA:3594,6
DA:3595,6
DA:3596,6
DA:3597,6
DA:3598,6
DA:3599,6
DA:3600,6
DA:3601,6
DA:3602,6
DA:3603,6
DA:3604,6
DA:3605,6
DA:3606,6
DA:3607,6
DA:3609,7
DA:3610,14
DA:3611,7
DA:3614,2
DA:3616,2
DA:3617,2
DA:3618,2
DA:3619,8
DA:3621,0
DA:3623,2
DA:3624,8
DA:3626,2
DA:3627,8
DA:3629,0
DA:3631,2
DA:3632,8
DA:3634,2
DA:3635,8
DA:3637,2
DA:3638,8
DA:3640,2
DA:3641,2
DA:3642,6
DA:3644,2
DA:3645,8
DA:3647,2
DA:3648,8
DA:3650,0
DA:3652,2
DA:3653,8
DA:3655,2
DA:3656,8
DA:3658,2
DA:3659,8
DA:3661,2
DA:3662,2
DA:3663,6
DA:3665,2
DA:3666,2
DA:3667,6
DA:3669,2
DA:3670,2
DA:3671,6
DA:3673,2
DA:3674,2
DA:3675,6
DA:3677,2
DA:3678,2
DA:3679,6
DA:3681,2
DA:3682,2
DA:3683,6
DA:3688,6
DA:3689,6
DA:3690,2
DA:3692,0
DA:3693,2
DA:3694,10
DA:3695,10
DA:3696,10
DA:3697,10
DA:3698,10
DA:3699,10
DA:3700,10
DA:3701,10
DA:3702,2
DA:3703,12
DA:3704,10
DA:3705,10
DA:3706,10
DA:3707,10
DA:3708,4
DA:3709,10
DA:3710,4
DA:3711,10
DA:3712,2
DA:3713,12
DA:3715,10
DA:3717,10
DA:3719,10
DA:3721,10
DA:3722,10
DA:3724,10
DA:3728,0
DA:3730,0
DA:3733,12
DA:3735,12
DA:3736,12
DA:3737,14
DA:3739,14
DA:3741,14
DA:3769,0
DA:3794,2
DA:3818,2
DA:3819,2
DA:3820,2
DA:3821,0
DA:3846,0
DA:3847,0
DA:3848,0
DA:3849,0
DA:3850,0
DA:3851,0
DA:3852,0
DA:3853,0
DA:3854,0
DA:3855,0
DA:3856,0
DA:3857,0
DA:3858,0
DA:3859,0
DA:3860,0
DA:3861,0
DA:3862,0
DA:3863,0
DA:3864,0
DA:3865,0
DA:3866,0
DA:3867,0
DA:3868,0
DA:3869,0
DA:3873,0
DA:3897,0
DA:3898,0
DA:3899,0
DA:3900,0
DA:3901,0
DA:3902,0
DA:3903,0
DA:3904,0
DA:3905,0
DA:3906,0
DA:3907,0
DA:3908,0
DA:3909,0
DA:3910,0
DA:3911,0
DA:3912,0
DA:3913,0
DA:3914,0
DA:3915,0
DA:3916,0
DA:3917,0
DA:3918,0
DA:3919,0
DA:3920,0
DA:3924,2
DA:3926,2
DA:3927,4
DA:3928,8
DA:3930,4
DA:3931,8
DA:3933,4
DA:3934,8
DA:3936,4
DA:3937,8
DA:3939,4
DA:3940,12
DA:3942,4
DA:3943,8
DA:3945,4
DA:3946,8
DA:3948,4
DA:3949,8
DA:3951,4
DA:3952,8
DA:3954,4
DA:3955,8
DA:3957,4
DA:3958,8
DA:3960,4
DA:3961,8
DA:3963,4
DA:3964,8
DA:3966,4
DA:3967,2
DA:3968,10
DA:3970,4
DA:3971,2
DA:3972,10
DA:3974,4
DA:3975,12
DA:3977,4
DA:3978,8
DA:3980,4
DA:3981,8
DA:3983,4
DA:3984,8
DA:3986,4
DA:3987,8
DA:3989,4
DA:3990,8
DA:3992,4
DA:3993,8
DA:3995,4
DA:3996,0
DA:4001,0
DA:4003,0
DA:4004,0
DA:4005,0
DA:4006,0
DA:4007,0
DA:4008,0
DA:4009,0
DA:4010,0
DA:4011,0
DA:4012,0
DA:4013,0
DA:4014,0
DA:4015,0
DA:4016,0
DA:4017,0
DA:4018,0
DA:4019,0
DA:4020,0
DA:4021,0
DA:4022,0
DA:4023,0
DA:4024,0
DA:4025,0
DA:4026,0
DA:4027,0
DA:4028,0
DA:4036,8
DA:4039,6
DA:4040,12
DA:4043,18
DA:4047,18
DA:4051,18
DA:4055,6
DA:4056,12
DA:4059,6
DA:4060,12
DA:4061,6
DA:4062,42
DA:4063,6
DA:4064,12
DA:4065,6
DA:4068,0
DA:4070,0
DA:4071,0
DA:4072,0
DA:4073,0
DA:4075,0
DA:4077,0
DA:4078,0
DA:4080,0
DA:4082,0
DA:4083,0
DA:4085,0
DA:4086,0
DA:4088,0
DA:4089,0
DA:4091,0
DA:4093,0
DA:4094,0
DA:4096,0
DA:4101,6
DA:4102,6
DA:4103,0
DA:4105,0
DA:4106,0
DA:4107,0
DA:4108,0
DA:4109,0
DA:4110,0
DA:4111,0
DA:4112,0
DA:4116,0
DA:4118,0
DA:4130,0
DA:4139,0
DA:4147,0
DA:4148,0
DA:4149,0
DA:4150,0
DA:4151,0
DA:4160,0
DA:4161,0
DA:4162,0
DA:4163,0
DA:4164,0
DA:4165,0
DA:4166,0
DA:4167,0
DA:4171,0
DA:4179,0
DA:4180,0
DA:4181,0
DA:4182,0
DA:4183,0
DA:4184,0
DA:4185,0
DA:4186,0
DA:4190,0
DA:4192,0
DA:4193,0
DA:4194,0
DA:4196,0
DA:4197,0
DA:4199,0
DA:4200,0
DA:4202,0
DA:4203,0
DA:4205,0
DA:4206,0
DA:4208,0
DA:4209,0
DA:4211,0
DA:4212,0
DA:4217,0
DA:4219,0
DA:4220,0
DA:4221,0
DA:4222,0
DA:4223,0
DA:4224,0
DA:4225,0
DA:4226,0
DA:4227,0
DA:4228,0
DA:4236,8
DA:4239,7
DA:4240,14
DA:4243,7
DA:4244,14
DA:4247,7
DA:4248,14
DA:4251,21
DA:4255,21
DA:4259,21
DA:4261,7
DA:4262,49
DA:4263,7
DA:4264,14
DA:4265,7
DA:4268,0
DA:4270,0
DA:4271,0
DA:4272,0
DA:4273,0
DA:4275,0
DA:4277,0
DA:4278,0
DA:4280,0
DA:4282,0
DA:4283,0
DA:4285,0
DA:4287,0
DA:4288,0
DA:4290,0
DA:4292,0
DA:4293,0
DA:4295,0
DA:4296,0
DA:4301,7
DA:4302,7
DA:4303,0
DA:4305,0
DA:4306,0
DA:4307,0
DA:4308,0
DA:4309,0
DA:4310,0
DA:4311,0
DA:4312,0
DA:4316,0
DA:4318,0
DA:4330,0
DA:4339,0
DA:4347,0
DA:4348,0
DA:4349,0
DA:4350,0
DA:4351,0
DA:4360,0
DA:4361,0
DA:4362,0
DA:4363,0
DA:4364,0
DA:4365,0
DA:4366,0
DA:4367,0
DA:4371,0
DA:4379,0
DA:4380,0
DA:4381,0
DA:4382,0
DA:4383,0
DA:4384,0
DA:4385,0
DA:4386,0
DA:4390,0
DA:4392,0
DA:4393,0
DA:4394,0
DA:4396,0
DA:4397,0
DA:4399,0
DA:4400,0
DA:4402,0
DA:4403,0
DA:4405,0
DA:4406,0
DA:4408,0
DA:4409,0
DA:4411,0
DA:4412,0
DA:4417,0
DA:4419,0
DA:4420,0
DA:4421,0
DA:4422,0
DA:4423,0
DA:4424,0
DA:4425,0
DA:4426,0
DA:4427,0
DA:4428,0
DA:4433,16
DA:4434,0
DA:4435,16
DA:4436,16
DA:4437,16
DA:4438,16
DA:4439,16
DA:4440,16
DA:4441,16
DA:4442,16
DA:4443,16
DA:4444,16
DA:4445,16
DA:4446,16
DA:4447,16
DA:4448,16
DA:4449,16
DA:4450,16
DA:4451,16
DA:4452,16
DA:4453,2
DA:4454,4
DA:4455,8
DA:4456,8
DA:4457,8
DA:4458,8
DA:4459,8
DA:4460,8
DA:4461,8
DA:4462,8
DA:4463,8
DA:4464,8
DA:4465,8
DA:4466,8
DA:4467,8
DA:4468,8
DA:4469,8
DA:4470,8
DA:4471,8
DA:4472,8
DA:4473,8
DA:4474,8
DA:4476,3
DA:4509,0
DA:4516,0
DA:4518,0
DA:4519,0
DA:4521,0
DA:4522,0
DA:4524,0
DA:4525,0
DA:4527,0
DA:4528,0
DA:4530,0
DA:4531,0
DA:4535,0
DA:4542,0
DA:4544,0
DA:4545,0
DA:4547,0
DA:4548,0
DA:4550,0
DA:4551,0
DA:4553,0
DA:4554,0
DA:4556,0
DA:4557,0
DA:4561,0
DA:4568,0
DA:4570,0
DA:4572,0
DA:4573,0
DA:4575,0
DA:4576,0
DA:4578,0
DA:4579,0
DA:4581,0
DA:4582,0
DA:4597,0
DA:4598,0
DA:4601,0
DA:4602,0
DA:4603,0
DA:4604,0
DA:4613,0
DA:4622,0
DA:4631,0
DA:4640,0
DA:4681,0
DA:4688,0
DA:4690,0
DA:4691,0
DA:4693,0
DA:4694,0
DA:4696,0
DA:4697,0
DA:4699,0
DA:4701,0
DA:4702,0
DA:4704,0
DA:4705,0
DA:4707,0
DA:4708,0
DA:4712,0
DA:4719,0
DA:4721,0
DA:4722,0
DA:4724,0
DA:4725,0
DA:4727,0
DA:4728,0
DA:4730,0
DA:4731,0
DA:4733,0
DA:4734,0
DA:4736,0
DA:4737,0
DA:4739,0
DA:4740,0
DA:4744,0
DA:4751,0
DA:4753,0
DA:4754,0
DA:4756,0
DA:4757,0
DA:4759,0
DA:4760,0
DA:4762,0
DA:4764,0
DA:4765,0
DA:4767,0
DA:4769,0
DA:4784,0
DA:4785,0
DA:4788,0
DA:4789,0
DA:4790,0
DA:4791,0
DA:4802,0
DA:4813,0
DA:4824,0
DA:4835,0
DA:4874,0
DA:4881,0
DA:4883,0
DA:4884,0
DA:4886,0
DA:4887,0
DA:4889,0
DA:4890,0
DA:4892,0
DA:4893,0
DA:4895,0
DA:4896,0
DA:4898,0
DA:4899,0
DA:4903,0
DA:4910,0
DA:4912,0
DA:4913,0
DA:4915,0
DA:4916,0
DA:4918,0
DA:4919,0
DA:4921,0
DA:4922,0
DA:4924,0
DA:4925,0
DA:4927,0
DA:4928,0
DA:4932,0
DA:4939,0
DA:4941,0
DA:4943,0
DA:4945,0
DA:4946,0
DA:4948,0
DA:4949,0
DA:4951,0
DA:4952,0
DA:4954,0
DA:4955,0
DA:4970,0
DA:4971,0
DA:4974,0
DA:4975,0
DA:4976,0
DA:4977,0
DA:4987,0
DA:4997,0
DA:5007,0
DA:5017,0
DA:5054,0
DA:5061,0
DA:5063,0
DA:5064,0
DA:5066,0
DA:5067,0
DA:5069,0
DA:5070,0
DA:5072,0
DA:5073,0
DA:5075,0
DA:5076,0
DA:5080,0
DA:5087,0
DA:5089,0
DA:5090,0
DA:5092,0
DA:5093,0
DA:5095,0
DA:5096,0
DA:5098,0
DA:5099,0
DA:5101,0
DA:5102,0
DA:5106,0
DA:5113,0
DA:5115,0
DA:5116,0
DA:5118,0
DA:5119,0
DA:5121,0
DA:5122,0
DA:5124,0
DA:5126,0
DA:5141,0
DA:5142,0
DA:5145,0
DA:5146,0
DA:5147,0
DA:5148,0
DA:5157,0
DA:5166,0
DA:5175,0
DA:5184,0
DA:5223,0
DA:5230,0
DA:5232,0
DA:5233,0
DA:5235,0
DA:5236,0
DA:5238,0
DA:5239,0
DA:5241,0
DA:5242,0
DA:5244,0
DA:5245,0
DA:5247,0
DA:5248,0
DA:5252,0
DA:5259,0
DA:5261,0
DA:5262,0
DA:5264,0
DA:5265,0
DA:5267,0
DA:5268,0
DA:5270,0
DA:5271,0
DA:5273,0
DA:5274,0
DA:5276,0
DA:5277,0
DA:5281,0
DA:5288,0
DA:5290,0
DA:5292,0
DA:5294,0
DA:5296,0
DA:5297,0
DA:5299,0
DA:5300,0
DA:5302,0
DA:5303,0
DA:5318,0
DA:5319,0
DA:5322,0
DA:5323,0
DA:5324,0
DA:5325,0
DA:5335,0
DA:5345,0
DA:5355,0
DA:5365,0
DA:5402,0
DA:5409,0
DA:5411,0
DA:5412,0
DA:5414,0
DA:5415,0
DA:5417,0
DA:5418,0
DA:5420,0
DA:5421,0
DA:5423,0
DA:5424,0
DA:5428,0
DA:5435,0
DA:5437,0
DA:5438,0
DA:5440,0
DA:5441,0
DA:5443,0
DA:5444,0
DA:5446,0
DA:5447,0
DA:5449,0
DA:5450,0
DA:5454,0
DA:5461,0
DA:5463,0
DA:5464,0
DA:5466,0
DA:5467,0
DA:5469,0
DA:5470,0
DA:5472,0
DA:5474,0
DA:5475,0
DA:5490,0
DA:5491,0
DA:5494,0
DA:5495,0
DA:5496,0
DA:5497,0
DA:5506,0
DA:5515,0
DA:5524,0
DA:5533,0
DA:5590,0
DA:5592,0
DA:5594,0
DA:5595,0
DA:5597,0
DA:5598,0
DA:5599,0
DA:5601,0
DA:5602,0
DA:5607,0
DA:5614,0
DA:5616,0
DA:5617,0
DA:5619,0
DA:5620,0
DA:5622,0
DA:5623,0
DA:5625,0
DA:5627,0
DA:5628,0
DA:5630,0
DA:5631,0
DA:5633,0
DA:5634,0
DA:5636,0
DA:5637,0
DA:5639,0
DA:5640,0
DA:5642,0
DA:5643,0
DA:5645,0
DA:5646,0
DA:5648,0
DA:5649,0
DA:5651,0
DA:5652,0
DA:5654,0
DA:5655,0
DA:5657,0
DA:5658,0
DA:5660,0
DA:5661,0
DA:5663,0
DA:5664,0
DA:5665,0
DA:5666,0
DA:5667,0
DA:5668,0
DA:5669,0
DA:5674,0
DA:5679,0
DA:5686,0
DA:5688,0
DA:5689,0
DA:5691,0
DA:5692,0
DA:5694,0
DA:5695,0
DA:5697,0
DA:5698,0
DA:5700,0
DA:5701,0
DA:5703,0
DA:5704,0
DA:5706,0
DA:5707,0
DA:5709,0
DA:5710,0
DA:5712,0
DA:5713,0
DA:5715,0
DA:5716,0
DA:5718,0
DA:5719,0
DA:5721,0
DA:5722,0
DA:5724,0
DA:5725,0
DA:5727,0
DA:5728,0
DA:5730,0
DA:5731,0
DA:5735,0
DA:5742,0
DA:5744,0
DA:5745,0
DA:5747,0
DA:5748,0
DA:5750,0
DA:5751,0
DA:5753,0
DA:5755,0
DA:5756,0
DA:5758,0
DA:5759,0
DA:5761,0
DA:5762,0
DA:5764,0
DA:5766,0
DA:5767,0
DA:5769,0
DA:5770,0
DA:5772,0
DA:5774,0
DA:5775,0
DA:5777,0
DA:5779,0
DA:5781,0
DA:5783,0
DA:5785,0
DA:5787,0
DA:5788,0
DA:5789,0
DA:5790,0
DA:5791,0
DA:5792,0
DA:5793,0
DA:5798,0
DA:5814,0
DA:5815,0
DA:5818,0
DA:5819,0
DA:5820,0
DA:5821,0
DA:5840,0
DA:5859,0
DA:5878,0
DA:5897,0
DA:5898,0
DA:5899,0
DA:5900,0
DA:5902,0
DA:5904,0
DA:5905,0
DA:5907,0
DA:5909,0
DA:5910,0
DA:5911,0
DA:5912,0
DA:5913,0
DA:5954,0
DA:5961,0
DA:5963,0
DA:5964,0
DA:5966,0
DA:5967,0
DA:5969,0
DA:5970,0
DA:5972,0
DA:5973,0
DA:5975,0
DA:5976,0
DA:5980,0
DA:5987,0
DA:5989,0
DA:5990,0
DA:5992,0
DA:5993,0
DA:5995,0
DA:5996,0
DA:5998,0
DA:5999,0
DA:6001,0
DA:6002,0
DA:6006,0
DA:6013,0
DA:6015,0
DA:6016,0
DA:6018,0
DA:6019,0
DA:6021,0
DA:6022,0
DA:6024,0
DA:6026,0
DA:6041,0
DA:6042,0
DA:6045,0
DA:6046,0
DA:6047,0
DA:6048,0
DA:6057,0
DA:6066,0
DA:6075,0
DA:6084,0
DA:6126,0
DA:6128,0
DA:6129,0
DA:6131,0
DA:6132,0
DA:6134,0
DA:6135,0
DA:6137,0
DA:6142,0
DA:6149,0
DA:6151,0
DA:6152,0
DA:6154,0
DA:6155,0
DA:6157,0
DA:6158,0
DA:6160,0
DA:6161,0
DA:6163,0
DA:6164,0
DA:6166,0
DA:6167,0
DA:6169,0
DA:6170,0
DA:6172,0
DA:6173,0
DA:6174,0
DA:6175,0
DA:6176,0
DA:6177,0
DA:6178,0
DA:6188,0
DA:6195,0
DA:6197,0
DA:6198,0
DA:6200,0
DA:6201,0
DA:6203,0
DA:6204,0
DA:6206,0
DA:6207,0
DA:6209,0
DA:6210,0
DA:6212,0
DA:6213,0
DA:6215,0
DA:6216,0
DA:6218,0
DA:6219,0
DA:6220,0
DA:6221,0
DA:6222,0
DA:6223,0
DA:6224,0
DA:6234,0
DA:6241,0
DA:6243,0
DA:6244,0
DA:6246,0
DA:6247,0
DA:6249,0
DA:6250,0
DA:6252,0
DA:6254,0
DA:6255,0
DA:6257,0
DA:6259,0
DA:6260,0
DA:6262,0
DA:6263,0
DA:6264,0
DA:6265,0
DA:6266,0
DA:6267,0
DA:6268,0
DA:6289,0
DA:6290,0
DA:6293,0
DA:6294,0
DA:6295,0
DA:6296,0
DA:6307,0
DA:6318,0
DA:6329,0
DA:6340,0
DA:6341,0
DA:6342,0
DA:6343,0
DA:6345,0
DA:6348,0
DA:6350,0
DA:6352,0
DA:6353,0
DA:6354,0
DA:6360,0
DA:6361,0
DA:6402,0
DA:6409,0
DA:6411,0
DA:6412,0
DA:6414,0
DA:6415,0
DA:6417,0
DA:6418,0
DA:6420,0
DA:6421,0
DA:6423,0
DA:6424,0
DA:6426,0
DA:6427,0
DA:6431,0
DA:6438,0
DA:6440,0
DA:6441,0
DA:6443,0
DA:6444,0
DA:6446,0
DA:6447,0
DA:6449,0
DA:6450,0
DA:6452,0
DA:6453,0
DA:6455,0
DA:6456,0
DA:6460,0
DA:6467,0
DA:6469,0
DA:6471,0
DA:6473,0
DA:6475,0
DA:6476,0
DA:6478,0
DA:6479,0
DA:6481,0
DA:6482,0
DA:6497,0
DA:6498,0
DA:6501,0
DA:6502,0
DA:6503,0
DA:6504,0
DA:6514,0
DA:6524,0
DA:6534,0
DA:6544,0
DA:6581,0
DA:6588,0
DA:6590,0
DA:6591,0
DA:6593,0
DA:6594,0
DA:6596,0
DA:6597,0
DA:6599,0
DA:6600,0
DA:6602,0
DA:6603,0
DA:6607,0
DA:6614,0
DA:6616,0
DA:6617,0
DA:6619,0
DA:6620,0
DA:6622,0
DA:6623,0
DA:6625,0
DA:6626,0
DA:6628,0
DA:6629,0
DA:6633,0
DA:6640,0
DA:6642,0
DA:6644,0
DA:6646,0
DA:6647,0
DA:6649,0
DA:6650,0
DA:6652,0
DA:6653,0
DA:6668,0
DA:6669,0
DA:6672,0
DA:6673,0
DA:6674,0
DA:6675,0
DA:6684,0
DA:6693,0
DA:6702,0
DA:6711,0
DA:6750,0
DA:6757,0
DA:6759,0
DA:6760,0
DA:6762,0
DA:6763,0
DA:6765,0
DA:6766,0
DA:6768,0
DA:6770,0
DA:6771,0
DA:6773,0
DA:6774,0
DA:6778,0
DA:6785,0
DA:6787,0
DA:6788,0
DA:6790,0
DA:6791,0
DA:6793,0
DA:6794,0
DA:6796,0
DA:6797,0
DA:6799,0
DA:6800,0
DA:6802,0
DA:6803,0
DA:6807,0
DA:6814,0
DA:6816,0
DA:6817,0
DA:6819,0
DA:6820,0
DA:6822,0
DA:6823,0
DA:6825,0
DA:6827,0
DA:6829,0
DA:6830,0
DA:6845,0
DA:6846,0
DA:6849,0
DA:6850,0
DA:6851,0
DA:6852,0
DA:6862,0
DA:6872,0
DA:6882,0
DA:6892,0
DA:6937,0
DA:6944,0
DA:6946,0
DA:6947,0
DA:6949,0
DA:6950,0
DA:6952,0
DA:6953,0
DA:6955,0
DA:6956,0
DA:6958,0
DA:6960,0
DA:6961,0
DA:6963,0
DA:6964,0
DA:6966,0
DA:6968,0
DA:6969,0
DA:6973,0
DA:6980,0
DA:6982,0
DA:6983,0
DA:6985,0
DA:6986,0
DA:6988,0
DA:6989,0
DA:6991,0
DA:6992,0
DA:6994,0
DA:6995,0
DA:6997,0
DA:6998,0
DA:7000,0
DA:7001,0
DA:7003,0
DA:7004,0
DA:7006,0
DA:7007,0
DA:7011,0
DA:7018,0
DA:7020,0
DA:7021,0
DA:7023,0
DA:7024,0
DA:7026,0
DA:7027,0
DA:7029,0
DA:7031,0
DA:7033,0
DA:7034,0
DA:7036,0
DA:7038,0
DA:7040,0
DA:7041,0
DA:7056,0
DA:7057,0
DA:7060,0
DA:7061,0
DA:7062,0
DA:7063,0
DA:7076,0
DA:7089,0
DA:7102,0
DA:7115,0
DA:7154,0
DA:7161,0
DA:7163,0
DA:7164,0
DA:7166,0
DA:7167,0
DA:7169,0
DA:7170,0
DA:7172,0
DA:7174,0
DA:7175,0
DA:7177,0
DA:7178,0
DA:7182,0
DA:7189,0
DA:7191,0
DA:7192,0
DA:7194,0
DA:7195,0
DA:7197,0
DA:7198,0
DA:7200,0
DA:7201,0
DA:7203,0
DA:7204,0
DA:7206,0
DA:7207,0
DA:7211,0
DA:7218,0
DA:7220,0
DA:7221,0
DA:7223,0
DA:7224,0
DA:7226,0
DA:7227,0
DA:7229,0
DA:7231,0
DA:7233,0
DA:7248,0
DA:7249,0
DA:7252,0
DA:7253,0
DA:7254,0
DA:7255,0
DA:7265,0
DA:7275,0
DA:7285,0
DA:7295,0
DA:7332,0
DA:7339,0
DA:7341,0
DA:7342,0
DA:7344,0
DA:7345,0
DA:7347,0
DA:7348,0
DA:7350,0
DA:7351,0
DA:7353,0
DA:7354,0
DA:7358,0
DA:7365,0
DA:7367,0
DA:7368,0
DA:7370,0
DA:7371,0
DA:7373,0
DA:7374,0
DA:7376,0
DA:7377,0
DA:7379,0
DA:7380,0
DA:7384,0
DA:7391,0
DA:7393,0
DA:7394,0
DA:7396,0
DA:7397,0
DA:7399,0
DA:7400,0
DA:7402,0
DA:7403,0
DA:7405,0
DA:7406,0
DA:7421,0
DA:7422,0
DA:7425,0
DA:7426,0
DA:7427,0
DA:7428,0
DA:7437,0
DA:7446,0
DA:7455,0
DA:7464,0
DA:7533,0
DA:7540,0
DA:7542,0
DA:7543,0
DA:7545,0
DA:7546,0
DA:7548,0
DA:7549,0
DA:7551,0
DA:7552,0
DA:7554,0
DA:7555,0
DA:7557,0
DA:7558,0
DA:7560,0
DA:7561,0
DA:7563,0
DA:7564,0
DA:7566,0
DA:7567,0
DA:7569,0
DA:7570,0
DA:7572,0
DA:7573,0
DA:7575,0
DA:7576,0
DA:7578,0
DA:7579,0
DA:7581,0
DA:7582,0
DA:7584,0
DA:7585,0
DA:7587,0
DA:7588,0
DA:7590,0
DA:7591,0
DA:7593,0
DA:7594,0
DA:7596,0
DA:7597,0
DA:7599,0
DA:7600,0
DA:7602,0
DA:7603,0
DA:7607,0
DA:7614,0
DA:7616,0
DA:7617,0
DA:7619,0
DA:7620,0
DA:7622,0
DA:7623,0
DA:7625,0
DA:7626,0
DA:7628,0
DA:7629,0
DA:7631,0
DA:7632,0
DA:7634,0
DA:7635,0
DA:7637,0
DA:7638,0
DA:7640,0
DA:7641,0
DA:7643,0
DA:7644,0
DA:7646,0
DA:7647,0
DA:7649,0
DA:7650,0
DA:7652,0
DA:7653,0
DA:7655,0
DA:7656,0
DA:7658,0
DA:7659,0
DA:7661,0
DA:7662,0
DA:7664,0
DA:7665,0
DA:7667,0
DA:7668,0
DA:7670,0
DA:7671,0
DA:7673,0
DA:7674,0
DA:7676,0
DA:7677,0
DA:7681,0
DA:7688,0
DA:7690,0
DA:7691,0
DA:7693,0
DA:7695,0
DA:7696,0
DA:7698,0
DA:7699,0
DA:7701,0
DA:7702,0
DA:7704,0
DA:7705,0
DA:7707,0
DA:7708,0
DA:7710,0
DA:7711,0
DA:7713,0
DA:7714,0
DA:7716,0
DA:7717,0
DA:7719,0
DA:7720,0
DA:7722,0
DA:7724,0
DA:7725,0
DA:7727,0
DA:7728,0
DA:7730,0
DA:7731,0
DA:7733,0
DA:7734,0
DA:7736,0
DA:7737,0
DA:7739,0
DA:7740,0
DA:7742,0
DA:7743,0
DA:7745,0
DA:7746,0
DA:7748,0
DA:7749,0
DA:7764,0
DA:7765,0
DA:7768,0
DA:7769,0
DA:7770,0
DA:7771,0
DA:7796,0
DA:7821,0
DA:7846,0
DA:7871,0
DA:7908,0
DA:7915,0
DA:7917,0
DA:7918,0
DA:7920,0
DA:7921,0
DA:7923,0
DA:7924,0
DA:7926,0
DA:7927,0
DA:7929,0
DA:7930,0
DA:7934,0
DA:7941,0
DA:7943,0
DA:7944,0
DA:7946,0
DA:7947,0
DA:7949,0
DA:7950,0
DA:7952,0
DA:7953,0
DA:7955,0
DA:7956,0
DA:7960,0
DA:7967,0
DA:7969,0
DA:7970,0
DA:7972,0
DA:7973,0
DA:7975,0
DA:7976,0
DA:7978,0
DA:7980,0
DA:7995,0
DA:7996,0
DA:7999,0
DA:8000,0
DA:8001,0
DA:8002,0
DA:8011,0
DA:8020,0
DA:8029,0
DA:8038,0
DA:8075,0
DA:8082,0
DA:8084,0
DA:8085,0
DA:8087,0
DA:8088,0
DA:8090,0
DA:8091,0
DA:8093,0
DA:8094,0
DA:8096,0
DA:8097,0
DA:8101,0
DA:8108,0
DA:8110,0
DA:8111,0
DA:8113,0
DA:8114,0
DA:8116,0
DA:8117,0
DA:8119,0
DA:8120,0
DA:8122,0
DA:8123,0
DA:8127,0
DA:8134,0
DA:8136,0
DA:8138,0
DA:8140,0
DA:8141,0
DA:8143,0
DA:8144,0
DA:8146,0
DA:8147,0
DA:8162,0
DA:8163,0
DA:8166,0
DA:8167,0
DA:8168,0
DA:8169,0
DA:8178,0
DA:8187,0
DA:8196,0
DA:8205,0
DA:8225,0
DA:8226,0
DA:8227,0
DA:8228,0
DA:8229,0
DA:8230,0
DA:8231,0
DA:8232,0
DA:8233,0
DA:8234,0
DA:8235,0
DA:8236,0
DA:8237,0
DA:8238,0
DA:8239,0
DA:8240,0
DA:8241,0
DA:8242,0
DA:8243,0
DA:8244,0
DA:8245,0
DA:8246,0
DA:8247,0
DA:8248,0
DA:8249,0
DA:8250,0
DA:8251,0
LF:3349
LH:665
end_of_record
SF:lib/infrastructure/persistence/shared/contexts/drift/drift_app_context.dart
DA:51,0
DA:52,4
DA:82,1
DA:86,2
DA:89,16
DA:92,0
DA:97,3
DA:99,6
DA:102,8
DA:106,2
DA:107,2
DA:108,0
DA:110,2
DA:111,0
DA:113,2
DA:120,0
DA:124,0
DA:129,4
DA:130,0
DA:135,8
DA:137,16
DA:139,0
DA:142,0
DA:147,2
DA:151,0
DA:152,0
DA:154,0
DA:155,0
DA:156,0
DA:157,0
DA:158,0
DA:161,0
DA:162,0
DA:165,0
DA:171,2
DA:174,4
DA:175,2
DA:176,0
DA:180,2
DA:182,2
DA:184,2
DA:185,0
DA:188,8
DA:190,0
DA:195,0
DA:196,0
DA:199,0
DA:200,0
DA:202,0
DA:203,0
DA:206,0
DA:207,0
DA:208,0
DA:209,0
DA:214,0
DA:217,0
DA:218,0
DA:224,0
DA:226,0
DA:231,0
DA:232,0
DA:234,0
DA:237,0
DA:241,0
DA:244,0
DA:247,0
DA:248,0
DA:252,0
DA:254,0
DA:257,0
DA:264,0
DA:268,0
DA:269,0
DA:271,0
DA:272,0
DA:273,0
DA:274,0
DA:275,0
DA:278,0
DA:279,0
DA:285,0
DA:290,8
DA:292,8
DA:293,6
DA:295,24
DA:296,6
DA:297,6
DA:298,12
DA:300,0
DA:304,8
DA:308,0
DA:309,0
DA:310,0
DA:311,0
DA:312,0
DA:317,8
DA:320,8
DA:323,8
DA:324,10
DA:325,18
DA:326,24
DA:329,0
DA:333,2
DA:335,6
DA:338,2
DA:341,2
DA:344,2
DA:347,4
DA:348,2
DA:349,1
DA:350,4
DA:352,1
DA:354,2
DA:357,2
DA:359,1
DA:361,2
DA:364,1
DA:389,2
DA:391,1
DA:393,1
DA:407,1
DA:409,4
DA:411,1
DA:413,4
DA:415,1
DA:418,2
DA:421,1
DA:423,2
DA:424,1
DA:426,0
DA:427,0
DA:428,0
DA:430,0
DA:431,0
DA:432,0
DA:433,0
DA:436,0
DA:437,0
DA:438,0
DA:440,0
DA:441,0
DA:442,0
DA:443,0
DA:450,0
DA:452,0
DA:453,0
DA:454,0
DA:460,0
DA:464,1
DA:465,1
DA:467,1
DA:481,1
DA:501,1
DA:502,1
DA:504,1
DA:506,1
DA:520,1
DA:522,1
DA:525,4
DA:526,4
DA:528,1
DA:530,4
DA:532,1
DA:534,1
DA:537,1
DA:549,1
DA:555,1
DA:557,1
DA:559,4
DA:561,1
DA:563,2
DA:564,2
DA:566,1
DA:568,4
DA:569,4
DA:572,4
DA:573,4
DA:574,4
DA:576,1
DA:578,1
DA:585,1
DA:593,1
DA:601,1
DA:607,1
DA:609,4
DA:611,1
DA:613,4
DA:614,4
DA:615,4
DA:616,4
DA:617,4
DA:618,4
DA:619,4
DA:621,1
DA:623,4
DA:624,4
DA:625,4
DA:627,1
DA:630,1
DA:632,1
DA:635,0
DA:639,1
DA:641,1
DA:643,5
DA:647,4
DA:650,1
DA:656,2
DA:659,0
DA:663,2
DA:665,8
DA:668,2
DA:679,2
DA:686,2
DA:688,2
DA:691,0
DA:695,2
DA:699,2
DA:701,4
DA:702,2
DA:703,0
DA:707,2
DA:717,2
DA:746,2
DA:753,4
DA:754,4
DA:755,6
DA:758,2
DA:759,2
DA:761,0
DA:765,2
DA:767,2
DA:781,2
DA:788,2
DA:789,2
DA:792,8
DA:795,2
DA:799,2
DA:812,2
DA:815,2
DA:817,2
DA:820,2
DA:824,2
DA:826,2
DA:828,10
DA:832,8
DA:835,2
DA:843,2
DA:846,2
DA:848,2
DA:851,0
DA:855,2
DA:858,2
DA:860,6
DA:861,6
DA:864,4
DA:865,4
DA:866,6
DA:869,2
DA:872,2
DA:874,2
DA:875,0
DA:877,0
DA:878,0
DA:883,2
DA:898,2
DA:899,2
DA:924,2
DA:938,0
DA:955,4
DA:956,4
DA:960,4
DA:961,4
DA:963,2
DA:964,0
DA:965,0
DA:968,2
DA:969,0
DA:970,0
DA:973,2
DA:976,2
DA:979,2
DA:984,4
DA:985,4
DA:988,2
DA:992,2
DA:993,2
DA:1007,2
DA:1015,4
DA:1016,4
DA:1017,2
DA:1018,2
DA:1019,0
DA:1022,2
DA:1025,0
DA:1040,2
DA:1043,0
DA:1047,2
DA:1049,8
DA:1051,2
DA:1056,4
DA:1058,2
DA:1087,2
DA:1108,2
DA:1111,2
DA:1114,2
DA:1117,2
DA:1119,6
DA:1122,0
DA:1123,0
DA:1130,1
DA:1131,2
DA:1134,4
DA:1136,0
DA:1137,0
DA:1138,0
DA:1140,1
DA:1145,0
DA:1146,0
DA:1147,0
DA:1148,0
LF:320
LH:209
end_of_record
SF:lib/core/application/features/app_usages/models/app_usage_time_record_with_details.dart
DA:12,0
LF:1
LH:0
end_of_record
SF:lib/core/application/features/app_usages/queries/get_list_app_usage_tags_query.dart
DA:13,0
DA:23,0
DA:28,0
DA:37,0
DA:42,0
DA:44,0
DA:45,0
DA:46,0
DA:47,0
DA:50,0
DA:51,0
DA:52,0
DA:53,0
DA:54,0
DA:55,0
DA:56,0
DA:57,0
DA:58,0
DA:61,0
DA:63,0
DA:64,0
DA:65,0
LF:22
LH:0
end_of_record
SF:lib/core/domain/features/app_usages/app_usage_tag.dart
DA:9,0
DA:17,0
DA:18,0
DA:19,0
DA:20,0
DA:21,0
DA:24,0
DA:25,0
DA:26,0
DA:27,0
DA:28,0
DA:29,0
DA:30,0
DA:31,0
LF:14
LH:0
end_of_record
SF:lib/core/domain/features/tags/tag.dart
DA:10,1
DA:20,0
DA:21,0
DA:22,0
DA:23,0
DA:24,0
DA:25,0
DA:28,0
DA:29,0
DA:30,0
DA:31,0
DA:32,0
DA:33,0
DA:34,0
DA:35,0
DA:36,0
LF:16
LH:1
end_of_record
SF:lib/core/domain/features/app_usages/app_usage_ignore_rule.dart
DA:9,1
DA:18,0
DA:19,0
DA:20,0
DA:21,0
DA:22,0
DA:25,0
DA:26,0
DA:27,0
DA:28,0
DA:29,0
DA:30,0
DA:31,0
DA:32,0
LF:14
LH:1
end_of_record
SF:lib/core/domain/features/app_usages/app_usage.dart
DA:11,0
DA:22,0
DA:23,0
DA:24,0
DA:25,0
DA:26,0
DA:27,0
DA:28,0
DA:31,0
DA:32,0
DA:33,0
DA:34,0
DA:35,0
DA:36,0
DA:37,0
DA:38,0
DA:39,0
DA:40,0
LF:18
LH:0
end_of_record
SF:lib/core/application/features/tags/models/tag_time_data.dart
DA:10,0
DA:18,0
DA:25,0
DA:26,0
DA:27,0
DA:28,0
DA:29,0
DA:30,0
LF:8
LH:0
end_of_record
SF:lib/core/domain/features/app_usages/app_usage_tag_rule.dart
DA:10,0
DA:20,0
DA:21,0
DA:22,0
DA:23,0
DA:24,0
DA:25,0
DA:28,0
DA:29,0
DA:30,0
DA:31,0
DA:32,0
DA:33,0
DA:34,0
DA:35,0
DA:36,0
LF:16
LH:0
end_of_record
SF:lib/core/domain/features/app_usages/app_usage_time_record.dart
DA:10,0
DA:20,0
DA:21,0
DA:22,0
DA:23,0
DA:24,0
DA:25,0
DA:28,0
DA:31,0
DA:32,0
DA:33,0
DA:34,0
DA:36,0
DA:39,0
DA:40,0
DA:41,0
DA:42,0
DA:43,0
DA:44,0
DA:46,0
LF:20
LH:0
end_of_record
SF:lib/core/domain/features/habits/habit_record.dart
DA:9,4
DA:19,0
DA:20,0
DA:23,0
DA:24,0
DA:25,0
DA:26,0
DA:27,0
DA:30,0
DA:31,0
DA:32,0
DA:33,0
DA:34,0
DA:35,0
DA:36,0
DA:37,0
LF:16
LH:1
end_of_record
SF:lib/core/domain/features/habits/habit.dart
DA:28,0
DA:50,0
DA:52,0
DA:53,0
DA:58,0
DA:59,0
DA:64,0
DA:65,0
DA:66,0
DA:67,0
DA:74,0
DA:79,0
DA:82,0
DA:83,0
DA:87,0
DA:88,0
DA:92,0
DA:93,0
DA:98,0
DA:99,0
DA:100,0
DA:107,0
DA:108,0
DA:109,0
DA:115,0
DA:116,0
DA:120,0
DA:121,0
DA:122,0
DA:124,0
DA:128,0
DA:129,0
DA:132,0
DA:136,0
DA:137,0
DA:141,0
DA:143,0
DA:149,0
DA:150,0
DA:154,0
DA:155,0
DA:159,0
DA:160,0
DA:161,0
DA:165,0
DA:167,0
DA:173,0
DA:176,0
DA:177,0
DA:181,0
DA:182,0
DA:186,0
DA:187,0
DA:190,0
DA:191,0
DA:192,0
DA:193,0
DA:194,0
DA:195,0
DA:196,0
DA:197,0
DA:198,0
DA:199,0
DA:200,0
DA:201,0
DA:202,0
DA:203,0
DA:204,0
DA:207,0
DA:210,0
DA:211,0
DA:212,0
DA:217,0
DA:218,0
DA:219,0
DA:224,0
DA:225,0
DA:226,0
DA:231,0
DA:232,0
DA:233,0
DA:238,0
DA:239,0
DA:240,0
DA:243,0
DA:244,0
DA:245,0
DA:246,0
DA:247,0
DA:248,0
DA:249,0
DA:251,0
DA:252,0
DA:253,0
DA:254,0
DA:255,0
LF:96
LH:0
end_of_record
SF:lib/core/domain/features/habits/habit_tag.dart
DA:9,0
DA:18,0
DA:19,0
DA:20,0
DA:21,0
DA:22,0
DA:25,0
DA:26,0
DA:27,0
DA:28,0
DA:29,0
DA:30,0
DA:31,0
DA:32,0
LF:14
LH:0
end_of_record
SF:lib/core/domain/features/habits/habit_time_record.dart
DA:11,1
DA:22,1
DA:23,1
DA:24,1
DA:25,2
DA:26,2
DA:27,3
DA:28,2
DA:31,1
DA:34,1
DA:35,1
DA:36,1
DA:39,1
DA:40,1
DA:41,2
DA:42,1
DA:43,1
DA:44,1
DA:46,3
DA:47,1
LF:20
LH:20
end_of_record
SF:lib/core/domain/features/notes/note.dart
DA:13,0
DA:24,0
DA:25,0
DA:26,0
DA:27,0
DA:28,0
DA:29,0
DA:30,0
DA:33,0
DA:34,0
DA:35,0
DA:36,0
DA:37,0
DA:38,0
DA:39,0
DA:40,0
DA:41,0
DA:42,0
LF:18
LH:0
end_of_record
SF:lib/core/domain/features/notes/note_tag.dart
DA:11,0
DA:21,0
DA:22,0
DA:23,0
DA:24,0
DA:25,0
DA:26,0
DA:29,0
DA:30,0
DA:31,0
DA:32,0
DA:33,0
DA:34,0
DA:35,0
DA:36,0
DA:37,0
LF:16
LH:0
end_of_record
SF:lib/core/domain/features/settings/setting.dart
DA:12,1
DA:21,1
DA:22,1
DA:23,1
DA:24,0
DA:25,1
DA:26,2
DA:27,0
DA:28,0
DA:29,0
DA:30,0
DA:31,0
DA:33,0
DA:37,0
DA:38,0
DA:39,0
DA:40,0
DA:41,0
DA:42,0
DA:45,0
DA:46,0
DA:47,0
DA:48,0
DA:49,0
DA:50,0
DA:51,0
DA:52,0
DA:53,0
LF:28
LH:6
end_of_record
SF:lib/core/application/features/sync/models/paginated_sync_data.dart
DA:29,1
DA:39,0
DA:40,0
DA:41,0
DA:42,0
DA:43,0
DA:44,0
DA:45,0
DA:46,0
DA:49,0
DA:50,0
DA:51,0
DA:52,0
DA:53,0
DA:54,0
DA:55,0
DA:56,0
DA:57,0
DA:104,1
DA:114,0
DA:115,0
DA:116,0
DA:117,0
DA:118,0
DA:119,0
DA:120,0
DA:121,0
DA:124,0
DA:125,0
DA:126,0
DA:127,0
DA:128,0
DA:129,0
DA:130,0
DA:131,0
DA:132,0
LF:36
LH:2
end_of_record
SF:lib/core/application/features/sync/models/sync_data.dart
DA:28,2
DA:35,1
DA:36,8
DA:39,0
DA:40,0
DA:41,0
DA:42,0
DA:45,0
DA:46,0
DA:47,0
DA:48,0
DA:49,0
DA:50,0
DA:51,0
DA:52,0
DA:53,0
DA:54,0
DA:55,0
DA:56,0
DA:57,0
DA:58,0
DA:63,0
DA:64,0
DA:65,0
DA:66,0
DA:67,0
DA:68,0
DA:69,0
DA:70,0
DA:71,0
DA:72,0
DA:73,0
DA:74,0
DA:75,0
DA:76,0
DA:77,0
DA:78,0
DA:79,0
DA:80,0
DA:84,0
DA:87,0
DA:89,0
DA:93,0
DA:96,0
LF:44
LH:3
end_of_record
SF:lib/core/domain/features/tags/tag_tag.dart
DA:9,0
DA:17,0
DA:18,0
DA:19,0
DA:20,0
DA:21,0
DA:24,0
DA:25,0
DA:26,0
DA:27,0
DA:28,0
DA:29,0
DA:30,0
DA:31,0
LF:14
LH:0
end_of_record
SF:lib/core/domain/features/tasks/task.dart
DA:72,12
DA:75,1
DA:76,3
DA:80,0
DA:81,0
DA:84,11
DA:110,1
DA:111,1
DA:112,1
DA:115,7
DA:118,0
DA:119,0
DA:120,0
DA:121,0
DA:122,0
DA:123,0
DA:124,0
DA:125,0
DA:126,0
DA:127,0
DA:128,0
DA:129,0
DA:130,0
DA:131,0
DA:132,0
DA:133,0
DA:134,0
DA:135,0
DA:136,0
DA:137,0
DA:138,0
DA:139,0
DA:144,3
DA:168,3
DA:169,3
DA:170,2
DA:171,2
DA:172,3
DA:173,2
DA:174,2
DA:175,2
DA:176,3
DA:177,3
DA:178,2
DA:179,2
DA:180,3
DA:181,2
DA:182,2
DA:183,2
DA:184,2
DA:185,3
DA:186,3
DA:187,3
DA:188,3
DA:189,2
DA:190,3
DA:195,0
DA:198,0
DA:200,0
DA:205,0
DA:212,0
DA:213,0
DA:214,0
DA:219,0
DA:220,0
DA:221,0
DA:226,0
DA:227,0
DA:228,0
DA:233,0
DA:234,0
DA:235,0
DA:239,0
DA:240,0
DA:243,0
DA:244,0
DA:246,0
DA:247,0
DA:250,0
DA:254,0
DA:255,0
DA:256,0
DA:258,0
DA:259,0
DA:260,0
DA:261,0
DA:262,0
DA:265,0
DA:266,0
DA:267,0
DA:268,0
DA:269,0
DA:270,0
DA:271,0
DA:273,0
DA:274,0
DA:277,0
DA:283,0
DA:285,0
DA:287,0
DA:289,0
DA:292,0
DA:293,0
DA:294,0
LF:104
LH:32
end_of_record
SF:lib/core/domain/features/tasks/task_tag.dart
DA:9,5
DA:17,0
DA:18,0
DA:19,0
DA:20,0
DA:21,0
DA:24,0
DA:25,0
DA:26,0
DA:27,0
DA:28,0
DA:29,0
DA:30,0
DA:31,0
LF:14
LH:1
end_of_record
SF:lib/core/domain/features/tasks/task_time_record.dart
DA:9,3
DA:18,0
DA:19,0
DA:20,0
DA:21,0
DA:22,0
DA:25,0
DA:28,0
DA:29,0
DA:30,0
DA:33,0
DA:34,0
DA:35,0
DA:36,0
DA:37,0
DA:38,0
LF:16
LH:1
end_of_record
SF:lib/core/domain/features/sync/sync_device.dart
DA:13,3
DA:26,0
DA:27,0
DA:28,0
DA:29,0
DA:30,0
DA:31,0
DA:32,0
DA:33,0
DA:34,0
DA:35,0
DA:36,0
DA:37,0
DA:41,0
DA:42,0
DA:43,0
DA:44,0
DA:45,0
DA:46,0
DA:47,0
DA:48,0
DA:49,0
DA:50,0
DA:51,0
DA:52,0
LF:25
LH:1
end_of_record
SF:lib/core/shared/utils/logger.dart
DA:27,0
DA:32,0
DA:38,12
DA:44,0
DA:45,0
DA:49,0
DA:58,12
DA:59,12
DA:62,0
DA:63,0
DA:65,0
DA:66,0
DA:68,0
DA:69,0
DA:71,0
DA:72,0
DA:74,0
DA:75,0
DA:80,36
DA:86,8
DA:87,8
DA:91,6
DA:92,6
DA:96,6
DA:97,6
DA:101,6
DA:102,6
DA:106,0
DA:107,0
LF:29
LH:12
end_of_record
SF:lib/core/application/features/tasks/models/task_query_filter.dart
DA:22,37
DA:41,0
DA:59,0
DA:60,0
DA:61,0
DA:62,0
DA:63,0
DA:64,0
DA:65,0
DA:66,0
DA:67,0
DA:68,0
DA:69,0
DA:70,0
DA:71,0
DA:72,0
DA:73,0
DA:74,0
DA:75,0
LF:19
LH:1
end_of_record
SF:lib/core/application/features/tasks/services/abstraction/i_task_repository.dart
DA:26,0
DA:32,0
LF:2
LH:0
end_of_record
SF:lib/core/domain/features/tasks/models/task_with_total_duration.dart
DA:8,3
LF:1
LH:1
end_of_record
SF:lib/core/application/shared/utils/key_helper.dart
DA:4,3
DA:5,3
DA:13,0
DA:14,0
DA:15,0
DA:17,0
LF:6
LH:2
end_of_record
SF:lib/core/domain/shared/constants/app_assets.dart
DA:14,0
DA:17,0
DA:18,0
DA:19,0
DA:20,0
DA:23,0
LF:6
LH:0
end_of_record
SF:lib/infrastructure/persistence/features/app_usages/drift_app_usage_ignore_rule_repository.dart
DA:9,0
DA:10,0
DA:11,0
DA:12,0
DA:13,0
DA:14,0
DA:16,0
DA:17,0
DA:22,0
DA:24,0
DA:26,0
DA:29,0
DA:31,0
DA:32,0
DA:33,0
DA:34,0
DA:35,0
DA:36,0
DA:37,0
LF:19
LH:0
end_of_record
SF:lib/infrastructure/persistence/shared/repositories/drift/drift_base_repository.dart
DA:17,2
DA:22,1
DA:27,1
DA:28,2
DA:29,1
DA:31,3
DA:33,1
DA:34,0
DA:35,0
DA:37,2
DA:38,3
DA:39,1
DA:40,4
DA:41,1
DA:42,2
DA:44,1
DA:45,1
DA:46,1
DA:48,2
DA:49,3
DA:50,1
DA:51,4
DA:53,1
DA:54,2
DA:56,1
DA:57,2
DA:64,0
DA:69,0
DA:70,0
DA:71,0
DA:73,0
DA:74,0
DA:75,0
DA:76,0
DA:79,0
DA:82,0
DA:83,0
DA:84,0
DA:85,0
DA:87,0
DA:88,0
DA:89,0
DA:92,0
DA:93,0
DA:94,0
DA:95,0
DA:96,0
DA:97,0
DA:98,0
DA:100,0
DA:101,0
DA:102,0
DA:105,0
DA:111,0
DA:113,0
DA:115,0
DA:117,0
DA:119,0
DA:120,0
DA:121,0
DA:122,0
DA:123,0
DA:125,0
DA:127,0
DA:128,0
DA:131,0
DA:134,0
DA:136,0
DA:137,0
DA:138,0
DA:140,0
DA:142,0
DA:143,0
DA:144,0
DA:145,0
DA:146,0
DA:148,0
DA:149,0
DA:152,2
DA:154,6
DA:155,10
DA:156,4
DA:159,2
DA:161,6
DA:162,2
DA:163,18
DA:166,1
DA:168,3
DA:169,1
DA:170,9
DA:173,0
DA:175,0
DA:176,0
DA:177,0
DA:178,0
DA:183,0
DA:190,0
DA:193,0
DA:197,0
DA:200,0
DA:201,0
DA:205,0
DA:206,0
DA:207,0
DA:209,0
DA:210,0
DA:211,0
DA:216,0
DA:217,0
DA:218,0
DA:223,0
DA:224,0
DA:225,0
DA:229,0
DA:230,0
DA:231,0
DA:234,0
DA:235,0
DA:236,0
DA:238,0
DA:239,0
DA:240,0
DA:241,0
DA:244,0
DA:247,0
DA:248,0
DA:249,0
DA:252,0
DA:254,0
DA:257,0
DA:258,0
DA:259,0
DA:261,0
DA:262,0
DA:263,0
DA:264,0
DA:265,0
DA:266,0
DA:269,0
DA:272,0
DA:273,0
DA:274,0
DA:276,0
DA:277,0
DA:278,0
DA:279,0
DA:281,0
DA:285,0
DA:286,0
DA:287,0
DA:289,0
DA:290,0
DA:291,0
DA:292,0
DA:297,0
DA:303,0
DA:304,0
DA:306,0
DA:313,0
DA:318,0
DA:319,0
DA:320,0
DA:324,0
DA:326,0
DA:330,0
DA:331,0
DA:334,0
DA:336,0
DA:337,0
DA:338,0
DA:340,0
DA:345,1
DA:346,1
DA:347,1
DA:348,0
DA:349,0
DA:350,0
DA:351,0
DA:352,0
DA:353,0
DA:354,0
DA:355,0
DA:356,0
DA:357,0
DA:358,0
DA:359,0
DA:360,0
DA:361,0
DA:363,0
DA:367,0
DA:369,0
LF:191
LH:39
end_of_record
SF:lib/infrastructure/persistence/features/app_usages/drift_app_usage_repository.dart
DA:10,0
DA:11,0
DA:12,0
DA:13,0
DA:14,0
DA:15,0
DA:16,0
DA:17,0
DA:19,0
DA:20,0
DA:25,0
DA:27,0
DA:29,0
DA:32,0
DA:34,0
DA:35,0
DA:36,0
DA:37,0
DA:38,0
DA:39,0
DA:40,0
DA:41,0
DA:42,0
DA:46,0
DA:51,0
DA:52,0
DA:53,0
DA:54,0
DA:55,0
DA:56,0
DA:57,0
DA:58,0
DA:61,0
DA:69,0
DA:106,0
DA:111,0
DA:113,0
DA:117,0
DA:118,0
DA:119,0
DA:120,0
DA:121,0
DA:122,0
DA:123,0
DA:128,0
DA:129,0
DA:130,0
DA:131,0
DA:132,0
DA:133,0
DA:134,0
DA:135,0
DA:136,0
DA:137,0
DA:139,0
DA:159,0
DA:161,0
DA:162,0
DA:163,0
DA:164,0
DA:165,0
DA:169,0
DA:170,0
LF:63
LH:0
end_of_record
SF:lib/infrastructure/persistence/features/app_usages/drift_app_usage_tag_repository.dart
DA:12,0
DA:13,0
DA:14,0
DA:15,0
DA:16,0
DA:17,0
DA:19,0
DA:20,0
DA:25,0
DA:27,0
DA:29,0
DA:32,0
DA:34,0
DA:35,0
DA:36,0
DA:37,0
DA:38,0
DA:39,0
DA:40,0
DA:44,0
DA:46,0
DA:47,0
DA:48,0
DA:49,0
DA:51,0
DA:52,0
DA:53,0
DA:54,0
DA:55,0
DA:56,0
DA:58,0
DA:66,0
DA:68,0
DA:69,0
DA:70,0
DA:72,0
DA:75,0
DA:83,0
DA:101,0
DA:109,0
DA:110,0
DA:111,0
DA:112,0
DA:113,0
DA:114,0
DA:117,0
DA:118,0
DA:119,0
DA:123,0
DA:125,0
DA:126,0
DA:127,0
DA:128,0
DA:130,0
DA:132,0
LF:55
LH:0
end_of_record
SF:lib/infrastructure/persistence/features/app_usages/drift_app_usage_tag_rule_repository.dart
DA:9,0
DA:10,0
DA:11,0
DA:12,0
DA:13,0
DA:14,0
DA:15,0
DA:17,0
DA:18,0
DA:23,0
DA:25,0
DA:27,0
DA:30,0
DA:32,0
DA:33,0
DA:34,0
DA:35,0
DA:36,0
DA:37,0
DA:38,0
DA:39,0
LF:21
LH:0
end_of_record
SF:lib/infrastructure/persistence/features/app_usages/drift_app_usage_time_record_repository.dart
DA:12,0
DA:13,0
DA:14,0
DA:15,0
DA:16,0
DA:17,0
DA:18,0
DA:20,0
DA:21,0
DA:26,0
DA:28,0
DA:30,0
DA:33,0
DA:35,0
DA:36,0
DA:37,0
DA:38,0
DA:39,0
DA:40,0
DA:41,0
DA:42,0
DA:46,0
DA:52,0
DA:54,0
DA:60,0
DA:65,0
DA:66,0
DA:67,0
DA:68,0
DA:69,0
DA:71,0
DA:74,0
DA:76,0
DA:79,0
DA:81,0
DA:84,0
DA:95,0
DA:116,0
DA:121,0
DA:126,0
DA:134,0
DA:135,0
DA:136,0
DA:137,0
DA:138,0
DA:139,0
DA:140,0
DA:141,0
DA:142,0
DA:143,0
DA:144,0
DA:146,0
DA:147,0
DA:150,0
DA:153,0
DA:156,0
DA:157,0
DA:158,0
DA:166,0
DA:188,0
DA:193,0
DA:198,0
DA:206,0
DA:207,0
DA:208,0
DA:227,0
DA:228,0
DA:229,0
DA:230,0
DA:231,0
DA:232,0
DA:233,0
DA:234,0
DA:236,0
DA:237,0
DA:239,0
DA:240,0
DA:242,0
DA:245,0
DA:248,0
DA:250,0
DA:251,0
DA:253,0
DA:254,0
DA:256,0
DA:257,0
DA:258,0
DA:259,0
DA:260,0
DA:261,0
DA:266,0
DA:268,0
DA:269,0
DA:273,0
DA:278,0
DA:285,0
DA:287,0
DA:295,0
DA:297,0
DA:306,0
DA:307,0
DA:310,0
DA:311,0
LF:103
LH:0
end_of_record
SF:lib/infrastructure/persistence/features/habits/drift_habit_records_repository.dart
DA:10,0
DA:11,0
DA:12,0
DA:13,0
DA:14,0
DA:15,0
DA:17,0
DA:18,0
DA:23,0
DA:25,0
DA:27,0
DA:30,0
DA:32,0
DA:33,0
DA:34,0
DA:35,0
DA:36,0
DA:37,0
DA:38,0
DA:42,0
DA:45,0
DA:46,0
DA:47,0
DA:48,0
DA:49,0
DA:50,0
DA:51,0
DA:52,0
DA:54,0
DA:55,0
DA:56,0
DA:57,0
DA:58,0
DA:59,0
DA:61,0
DA:70,0
DA:72,0
DA:73,0
DA:75,0
DA:76,0
DA:77,0
DA:78,0
DA:79,0
DA:81,0
DA:84,0
DA:86,0
LF:46
LH:0
end_of_record
SF:lib/infrastructure/persistence/features/habits/drift_habit_tags_repository.dart
DA:12,0
DA:13,0
DA:14,0
DA:15,0
DA:16,0
DA:17,0
DA:19,0
DA:20,0
DA:25,0
DA:27,0
DA:29,0
DA:32,0
DA:34,0
DA:35,0
DA:36,0
DA:37,0
DA:38,0
DA:39,0
DA:40,0
DA:44,0
DA:46,0
DA:47,0
DA:48,0
DA:50,0
DA:53,0
DA:55,0
DA:56,0
DA:57,0
DA:58,0
DA:60,0
DA:61,0
DA:62,0
DA:63,0
DA:64,0
DA:66,0
DA:74,0
DA:76,0
DA:79,0
DA:81,0
DA:84,0
DA:92,0
DA:116,0
DA:124,0
DA:125,0
DA:126,0
DA:127,0
DA:128,0
DA:129,0
DA:132,0
DA:133,0
DA:134,0
DA:135,0
DA:139,0
DA:141,0
DA:142,0
DA:143,0
DA:144,0
DA:146,0
DA:148,0
LF:59
LH:0
end_of_record
SF:lib/infrastructure/persistence/features/habits/drift_habit_time_record_repository.dart
DA:10,0
DA:11,0
DA:12,0
DA:13,0
DA:14,0
DA:15,0
DA:16,0
DA:17,0
DA:19,0
DA:20,0
DA:25,0
DA:27,0
DA:29,0
DA:32,0
DA:35,0
DA:36,0
DA:37,0
DA:38,0
DA:41,0
DA:43,0
DA:44,0
DA:45,0
DA:46,0
DA:47,0
DA:48,0
DA:49,0
DA:50,0
DA:51,0
DA:55,0
DA:57,0
DA:65,0
DA:66,0
DA:67,0
DA:68,0
DA:69,0
DA:71,0
DA:74,0
DA:75,0
DA:78,0
DA:80,0
DA:83,0
DA:85,0
DA:86,0
DA:87,0
DA:88,0
DA:89,0
DA:90,0
DA:91,0
DA:94,0
DA:97,0
DA:99,0
DA:100,0
DA:109,0
DA:110,0
DA:111,0
DA:112,0
DA:113,0
DA:115,0
DA:118,0
DA:119,0
DA:121,0
DA:122,0
DA:123,0
DA:124,0
DA:128,0
DA:129,0
LF:66
LH:0
end_of_record
SF:lib/infrastructure/persistence/features/habits/drift_habits_repository.dart
DA:10,0
DA:11,0
DA:12,0
DA:13,0
DA:14,0
DA:15,0
DA:16,0
DA:17,0
DA:20,0
DA:21,0
DA:22,0
DA:23,0
DA:26,0
DA:27,0
DA:28,0
DA:31,0
DA:33,0
DA:35,0
DA:36,0
DA:40,0
DA:42,0
DA:44,0
DA:47,0
DA:49,0
DA:50,0
DA:51,0
DA:52,0
DA:53,0
DA:54,0
DA:55,0
DA:56,0
DA:57,0
DA:58,0
DA:59,0
DA:60,0
DA:61,0
DA:62,0
DA:63,0
DA:64,0
DA:65,0
DA:69,0
DA:71,0
DA:72,0
DA:73,0
DA:74,0
DA:75,0
DA:77,0
DA:81,0
DA:83,0
DA:84,0
DA:85,0
DA:90,0
DA:96,0
DA:100,0
DA:105,0
DA:106,0
DA:107,0
DA:109,0
DA:113,0
DA:114,0
DA:115,0
DA:116,0
DA:118,0
DA:120,0
DA:121,0
DA:124,0
DA:133,0
DA:134,0
DA:135,0
DA:136,0
DA:137,0
DA:139,0
DA:140,0
DA:141,0
DA:144,0
DA:150,0
DA:151,0
DA:152,0
DA:154,0
DA:155,0
DA:157,0
DA:158,0
DA:165,0
DA:166,0
DA:167,0
DA:168,0
DA:169,0
DA:170,0
DA:171,0
DA:172,0
LF:90
LH:0
end_of_record
SF:lib/infrastructure/persistence/features/notes/drift_note_repository.dart
DA:12,0
DA:13,0
DA:14,0
DA:15,0
DA:16,0
DA:17,0
DA:18,0
DA:20,0
DA:21,0
DA:25,0
DA:27,0
DA:29,0
DA:32,0
DA:34,0
DA:35,0
DA:36,0
DA:37,0
DA:38,0
DA:39,0
DA:40,0
DA:41,0
DA:45,0
DA:47,0
DA:48,0
DA:49,0
DA:51,0
DA:52,0
DA:53,0
DA:55,0
DA:61,0
DA:70,0
DA:78,0
DA:79,0
DA:80,0
DA:88,0
DA:95,0
DA:97,0
DA:100,0
DA:101,0
DA:102,0
DA:103,0
DA:104,0
DA:105,0
DA:106,0
DA:107,0
DA:108,0
DA:112,0
DA:113,0
DA:114,0
DA:115,0
DA:116,0
DA:119,0
DA:123,0
DA:124,0
DA:126,0
DA:128,0
DA:130,0
DA:131,0
DA:132,0
DA:136,0
DA:138,0
DA:149,0
DA:151,0
DA:152,0
DA:153,0
DA:154,0
DA:155,0
DA:156,0
DA:157,0
DA:158,0
DA:162,0
DA:163,0
DA:164,0
DA:165,0
DA:166,0
DA:170,0
LF:76
LH:0
end_of_record
SF:lib/infrastructure/persistence/features/notes/drift_note_tag_repository.dart
DA:9,0
DA:10,0
DA:11,0
DA:12,0
DA:13,0
DA:14,0
DA:16,0
DA:17,0
DA:21,0
DA:23,0
DA:25,0
DA:28,0
DA:30,0
DA:31,0
DA:32,0
DA:33,0
DA:34,0
DA:35,0
DA:36,0
DA:40,0
DA:42,0
DA:45,0
DA:47,0
DA:48,0
DA:50,0
DA:51,0
DA:54,0
DA:56,0
LF:28
LH:0
end_of_record
SF:lib/infrastructure/persistence/features/settings/drift_settings_repository.dart
DA:9,0
DA:10,0
DA:11,0
DA:12,0
DA:13,0
DA:14,0
DA:15,0
DA:17,0
DA:18,0
DA:22,0
DA:24,0
DA:26,0
DA:29,0
DA:31,0
DA:32,0
DA:33,0
DA:34,0
DA:35,0
DA:36,0
DA:37,0
DA:38,0
DA:42,0
DA:44,0
DA:45,0
DA:46,0
DA:47,0
DA:49,0
LF:27
LH:0
end_of_record
SF:lib/infrastructure/persistence/features/sync/drift_sync_device_repository.dart
DA:9,0
DA:10,0
DA:11,0
DA:12,0
DA:13,0
DA:14,0
DA:15,0
DA:16,0
DA:17,0
DA:18,0
DA:20,0
DA:21,0
DA:26,0
DA:28,0
DA:30,0
DA:33,0
DA:35,0
DA:36,0
DA:37,0
DA:38,0
DA:39,0
DA:40,0
DA:41,0
DA:42,0
DA:43,0
DA:44,0
DA:45,0
DA:49,0
DA:51,0
DA:52,0
DA:53,0
DA:54,0
DA:55,0
LF:33
LH:0
end_of_record
SF:lib/infrastructure/persistence/features/tags/drift_tag_repository.dart
DA:10,0
DA:11,0
DA:12,0
DA:13,0
DA:14,0
DA:15,0
DA:16,0
DA:18,0
DA:19,0
DA:23,0
DA:26,3
DA:28,0
DA:30,0
DA:33,0
DA:35,0
DA:36,0
DA:37,0
DA:38,0
DA:39,0
DA:40,0
DA:41,0
DA:42,0
DA:46,0
DA:54,0
DA:61,0
DA:62,0
DA:63,0
DA:75,0
DA:78,0
DA:80,0
DA:81,0
DA:84,0
DA:87,0
DA:88,0
DA:89,0
DA:90,0
DA:91,0
DA:92,0
DA:93,0
DA:94,0
DA:95,0
DA:96,0
DA:100,0
DA:101,0
DA:105,0
DA:106,0
DA:107,0
DA:109,0
DA:111,0
DA:113,0
DA:114,0
DA:115,0
DA:119,0
DA:121,0
DA:123,0
DA:125,0
DA:126,0
LF:57
LH:1
end_of_record
SF:lib/infrastructure/persistence/features/tags/drift_tag_tag_repository.dart
DA:10,0
DA:11,0
DA:12,0
DA:13,0
DA:14,0
DA:15,0
DA:17,0
DA:18,0
DA:22,0
DA:24,0
DA:26,0
DA:29,0
DA:31,0
DA:32,0
DA:33,0
DA:34,0
DA:35,0
DA:36,0
DA:37,0
DA:41,0
DA:43,0
DA:44,0
DA:45,0
DA:46,0
DA:48,0
DA:49,0
DA:50,0
DA:51,0
DA:52,0
DA:53,0
DA:55,0
DA:63,0
DA:65,0
DA:68,0
DA:70,0
DA:71,0
DA:74,0
DA:76,0
DA:77,0
DA:78,0
DA:79,0
DA:81,0
LF:42
LH:0
end_of_record
SF:lib/infrastructure/persistence/features/tasks/drift_task_repository.dart
DA:13,0
DA:15,0
DA:16,0
DA:17,0
DA:18,0
DA:19,0
DA:20,0
DA:21,0
DA:22,0
DA:23,0
DA:24,0
DA:25,0
DA:26,0
DA:27,0
DA:28,0
DA:31,0
DA:32,0
DA:33,0
DA:34,0
DA:37,0
DA:38,0
DA:39,0
DA:40,0
DA:41,0
DA:42,0
DA:43,0
DA:44,0
DA:48,0
DA:50,6
DA:52,2
DA:54,2
DA:57,2
DA:59,2
DA:61,2
DA:63,2
DA:65,4
DA:66,6
DA:67,6
DA:68,2
DA:69,2
DA:71,2
DA:74,4
DA:75,0
DA:78,6
DA:81,0
DA:82,0
DA:85,0
DA:86,0
DA:88,0
DA:89,0
DA:90,0
DA:92,0
DA:95,0
DA:99,2
DA:105,2
DA:108,6
DA:109,2
DA:113,2
DA:116,2
DA:119,6
DA:120,10
DA:123,0
DA:124,0
DA:129,1
DA:130,1
DA:131,1
DA:132,2
DA:133,5
DA:134,1
DA:138,2
DA:139,2
DA:142,2
DA:144,5
DA:145,2
DA:147,2
DA:152,2
DA:153,2
DA:154,1
DA:155,1
DA:156,1
DA:157,0
DA:158,0
DA:159,0
DA:160,0
DA:161,0
DA:162,0
DA:164,0
DA:169,2
DA:171,2
DA:173,2
DA:174,2
DA:178,4
DA:180,0
DA:182,0
DA:183,0
DA:189,4
DA:190,4
DA:193,2
DA:194,2
DA:195,4
DA:196,4
DA:197,4
DA:198,2
DA:199,2
DA:202,6
DA:203,2
DA:204,4
DA:205,2
DA:206,8
DA:210,2
DA:211,2
DA:212,6
DA:213,4
DA:217,2
DA:218,2
DA:219,6
DA:220,4
DA:225,2
DA:226,2
DA:227,6
DA:228,4
DA:232,4
DA:233,4
DA:234,6
DA:235,6
DA:236,4
DA:237,4
DA:242,1
DA:250,1
DA:253,2
DA:254,1
DA:256,3
DA:258,1
DA:259,0
DA:261,0
DA:262,0
DA:264,0
DA:265,0
DA:266,0
DA:293,2
DA:300,1
DA:302,2
DA:304,1
DA:305,4
DA:306,1
DA:307,2
DA:309,3
DA:312,1
DA:317,2
DA:319,1
DA:320,2
DA:322,5
DA:323,1
DA:324,2
DA:326,2
DA:327,2
DA:328,1
DA:329,1
DA:331,1
DA:332,1
DA:333,1
DA:334,1
DA:336,1
DA:337,1
DA:338,1
DA:339,1
DA:340,1
DA:341,1
DA:342,1
DA:343,1
DA:344,1
DA:345,1
DA:346,1
DA:347,1
DA:349,1
DA:351,1
DA:359,1
DA:361,2
DA:362,3
DA:363,2
DA:364,1
DA:365,1
DA:367,5
DA:370,2
DA:378,2
DA:379,2
DA:380,2
DA:381,2
DA:382,2
DA:383,2
DA:384,2
DA:385,2
DA:386,2
DA:387,2
DA:388,2
DA:389,2
DA:390,2
DA:391,2
DA:392,2
DA:393,2
DA:395,2
DA:396,2
DA:399,0
DA:400,0
DA:401,0
DA:402,0
DA:403,0
DA:409,0
DA:414,2
DA:435,0
DA:436,0
DA:438,0
DA:439,0
DA:441,0
DA:442,0
DA:445,0
DA:446,0
DA:447,0
DA:453,1
DA:462,1
DA:463,1
DA:466,1
DA:476,1
DA:477,1
DA:480,2
DA:489,2
DA:490,1
DA:491,1
DA:494,1
DA:495,1
DA:496,3
DA:502,2
DA:504,1
DA:510,1
DA:511,2
DA:513,2
DA:518,2
DA:521,6
DA:527,1
DA:528,0
DA:530,0
DA:531,0
DA:533,0
DA:534,0
DA:562,4
DA:569,2
DA:571,4
DA:573,8
DA:574,6
DA:577,2
DA:582,4
DA:584,2
DA:585,2
DA:586,2
DA:590,2
DA:591,4
DA:593,4
DA:594,4
DA:595,2
DA:596,2
DA:598,2
DA:599,2
DA:600,2
DA:601,2
DA:603,2
DA:604,2
DA:605,2
DA:606,2
DA:607,2
DA:608,2
DA:609,2
DA:610,2
DA:611,2
DA:612,2
DA:613,2
DA:614,2
DA:616,2
DA:618,2
DA:626,0
DA:633,0
DA:641,1
DA:643,2
DA:644,3
DA:645,2
DA:646,1
DA:647,1
DA:649,5
DA:652,2
DA:655,4
DA:656,4
DA:657,3
DA:658,3
DA:660,2
DA:661,2
DA:662,4
DA:663,2
DA:664,4
DA:665,4
DA:666,2
DA:667,2
DA:668,4
DA:669,4
DA:670,2
DA:671,4
DA:672,4
DA:673,4
DA:674,4
DA:675,4
DA:676,4
DA:677,4
DA:678,4
DA:679,2
DA:680,2
DA:681,4
DA:682,4
DA:688,2
DA:696,2
DA:697,2
DA:709,1
DA:711,1
DA:712,1
DA:713,2
DA:715,1
DA:716,2
DA:717,1
DA:718,1
DA:733,0
DA:735,0
DA:736,0
DA:737,0
DA:739,1
DA:740,2
DA:741,1
DA:742,1
DA:747,2
DA:749,5
DA:756,1
DA:759,1
DA:760,2
DA:765,1
DA:768,1
DA:773,1
DA:775,1
DA:802,1
DA:811,1
DA:812,3
DA:814,0
DA:815,0
DA:816,0
DA:817,0
DA:818,0
DA:821,2
LF:352
LH:265
end_of_record
SF:lib/infrastructure/persistence/features/tasks/drift_task_tag_repository.dart
DA:11,0
DA:12,0
DA:13,0
DA:14,0
DA:15,0
DA:16,0
DA:18,0
DA:19,0
DA:23,0
DA:26,3
DA:28,0
DA:30,0
DA:33,0
DA:35,0
DA:36,0
DA:37,0
DA:38,0
DA:39,0
DA:40,0
DA:41,0
DA:45,0
DA:47,0
DA:48,0
DA:49,0
DA:51,0
DA:54,0
DA:56,0
DA:59,0
DA:61,0
DA:64,0
DA:72,0
DA:90,0
DA:98,0
DA:99,0
DA:100,0
DA:101,0
DA:102,0
DA:103,0
DA:106,0
DA:107,0
DA:108,0
DA:112,0
DA:114,0
DA:115,0
DA:116,0
DA:117,0
DA:119,0
DA:121,0
LF:48
LH:1
end_of_record
SF:lib/infrastructure/persistence/features/tasks/drift_task_time_record_repository.dart
DA:9,0
DA:10,0
DA:11,0
DA:12,0
DA:13,0
DA:14,0
DA:16,0
DA:17,0
DA:22,0
DA:25,3
DA:27,0
DA:29,0
DA:32,0
DA:34,0
DA:35,0
DA:36,0
DA:37,0
DA:38,0
DA:39,0
DA:40,0
DA:44,1
DA:50,2
DA:58,1
DA:59,1
DA:60,1
DA:61,0
DA:62,0
DA:64,1
DA:67,1
DA:68,1
DA:71,0
DA:77,0
DA:79,0
DA:80,0
DA:89,0
DA:90,0
DA:91,0
DA:92,0
DA:93,0
DA:95,0
DA:98,0
DA:99,0
DA:102,0
DA:103,0
DA:109,0
DA:111,0
LF:46
LH:9
end_of_record
SF:lib/infrastructure/persistence/shared/contexts/drift/drift_app_context.steps.dart
DA:8,2
DA:227,0
DA:228,0
DA:229,0
DA:230,0
DA:231,0
DA:232,0
DA:233,0
DA:234,0
DA:235,0
DA:238,1
DA:239,1
DA:240,1
DA:241,1
DA:242,1
DA:243,1
DA:244,1
DA:245,1
DA:246,0
DA:247,0
DA:248,0
DA:249,0
DA:250,0
DA:251,0
DA:252,1
DA:253,1
DA:256,0
DA:257,0
DA:258,0
DA:259,0
DA:260,0
DA:261,0
DA:262,0
DA:265,1
DA:266,1
DA:267,0
DA:268,0
DA:271,0
DA:272,0
DA:273,0
DA:274,0
DA:275,0
DA:276,0
DA:277,0
DA:280,0
DA:281,0
DA:284,0
DA:285,0
DA:286,0
DA:287,0
DA:288,0
DA:289,0
DA:290,0
DA:293,0
DA:294,0
DA:297,0
DA:298,0
DA:299,0
DA:300,0
DA:301,0
DA:302,0
DA:303,0
DA:306,0
DA:307,0
DA:310,0
DA:311,0
DA:312,0
DA:313,0
DA:314,0
DA:315,0
DA:316,0
DA:317,0
DA:318,0
DA:319,0
DA:320,0
DA:321,0
DA:322,0
DA:325,0
DA:326,0
DA:327,0
DA:328,0
DA:329,0
DA:330,0
DA:331,0
DA:332,0
DA:333,0
DA:334,0
DA:335,0
DA:336,0
DA:337,0
DA:338,0
DA:339,0
DA:341,0
DA:345,0
DA:346,0
DA:347,0
DA:348,0
DA:349,0
DA:350,0
DA:351,0
DA:354,0
DA:355,0
DA:358,0
DA:359,0
DA:360,0
DA:361,0
DA:362,0
DA:363,0
DA:364,0
DA:365,0
DA:368,0
DA:370,0
DA:374,0
DA:375,0
DA:376,0
DA:377,0
DA:378,0
DA:379,0
DA:380,0
DA:383,0
DA:384,0
DA:385,0
DA:386,0
DA:389,0
DA:390,0
DA:391,0
DA:392,0
DA:393,0
DA:394,0
DA:395,0
DA:396,0
DA:399,0
DA:400,0
DA:401,0
DA:402,0
DA:403,0
DA:404,0
DA:407,0
DA:408,0
DA:409,0
DA:410,0
DA:411,0
DA:412,0
DA:413,0
DA:414,0
DA:415,0
DA:418,0
DA:419,0
DA:420,0
DA:421,0
DA:422,0
DA:423,0
DA:424,0
DA:425,0
DA:428,2
DA:664,0
DA:665,0
DA:666,0
DA:667,0
DA:668,0
DA:669,0
DA:670,0
DA:671,0
DA:672,0
DA:673,0
DA:674,0
DA:675,0
DA:679,0
DA:680,0
DA:681,0
DA:682,0
DA:683,0
DA:684,0
DA:685,0
DA:689,2
DA:743,2
DA:744,1
DA:748,1
DA:751,1
DA:759,1
DA:944,0
DA:945,0
DA:946,0
DA:947,0
DA:948,0
DA:949,0
DA:950,0
DA:951,0
DA:955,2
DA:956,0
DA:957,0
DA:958,0
DA:959,0
DA:960,0
DA:961,0
DA:965,2
DA:1242,0
DA:1243,0
DA:1244,0
DA:1245,0
DA:1246,0
DA:1247,0
DA:1248,0
DA:1249,0
DA:1250,0
DA:1253,0
DA:1254,0
DA:1255,0
DA:1257,0
DA:1261,2
DA:1539,0
DA:1540,0
DA:1541,0
DA:1542,0
DA:1543,0
DA:1544,0
DA:1545,0
DA:1546,0
DA:1547,0
DA:1550,0
DA:1551,0
DA:1554,2
DA:1833,0
DA:1834,0
DA:1835,0
DA:1836,0
DA:1837,0
DA:1838,0
DA:1839,0
DA:1840,0
DA:1844,2
DA:2143,0
DA:2144,0
DA:2145,0
DA:2146,0
DA:2147,0
DA:2148,0
DA:2149,0
DA:2153,2
DA:2451,0
DA:2452,0
DA:2453,0
DA:2454,0
DA:2455,0
DA:2456,0
DA:2457,0
DA:2458,0
DA:2462,2
DA:2760,2
DA:3060,0
DA:3061,0
DA:3062,0
DA:3063,0
DA:3064,0
DA:3065,0
DA:3066,0
DA:3067,0
DA:3068,0
DA:3069,0
DA:3070,0
DA:3073,0
DA:3074,0
DA:3075,0
DA:3076,0
DA:3079,2
DA:3380,0
DA:3381,0
DA:3382,0
DA:3383,0
DA:3384,0
DA:3385,0
DA:3386,0
DA:3387,0
DA:3388,0
DA:3389,0
DA:3390,0
DA:3391,0
DA:3392,0
DA:3395,0
DA:3396,0
DA:3399,2
DA:3700,2
DA:4002,0
DA:4003,0
DA:4004,0
DA:4005,0
DA:4006,0
DA:4007,0
DA:4008,0
DA:4009,0
DA:4010,0
DA:4011,0
DA:4012,0
DA:4013,0
DA:4014,0
DA:4015,0
DA:4018,0
DA:4022,2
DA:4365,0
DA:4366,0
DA:4367,0
DA:4368,0
DA:4369,0
DA:4370,0
DA:4371,0
DA:4372,0
DA:4375,0
DA:4376,0
DA:4379,0
DA:4380,0
DA:4381,0
DA:4382,0
DA:4383,0
DA:4384,0
DA:4385,0
DA:4388,0
DA:4389,0
DA:4392,2
DA:4740,0
DA:4741,0
DA:4742,0
DA:4743,0
DA:4744,0
DA:4745,0
DA:4746,0
DA:4747,0
DA:4748,0
DA:4749,0
DA:4750,0
DA:4753,0
DA:4755,0
DA:4757,0
DA:4758,0
DA:4759,0
DA:4760,0
DA:4764,0
DA:4765,0
DA:4766,0
DA:4767,0
DA:4768,0
DA:4769,0
DA:4770,0
DA:4771,0
DA:4772,0
DA:4773,0
DA:4774,0
DA:4775,0
DA:4776,0
DA:4777,0
DA:4778,0
DA:4779,0
DA:4780,0
DA:4781,0
DA:4784,0
DA:4785,0
DA:4787,0
DA:4788,0
DA:4792,2
DA:5140,2
DA:5489,0
DA:5490,0
DA:5491,0
DA:5492,0
DA:5493,0
DA:5494,0
DA:5495,0
DA:5496,0
DA:5497,0
DA:5498,0
DA:5499,0
DA:5500,0
DA:5503,0
DA:5504,0
DA:5507,2
DA:5863,0
DA:5864,0
DA:5865,0
DA:5866,0
DA:5867,0
DA:5868,0
DA:5869,0
DA:5870,0
DA:5871,0
DA:5872,0
DA:5873,0
DA:5874,0
DA:5875,0
DA:5876,0
DA:5877,0
DA:5878,0
DA:5879,0
DA:5880,0
DA:5881,0
DA:5882,0
DA:5883,0
DA:5884,0
DA:5885,0
DA:5886,0
DA:5887,0
DA:5888,0
DA:5889,0
DA:5890,0
DA:5891,0
DA:5894,0
DA:5896,0
DA:5897,0
DA:5898,0
DA:5899,0
DA:5900,0
DA:5901,0
DA:5902,0
DA:5903,0
DA:5904,0
DA:5905,0
DA:5906,0
DA:5907,0
DA:5910,2
DA:6269,0
DA:6270,0
DA:6271,0
DA:6272,0
DA:6273,0
DA:6274,0
DA:6275,0
DA:6276,0
DA:6277,0
DA:6278,0
DA:6279,0
DA:6280,0
DA:6281,0
DA:6282,0
DA:6283,0
DA:6286,0
DA:6288,0
DA:6290,0
DA:6291,0
DA:6293,0
DA:6297,2
DA:6657,0
DA:6658,0
DA:6659,0
DA:6660,0
DA:6661,0
DA:6662,0
DA:6663,0
DA:6664,0
DA:6667,0
DA:6668,0
DA:6671,4
DA:7032,0
DA:7033,0
DA:7034,0
DA:7035,0
DA:7036,0
DA:7037,0
DA:7038,0
DA:7039,0
DA:7040,0
DA:7041,0
DA:7042,0
DA:7043,0
DA:7044,0
DA:7045,0
DA:7046,0
DA:7047,0
DA:7051,4
DA:7414,4
DA:7800,0
DA:7801,0
DA:7802,0
DA:7803,0
DA:7804,0
DA:7805,0
DA:7806,0
DA:7809,0
DA:7810,0
DA:7813,0
DA:7814,0
DA:7815,0
DA:7816,0
DA:7817,0
DA:7818,0
DA:7819,0
DA:7820,0
DA:7821,0
DA:7822,0
DA:7823,0
DA:7824,0
DA:7825,0
DA:7826,0
DA:7827,0
DA:7828,0
DA:7829,0
DA:7832,0
DA:7833,0
DA:7836,0
DA:7837,0
DA:7838,0
DA:7839,0
DA:7840,0
DA:7841,0
DA:7842,0
DA:7846,4
DA:8233,0
DA:8234,0
DA:8235,0
DA:8236,0
DA:8237,0
DA:8238,0
DA:8239,0
DA:8240,0
DA:8243,0
DA:8244,0
DA:8247,4
DA:8635,0
DA:8637,0
DA:8640,4
DA:9030,0
DA:9031,0
DA:9032,0
DA:9033,0
DA:9034,0
DA:9035,0
DA:9036,0
DA:9037,0
DA:9038,0
DA:9041,0
DA:9043,0
DA:9047,4
DA:9437,0
DA:9438,0
DA:9439,0
DA:9440,0
DA:9441,0
DA:9442,0
DA:9443,0
DA:9444,0
DA:9445,0
DA:9446,0
DA:9447,0
DA:9448,0
DA:9449,0
DA:9450,0
DA:9451,0
DA:9452,0
DA:9453,0
DA:9454,0
DA:9455,0
DA:9456,0
DA:9457,0
DA:9458,0
DA:9459,0
DA:9460,0
DA:9461,0
DA:9462,0
DA:9463,0
DA:9464,0
DA:9465,0
DA:9468,0
DA:9469,0
DA:9470,2
DA:9499,2
DA:9501,2
DA:9502,1
DA:9503,1
DA:9504,1
DA:9506,2
DA:9507,1
DA:9508,1
DA:9509,1
DA:9511,2
DA:9512,1
DA:9513,1
DA:9514,1
DA:9516,2
DA:9517,1
DA:9518,1
DA:9519,1
DA:9521,2
DA:9522,1
DA:9523,1
DA:9524,1
DA:9526,2
DA:9527,1
DA:9528,1
DA:9529,1
DA:9531,2
DA:9532,1
DA:9533,1
DA:9534,1
DA:9536,2
DA:9537,1
DA:9538,1
DA:9539,1
DA:9541,2
DA:9542,1
DA:9543,1
DA:9544,1
DA:9546,2
DA:9547,1
DA:9548,1
DA:9549,1
DA:9551,2
DA:9552,1
DA:9553,1
DA:9554,1
DA:9556,2
DA:9557,1
DA:9558,1
DA:9559,1
DA:9561,2
DA:9562,1
DA:9563,1
DA:9564,1
DA:9566,2
DA:9567,1
DA:9568,1
DA:9569,1
DA:9571,2
DA:9572,1
DA:9573,1
DA:9574,1
DA:9576,2
DA:9577,1
DA:9578,1
DA:9579,1
DA:9581,2
DA:9582,1
DA:9583,1
DA:9584,1
DA:9586,2
DA:9587,1
DA:9588,1
DA:9589,1
DA:9591,2
DA:9592,1
DA:9593,1
DA:9594,1
DA:9596,2
DA:9597,1
DA:9598,1
DA:9599,1
DA:9601,2
DA:9602,2
DA:9603,2
DA:9604,2
DA:9606,2
DA:9607,2
DA:9608,2
DA:9609,2
DA:9611,2
DA:9612,2
DA:9613,2
DA:9614,2
DA:9616,2
DA:9617,2
DA:9618,2
DA:9619,2
DA:9621,2
DA:9622,2
DA:9623,2
DA:9624,2
DA:9626,2
DA:9627,2
DA:9628,2
DA:9629,2
DA:9631,2
DA:9632,2
DA:9633,2
DA:9634,2
DA:9637,0
DA:9642,2
DA:9671,2
DA:9672,2
LF:674
LH:158
end_of_record
SF:lib/core/application/features/settings/services/import_data_migration_service.dart
DA:13,1
DA:14,1
DA:20,1
DA:22,2
DA:26,1
DA:30,2
DA:34,1
DA:38,2
DA:42,1
DA:46,1
DA:48,1
DA:52,1
DA:54,1
DA:55,1
DA:57,1
DA:62,1
DA:68,2
DA:73,1
DA:75,1
DA:76,2
DA:77,2
DA:78,1
DA:84,0
DA:86,0
DA:87,0
DA:91,0
DA:92,0
DA:93,0
DA:99,1
DA:101,1
DA:104,1
DA:107,1
DA:112,2
DA:115,1
DA:129,1
DA:134,3
DA:135,3
DA:136,3
DA:140,1
DA:142,1
DA:143,5
DA:152,0
DA:153,0
DA:156,0
DA:157,0
DA:158,0
DA:159,0
DA:162,0
DA:163,0
DA:180,0
DA:181,0
DA:184,0
DA:185,0
DA:186,0
DA:187,0
DA:189,0
DA:190,0
DA:192,0
DA:195,0
DA:196,0
DA:219,0
DA:220,0
DA:224,0
DA:225,0
DA:226,0
DA:227,0
DA:229,0
DA:230,0
DA:233,0
DA:234,0
DA:236,0
DA:240,0
DA:246,0
DA:247,0
DA:248,0
DA:249,0
DA:252,0
DA:253,0
DA:258,0
DA:259,0
DA:267,0
DA:268,0
DA:269,0
DA:270,0
DA:272,0
DA:273,0
DA:287,0
DA:289,0
DA:290,0
DA:292,0
DA:300,0
DA:302,0
DA:303,0
DA:310,0
DA:314,0
DA:316,0
DA:317,0
DA:318,0
DA:327,0
DA:331,0
DA:333,0
DA:334,0
LF:102
LH:35
end_of_record
SF:lib/presentation/ui/shared/services/background_translation_service.dart
DA:13,3
DA:14,2
DA:15,1
DA:21,0
DA:22,0
DA:23,0
DA:27,0
DA:29,0
DA:30,0
DA:31,0
DA:33,0
DA:35,0
DA:36,0
DA:41,0
DA:43,0
DA:44,0
DA:45,0
DA:51,0
DA:54,0
DA:56,0
DA:61,0
DA:62,0
DA:65,0
DA:68,0
DA:82,0
DA:83,0
DA:87,0
DA:88,0
DA:89,0
DA:90,0
DA:94,0
DA:96,0
DA:101,0
DA:103,0
DA:104,0
DA:107,0
DA:109,0
DA:110,0
DA:113,0
DA:117,0
DA:123,1
DA:124,1
DA:125,1
DA:126,1
DA:128,3
DA:129,1
DA:130,4
DA:133,4
DA:134,1
DA:136,1
DA:137,2
DA:142,2
DA:143,3
DA:146,4
DA:149,2
DA:152,4
DA:153,1
DA:156,2
DA:157,1
DA:160,1
DA:161,2
DA:162,1
DA:163,1
DA:166,1
DA:167,0
DA:171,4
DA:172,1
DA:177,1
DA:178,1
DA:180,1
DA:181,1
DA:184,1
DA:187,1
DA:188,2
DA:189,1
DA:197,0
DA:198,0
DA:200,0
DA:201,0
DA:203,0
DA:204,0
DA:205,0
DA:206,0
DA:214,1
DA:215,2
DA:219,4
DA:223,2
DA:224,3
DA:228,2
DA:234,1
DA:235,2
DA:236,2
DA:244,0
DA:245,0
DA:249,0
DA:253,0
DA:254,0
DA:263,0
DA:264,0
DA:265,0
DA:273,0
DA:276,1
DA:278,1
DA:281,1
DA:283,1
DA:286,1
DA:288,1
DA:291,0
DA:293,0
DA:296,1
DA:298,1
DA:299,1
LF:112
LH:55
end_of_record
SF:lib/core/application/application_container.dart
DA:38,0
DA:39,0
DA:41,0
DA:42,0
DA:45,0
DA:46,0
DA:48,0
DA:52,0
DA:55,0
DA:56,0
DA:57,0
DA:58,0
DA:59,0
DA:60,0
DA:61,0
DA:62,0
DA:63,0
DA:64,0
DA:65,0
DA:66,0
DA:67,0
DA:68,0
DA:69,0
DA:70,0
DA:71,0
DA:72,0
DA:74,0
DA:75,0
DA:92,0
DA:94,0
DA:96,0
DA:103,0
DA:112,0
DA:128,0
DA:149,0
DA:170,0
LF:36
LH:0
end_of_record
SF:lib/core/application/features/app_usages/app_usages_registration.dart
DA:28,0
DA:39,0
DA:41,0
DA:43,0
DA:44,0
DA:46,0
DA:48,0
DA:52,0
DA:53,0
DA:55,0
DA:56,0
DA:58,0
DA:59,0
DA:64,0
DA:65,0
DA:67,0
DA:68,0
DA:70,0
DA:71,0
DA:77,0
DA:78,0
DA:80,0
DA:82,0
DA:84,0
DA:86,0
DA:91,0
DA:93,0
DA:95,0
DA:97,0
DA:99,0
DA:101,0
DA:103,0
DA:104,0
DA:106,0
DA:108,0
LF:35
LH:0
end_of_record
SF:lib/core/application/features/demo/services/demo_data_service.dart
DA:44,0
DA:72,0
DA:74,0
DA:76,0
DA:79,0
DA:83,0
DA:85,0
DA:86,0
DA:87,0
DA:88,0
DA:91,0
DA:93,0
DA:94,0
DA:95,0
DA:96,0
DA:97,0
DA:100,0
DA:103,0
DA:104,0
DA:106,0
DA:111,0
DA:113,0
DA:114,0
DA:118,0
DA:119,0
DA:123,0
DA:124,0
DA:125,0
DA:126,0
DA:127,0
DA:128,0
DA:129,0
DA:131,0
DA:132,0
DA:133,0
DA:134,0
DA:135,0
DA:136,0
DA:138,0
DA:140,0
DA:145,0
DA:147,0
DA:151,0
DA:152,0
DA:153,0
DA:154,0
DA:155,0
DA:158,0
DA:159,0
DA:160,0
DA:164,0
DA:165,0
DA:166,0
DA:170,0
DA:171,0
DA:172,0
DA:176,0
DA:177,0
DA:178,0
DA:182,0
DA:183,0
DA:184,0
DA:188,0
DA:191,0
DA:192,0
DA:193,0
DA:194,0
DA:198,0
DA:199,0
DA:200,0
DA:201,0
DA:205,0
DA:206,0
DA:207,0
DA:208,0
DA:211,0
DA:213,0
DA:220,0
DA:227,0
DA:229,0
DA:231,0
DA:232,0
DA:233,0
DA:234,0
DA:235,0
DA:236,0
DA:239,0
DA:244,0
DA:245,0
DA:246,0
DA:247,0
DA:248,0
DA:249,0
DA:250,0
DA:251,0
DA:252,0
DA:254,0
DA:255,0
DA:256,0
DA:257,0
DA:258,0
DA:259,0
DA:261,0
DA:266,0
DA:267,0
DA:268,0
DA:269,0
DA:270,0
DA:271,0
DA:273,0
DA:274,0
DA:275,0
DA:276,0
DA:277,0
DA:278,0
DA:280,0
DA:284,0
DA:286,0
DA:287,0
DA:288,0
DA:289,0
DA:290,0
DA:291,0
DA:293,0
DA:298,0
DA:299,0
DA:300,0
DA:301,0
DA:302,0
DA:303,0
DA:304,0
DA:305,0
DA:306,0
DA:307,0
DA:308,0
DA:310,0
DA:311,0
DA:312,0
DA:313,0
DA:314,0
DA:315,0
DA:317,0
DA:321,0
DA:322,0
DA:323,0
DA:324,0
DA:325,0
DA:326,0
DA:327,0
DA:333,0
DA:338,0
DA:339,0
DA:340,0
DA:341,0
DA:342,0
DA:343,0
DA:345,0
DA:346,0
DA:347,0
DA:348,0
DA:349,0
DA:350,0
DA:352,0
DA:356,0
DA:358,0
DA:359,0
DA:360,0
DA:361,0
DA:362,0
DA:363,0
DA:365,0
DA:369,0
DA:371,0
DA:372,0
DA:373,0
DA:374,0
DA:375,0
DA:376,0
DA:378,0
DA:382,0
DA:383,0
DA:384,0
DA:385,0
DA:386,0
DA:387,0
DA:388,0
DA:394,0
DA:398,0
DA:400,0
DA:401,0
DA:402,0
DA:403,0
DA:404,0
DA:405,0
DA:407,0
DA:411,0
DA:413,0
DA:414,0
DA:415,0
DA:416,0
DA:417,0
DA:418,0
DA:420,0
DA:424,0
DA:426,0
DA:427,0
DA:428,0
DA:429,0
DA:430,0
DA:431,0
DA:433,0
DA:437,0
DA:439,0
DA:440,0
DA:441,0
DA:442,0
DA:443,0
DA:444,0
DA:446,0
DA:450,0
DA:451,0
DA:452,0
DA:453,0
DA:454,0
DA:455,0
DA:456,0
DA:462,0
DA:464,0
DA:466,0
DA:467,0
DA:468,0
DA:469,0
DA:470,0
DA:471,0
DA:476,0
DA:478,0
DA:479,0
DA:480,0
DA:481,0
DA:482,0
DA:483,0
DA:488,0
DA:490,0
DA:491,0
DA:492,0
DA:493,0
DA:494,0
DA:495,0
DA:501,0
DA:503,0
DA:504,0
DA:505,0
DA:506,0
DA:507,0
DA:508,0
DA:514,0
DA:515,0
DA:516,0
DA:517,0
DA:518,0
DA:520,0
DA:521,0
DA:522,0
DA:523,0
DA:524,0
DA:525,0
DA:530,0
DA:534,0
DA:535,0
DA:539,0
DA:540,0
DA:544,0
DA:547,0
DA:549,0
DA:550,0
DA:552,0
DA:555,0
DA:557,0
LF:278
LH:0
end_of_record
SF:lib/core/application/features/habits/habits_registration.dart
DA:25,0
DA:35,0
DA:36,0
DA:38,0
DA:39,0
DA:45,0
DA:46,0
DA:54,0
DA:55,0
DA:60,0
DA:61,0
DA:67,0
DA:68,0
DA:70,0
DA:72,0
DA:74,0
DA:75,0
DA:80,0
DA:81,0
DA:83,0
DA:84,0
DA:89,0
DA:90,0
DA:92,0
DA:93,0
DA:95,0
DA:96,0
DA:98,0
DA:99,0
DA:101,0
DA:103,0
DA:105,0
DA:107,0
LF:33
LH:0
end_of_record
SF:lib/core/application/features/notes/notes_registration.dart
DA:14,0
DA:22,0
DA:23,0
DA:26,0
DA:27,0
DA:33,0
DA:34,0
DA:37,0
DA:38,0
DA:41,0
DA:42,0
DA:46,0
DA:47,0
DA:50,0
DA:51,0
LF:15
LH:0
end_of_record
SF:lib/core/application/features/settings/settings_registration.dart
DA:32,0
DA:54,0
DA:57,0
DA:60,0
DA:61,0
DA:63,0
DA:64,0
DA:66,0
DA:67,0
DA:69,0
DA:70,0
DA:72,0
DA:73,0
DA:91,0
DA:94,0
DA:95,0
DA:113,0
DA:114,0
LF:18
LH:0
end_of_record
SF:lib/core/application/features/sync/sync_registration.dart
DA:46,0
DA:68,0
DA:70,0
DA:73,0
DA:76,0
DA:79,0
DA:82,0
DA:103,0
DA:108,0
DA:111,0
DA:114,0
DA:115,0
DA:116,0
DA:120,0
DA:121,0
DA:123,0
DA:124,0
DA:126,0
DA:127,0
DA:129,0
DA:130,0
DA:132,0
DA:133,0
DA:135,0
DA:136,0
DA:137,0
DA:138,0
DA:139,0
DA:142,0
DA:143,0
DA:145,0
DA:146,0
DA:148,0
DA:149,0
LF:34
LH:0
end_of_record
SF:lib/core/application/features/tags/tags_registration.dart
DA:26,0
DA:43,0
DA:44,0
DA:48,0
DA:49,0
DA:54,0
DA:55,0
DA:67,0
DA:68,0
DA:74,0
DA:75,0
DA:79,0
DA:80,0
DA:93,0
DA:94,0
DA:96,0
DA:97,0
DA:106,0
DA:107,0
DA:109,0
DA:110,0
LF:21
LH:0
end_of_record
SF:lib/core/application/features/tasks/tasks_registration.dart
DA:22,0
DA:32,0
DA:33,0
DA:37,0
DA:38,0
DA:45,0
DA:46,0
DA:52,0
DA:53,0
DA:60,0
DA:61,0
DA:66,0
DA:67,0
DA:69,0
DA:70,0
DA:72,0
DA:73,0
DA:78,0
DA:79,0
DA:81,0
DA:82,0
DA:84,0
DA:85,0
DA:87,0
DA:89,0
LF:25
LH:0
end_of_record
SF:lib/core/application/features/widget/widget_registration.dart
DA:7,0
DA:8,0
DA:9,0
DA:10,0
DA:12,0
DA:13,0
LF:6
LH:0
end_of_record
SF:lib/core/application/shared/services/logger_service.dart
DA:28,0
DA:37,0
DA:38,0
DA:39,0
DA:42,0
DA:43,0
DA:45,0
DA:49,0
DA:52,0
DA:54,0
DA:58,0
DA:62,0
DA:64,0
DA:65,0
DA:69,0
DA:71,0
DA:72,0
DA:77,0
DA:79,0
DA:82,0
DA:84,0
DA:87,0
DA:89,0
DA:90,0
DA:91,0
DA:98,0
DA:100,0
DA:105,0
DA:108,0
DA:113,0
DA:119,0
DA:125,0
DA:126,0
DA:132,0
DA:134,0
DA:135,0
DA:136,0
DA:139,0
DA:140,0
DA:142,0
DA:143,0
DA:147,0
DA:148,0
DA:149,0
DA:153,0
DA:154,0
DA:155,0
DA:156,0
DA:157,0
DA:162,0
DA:167,0
DA:173,0
LF:52
LH:0
end_of_record
SF:lib/core/application/shared/services/log_export_service.dart
DA:17,0
DA:18,0
DA:19,0
DA:20,0
DA:23,0
DA:24,0
DA:27,0
DA:30,0
DA:33,0
DA:34,0
DA:37,0
DA:38,0
DA:39,0
DA:40,0
DA:41,0
DA:42,0
DA:44,0
DA:52,0
DA:54,0
DA:55,0
DA:58,0
DA:59,0
DA:62,0
DA:67,0
DA:68,0
DA:69,0
DA:74,0
DA:79,0
DA:81,0
DA:82,0
DA:85,0
DA:88,0
DA:91,0
DA:97,0
DA:102,0
DA:104,0
DA:105,0
DA:108,0
DA:111,0
DA:114,0
DA:120,0
LF:41
LH:0
end_of_record
SF:lib/core/application/features/app_usages/commands/add_app_usage_tag_rule_command.dart
DA:11,0
DA:21,0
DA:28,0
DA:30,0
DA:32,0
DA:33,0
DA:34,0
DA:35,0
DA:36,0
DA:37,0
DA:40,0
DA:42,0
LF:12
LH:0
end_of_record
SF:lib/core/application/features/app_usages/commands/delete_app_usage_command.dart
DA:12,0
DA:19,0
DA:27,0
DA:35,0
DA:37,0
DA:39,0
DA:43,0
DA:46,0
DA:48,0
DA:49,0
DA:50,0
DA:55,0
DA:57,0
DA:58,0
DA:59,0
DA:63,0
DA:64,0
DA:65,0
LF:18
LH:0
end_of_record
SF:lib/core/application/features/app_usages/commands/delete_app_usage_tag_rule_command.dart
DA:10,0
DA:17,0
DA:27,0
DA:29,0
DA:31,0
DA:33,0
DA:36,0
DA:38,0
DA:39,0
DA:40,0
LF:10
LH:0
end_of_record
SF:lib/core/application/features/app_usages/commands/save_app_usage_command.dart
DA:15,0
DA:33,0
DA:47,0
DA:50,0
DA:54,0
DA:55,0
DA:57,0
DA:60,0
DA:61,0
DA:62,0
DA:63,0
DA:65,0
DA:66,0
DA:67,0
DA:68,0
DA:69,0
DA:70,0
DA:71,0
DA:73,0
DA:76,0
DA:77,0
DA:78,0
DA:79,0
DA:80,0
DA:81,0
DA:82,0
DA:83,0
LF:27
LH:0
end_of_record
SF:lib/core/application/features/app_usages/queries/get_app_usage_query.dart
DA:10,0
DA:19,0
DA:30,0
DA:32,0
DA:34,0
DA:36,0
DA:39,0
DA:40,0
DA:41,0
DA:42,0
DA:43,0
LF:11
LH:0
end_of_record
SF:lib/core/application/features/app_usages/queries/get_app_usage_statistics_query.dart
DA:12,0
DA:18,0
DA:19,0
DA:20,0
DA:21,0
DA:29,0
DA:41,0
DA:54,0
DA:66,0
DA:70,0
DA:73,0
DA:74,0
DA:75,0
DA:76,0
DA:80,0
DA:81,0
DA:82,0
DA:83,0
DA:91,0
DA:92,0
DA:93,0
DA:94,0
DA:95,0
DA:98,0
DA:99,0
DA:100,0
DA:101,0
DA:105,0
DA:106,0
DA:107,0
DA:108,0
DA:110,0
DA:113,0
DA:114,0
DA:115,0
DA:116,0
DA:118,0
DA:122,0
DA:126,0
DA:128,0
DA:136,0
DA:143,0
DA:144,0
DA:146,0
DA:151,0
DA:162,0
DA:164,0
DA:165,0
DA:169,0
DA:170,0
DA:171,0
DA:172,0
DA:174,0
DA:177,0
DA:183,0
DA:184,0
DA:186,0
DA:191,0
DA:192,0
DA:193,0
DA:197,0
DA:198,0
DA:199,0
DA:203,0
DA:204,0
DA:205,0
DA:206,0
DA:208,0
DA:209,0
LF:69
LH:0
end_of_record
SF:lib/core/application/features/app_usages/queries/get_list_app_usage_tag_rules_query.dart
DA:13,0
DA:21,0
DA:38,0
DA:54,0
DA:59,0
DA:64,0
DA:65,0
DA:66,0
DA:67,0
DA:69,0
DA:70,0
DA:73,0
DA:74,0
DA:75,0
DA:79,0
DA:80,0
DA:81,0
DA:82,0
DA:84,0
DA:88,0
DA:91,0
DA:92,0
DA:93,0
DA:94,0
DA:95,0
DA:96,0
DA:97,0
DA:98,0
DA:100,0
DA:102,0
DA:104,0
DA:105,0
DA:106,0
LF:33
LH:0
end_of_record
SF:lib/core/application/features/app_usages/queries/get_list_by_top_app_usages_query.dart
DA:16,0
DA:25,0
DA:26,0
DA:38,0
DA:50,0
DA:58,0
DA:62,0
DA:64,0
DA:65,0
DA:66,0
DA:67,0
DA:68,0
DA:69,0
DA:70,0
DA:71,0
DA:72,0
DA:75,0
DA:76,0
DA:77,0
DA:78,0
DA:79,0
DA:80,0
DA:81,0
DA:82,0
DA:83,0
DA:85,0
DA:87,0
DA:89,0
DA:90,0
DA:91,0
LF:30
LH:0
end_of_record
SF:lib/core/application/features/app_usages/commands/start_track_app_usages_command.dart
DA:12,0
DA:14,0
DA:16,0
DA:17,0
LF:4
LH:0
end_of_record
SF:lib/core/application/features/app_usages/commands/stop_track_app_usages_command.dart
DA:12,0
DA:14,0
DA:16,0
DA:17,0
LF:4
LH:0
end_of_record
SF:lib/core/application/features/app_usages/commands/add_app_usage_tag_command.dart
DA:12,0
DA:21,0
DA:29,0
DA:32,0
DA:34,0
DA:35,0
DA:38,0
DA:39,0
DA:40,0
DA:41,0
DA:42,0
DA:44,0
DA:46,0
DA:47,0
LF:14
LH:0
end_of_record
SF:lib/core/application/features/app_usages/commands/remove_tag_tag_command.dart
DA:10,0
DA:18,0
DA:27,0
DA:30,0
DA:32,0
DA:34,0
DA:36,0
DA:38,0
DA:39,0
LF:9
LH:0
end_of_record
SF:lib/core/application/features/app_usages/commands/add_app_usage_ignore_rule_command.dart
DA:10,0
DA:19,0
DA:26,0
DA:28,0
DA:30,0
DA:31,0
DA:32,0
DA:33,0
DA:34,0
DA:37,0
DA:39,0
LF:11
LH:0
end_of_record
SF:lib/core/application/features/app_usages/commands/delete_app_usage_ignore_rule_command.dart
DA:10,0
DA:17,0
DA:27,0
DA:30,0
DA:32,0
DA:34,0
DA:38,0
DA:40,0
DA:41,0
DA:42,0
LF:10
LH:0
end_of_record
SF:lib/core/application/features/app_usages/queries/get_list_app_usage_ignore_rules_query.dart
DA:9,0
DA:16,0
DA:30,0
DA:42,0
DA:45,0
DA:47,0
DA:48,0
DA:49,0
DA:52,0
DA:53,0
DA:54,0
DA:55,0
DA:56,0
DA:57,0
DA:59,0
DA:61,0
DA:63,0
DA:64,0
DA:65,0
LF:19
LH:0
end_of_record
SF:lib/core/application/features/app_usages/queries/get_distinct_device_names_query.dart
DA:9,0
DA:16,0
DA:20,0
DA:22,0
DA:23,0
LF:5
LH:0
end_of_record
SF:lib/core/application/features/app_usages/constants/system_app_exclusions.dart
DA:324,0
DA:327,0
DA:331,1
DA:332,1
DA:334,2
DA:336,2
DA:337,1
DA:340,1
DA:343,2
DA:344,4
DA:349,2
DA:350,1
LF:12
LH:10
end_of_record
SF:lib/core/application/features/app_usages/services/abstraction/base_app_usage_service.dart
DA:31,0
DA:32,0
DA:34,0
DA:47,0
DA:58,0
DA:60,0
DA:63,0
DA:69,0
DA:74,0
DA:77,0
DA:80,0
DA:81,0
DA:82,0
DA:85,0
DA:86,0
DA:88,0
DA:89,0
DA:91,0
DA:96,0
DA:97,0
DA:99,0
DA:100,0
DA:101,0
DA:104,0
DA:106,0
DA:110,0
DA:112,0
DA:114,0
DA:117,0
DA:118,0
DA:120,0
DA:121,0
DA:123,0
DA:129,0
DA:130,0
DA:131,0
DA:132,0
DA:133,0
DA:135,0
DA:140,0
DA:145,0
DA:146,0
DA:147,0
DA:149,0
DA:155,0
DA:157,0
DA:158,0
DA:160,0
DA:162,0
DA:164,0
LF:50
LH:0
end_of_record
SF:lib/core/domain/shared/constants/app_theme.dart
DA:6,0
DA:7,0
LF:2
LH:0
end_of_record
SF:lib/presentation/ui/shared/utils/device_info_helper.dart
DA:7,3
DA:10,1
DA:12,1
DA:13,0
DA:14,0
DA:18,0
DA:20,0
DA:23,0
DA:30,4
DA:32,1
DA:34,2
DA:35,0
DA:37,2
DA:38,2
DA:42,0
DA:44,0
DA:45,0
DA:47,0
DA:48,0
DA:52,0
DA:54,0
DA:55,0
DA:57,0
DA:58,0
DA:62,0
DA:64,0
DA:65,0
DA:67,0
DA:68,0
DA:74,0
DA:75,0
DA:76,0
DA:79,0
DA:82,0
DA:84,0
LF:35
LH:8
end_of_record
SF:lib/core/application/features/app_usages/services/app_usage_filter_service.dart
DA:11,1
DA:15,1
DA:17,1
DA:19,1
DA:21,1
DA:24,1
DA:26,1
DA:28,1
DA:29,1
DA:32,1
DA:35,0
DA:38,1
DA:40,1
DA:42,1
DA:46,0
DA:50,1
DA:52,2
DA:54,2
DA:56,3
DA:60,0
DA:66,0
LF:21
LH:17
end_of_record
SF:lib/core/application/features/demo/models/demo_data.dart
DA:14,0
DA:15,0
DA:16,0
DA:20,0
DA:22,0
DA:23,0
DA:27,0
DA:29,0
DA:30,0
DA:34,0
DA:36,0
DA:37,0
DA:41,0
DA:43,0
DA:44,0
DA:48,0
DA:50,0
DA:51,0
DA:55,0
DA:57,0
DA:58,0
DA:62,0
DA:67,0
DA:68,0
DA:69,0
DA:78,0
DA:80,0
DA:81,0
DA:90,0
DA:92,0
DA:93,0
DA:102,0
DA:104,0
DA:105,0
DA:114,0
DA:116,0
DA:117,0
DA:126,0
DA:128,0
DA:129,0
DA:138,0
DA:143,0
DA:145,0
DA:147,0
DA:148,0
DA:149,0
DA:154,0
DA:155,0
DA:156,0
DA:158,0
DA:159,0
DA:164,0
DA:165,0
DA:166,0
DA:168,0
DA:169,0
DA:174,0
DA:175,0
DA:177,0
DA:183,0
DA:184,0
DA:187,0
DA:188,0
DA:193,0
DA:195,0
DA:197,0
DA:198,0
DA:201,0
DA:203,0
DA:205,0
DA:207,0
DA:208,0
DA:213,0
DA:215,0
DA:217,0
DA:218,0
DA:223,0
DA:225,0
DA:227,0
DA:228,0
DA:231,0
DA:233,0
DA:235,0
DA:237,0
DA:238,0
DA:244,0
DA:245,0
DA:247,0
DA:248,0
DA:253,0
DA:254,0
DA:256,0
DA:257,0
DA:262,0
DA:263,0
DA:265,0
DA:266,0
DA:271,0
DA:272,0
DA:274,0
DA:275,0
DA:280,0
DA:281,0
DA:282,0
DA:284,0
DA:285,0
DA:288,0
DA:290,0
DA:291,0
DA:293,0
DA:294,0
DA:297,0
DA:299,0
DA:300,0
DA:302,0
DA:303,0
DA:306,0
DA:308,0
DA:309,0
DA:311,0
DA:312,0
DA:315,0
DA:317,0
DA:318,0
DA:324,0
DA:325,0
[...]
DA:463,0
DA:464,0
DA:471,0
DA:474,0
DA:475,0
DA:476,0
DA:477,0
DA:478,0
DA:479,0
DA:481,0
DA:482,0
DA:483,0
DA:484,0
DA:486,0
DA:487,0
DA:488,0
DA:489,0
DA:490,0
DA:491,0
DA:495,0
DA:496,0
DA:497,0
DA:500,0
DA:503,0
DA:504,0
DA:505,0
DA:506,0
DA:507,0
DA:508,0
DA:511,0
DA:522,0
DA:523,0
DA:524,0
DA:525,0
DA:526,0
DA:527,0
DA:529,0
DA:530,0
DA:531,0
DA:533,0
DA:534,0
DA:537,0
DA:539,0
DA:540,0
DA:541,0
DA:542,0
DA:543,0
DA:545,0
DA:558,0
DA:559,0
DA:560,0
DA:561,0
DA:562,0
DA:563,0
DA:564,0
DA:565,0
DA:566,0
DA:567,0
LF:281
LH:0
end_of_record
SF:lib/presentation/ui/shared/extensions/widget_extensions.dart
DA:5,0
DA:7,0
DA:8,0
DA:10,0
DA:14,0
LF:5
LH:0
end_of_record
SF:lib/presentation/ui/features/tasks/components/task_card.dart
DA:37,0
DA:50,0
DA:51,0
DA:52,0
DA:56,0
DA:57,0
DA:58,0
DA:59,0
DA:60,0
DA:61,0
DA:62,0
DA:63,0
DA:64,0
DA:67,0
DA:69,0
DA:70,0
DA:73,0
DA:75,0
DA:77,0
DA:78,0
DA:79,0
DA:80,0
DA:82,0
DA:83,0
DA:84,0
DA:85,0
DA:86,0
DA:87,0
DA:88,0
DA:89,0
DA:90,0
DA:91,0
DA:93,0
DA:94,0
DA:95,0
DA:97,0
DA:100,0
DA:101,0
DA:103,0
DA:106,0
DA:108,0
DA:109,0
DA:110,0
DA:112,0
DA:115,0
DA:116,0
DA:117,0
DA:118,0
DA:119,0
DA:120,0
DA:122,0
DA:123,0
DA:124,0
DA:125,0
DA:126,0
DA:127,0
DA:128,0
DA:129,0
DA:139,0
DA:141,0
DA:142,0
DA:143,0
DA:144,0
DA:149,0
DA:150,0
DA:154,0
DA:155,0
DA:157,0
DA:159,0
DA:161,0
DA:163,0
DA:166,0
DA:169,0
DA:170,0
DA:172,0
DA:177,0
DA:178,0
DA:180,0
DA:187,0
DA:188,0
DA:191,0
DA:192,0
DA:193,0
DA:194,0
DA:195,0
DA:197,0
DA:199,0
DA:201,0
DA:207,0
DA:208,0
DA:211,0
DA:212,0
DA:214,0
DA:215,0
DA:216,0
DA:221,0
DA:222,0
DA:224,0
DA:225,0
DA:226,0
DA:233,0
DA:234,0
DA:235,0
DA:236,0
DA:237,0
DA:239,0
DA:240,0
DA:241,0
DA:243,0
DA:244,0
DA:247,0
DA:250,0
DA:252,0
DA:253,0
DA:255,0
DA:256,0
DA:258,0
DA:265,0
DA:266,0
DA:267,0
DA:268,0
DA:269,0
DA:272,0
DA:273,0
DA:274,0
DA:277,0
DA:278,0
DA:280,0
DA:282,0
DA:283,0
DA:284,0
DA:286,0
DA:289,0
DA:291,0
DA:292,0
DA:293,0
DA:294,0
DA:295,0
DA:298,0
DA:301,0
DA:302,0
DA:303,0
DA:306,0
DA:307,0
LF:144
LH:0
end_of_record
SF:lib/presentation/ui/features/tasks/components/task_complete_button.dart
DA:23,0
DA:33,0
DA:34,0
DA:47,0
DA:49,0
DA:50,0
DA:53,0
DA:55,0
DA:56,0
DA:57,0
DA:61,0
DA:63,0
DA:65,0
DA:66,0
DA:68,0
DA:69,0
DA:73,0
DA:76,0
DA:77,0
DA:80,0
DA:82,0
DA:84,0
DA:85,0
DA:86,0
DA:87,0
DA:88,0
DA:91,0
DA:92,0
DA:93,0
DA:95,0
DA:96,0
DA:97,0
DA:98,0
DA:99,0
DA:100,0
DA:101,0
DA:102,0
DA:103,0
DA:104,0
DA:105,0
DA:106,0
DA:107,0
DA:108,0
DA:109,0
DA:110,0
DA:111,0
DA:114,0
DA:115,0
DA:116,0
DA:119,0
DA:121,0
DA:123,0
DA:124,0
DA:127,0
DA:129,0
DA:130,0
DA:132,0
DA:133,0
DA:134,0
DA:135,0
DA:137,0
DA:138,0
DA:139,0
DA:142,0
DA:143,0
DA:145,0
DA:146,0
DA:147,0
DA:149,0
DA:155,0
DA:156,0
DA:157,0
DA:162,0
DA:164,0
DA:165,0
DA:167,0
DA:169,0
DA:170,0
DA:172,0
DA:173,0
DA:174,0
DA:175,0
DA:176,0
DA:178,0
DA:179,0
DA:180,0
DA:181,0
DA:183,0
DA:187,0
DA:192,0
DA:193,0
DA:194,0
DA:195,0
DA:196,0
DA:197,0
DA:200,0
DA:201,0
DA:207,0
DA:208,0
DA:209,0
DA:211,0
DA:212,0
LF:102
LH:0
end_of_record
SF:lib/presentation/ui/features/tasks/components/task_date_field.dart
DA:23,0
DA:38,0
DA:39,0
DA:45,0
DA:47,0
DA:48,0
DA:49,0
DA:50,0
DA:51,0
DA:52,0
DA:53,0
DA:54,0
DA:55,0
DA:56,0
DA:57,0
DA:58,0
DA:62,0
DA:63,0
DA:65,0
DA:66,0
DA:74,0
DA:75,0
DA:77,0
DA:78,0
DA:79,0
DA:84,0
DA:85,0
DA:92,0
DA:97,0
DA:98,0
DA:102,0
DA:105,0
DA:110,0
DA:111,0
DA:112,0
DA:116,0
DA:117,0
DA:119,0
DA:120,0
DA:123,0
DA:126,0
DA:128,0
DA:130,0
DA:132,0
DA:134,0
DA:136,0
DA:138,0
DA:140,0
DA:142,0
DA:144,0
DA:146,0
DA:148,0
DA:150,0
DA:152,0
DA:154,0
DA:158,0
DA:159,0
DA:163,0
DA:164,0
DA:166,0
DA:172,0
DA:174,0
DA:179,0
DA:182,0
DA:185,0
DA:186,0
DA:190,0
DA:191,0
DA:192,0
DA:198,0
DA:200,0
DA:202,0
DA:203,0
DA:205,0
DA:206,0
DA:207,0
DA:208,0
DA:210,0
DA:211,0
DA:216,0
DA:221,0
DA:222,0
DA:223,0
DA:225,0
DA:228,0
DA:229,0
DA:230,0
DA:231,0
DA:233,0
DA:235,0
DA:236,0
DA:237,0
DA:239,0
DA:242,0
DA:246,0
LF:95
LH:0
end_of_record
SF:lib/presentation/ui/features/tasks/components/task_delete_button.dart
DA:20,0
DA:28,0
DA:29,0
DA:37,0
DA:38,0
DA:40,0
DA:41,0
DA:42,0
DA:43,0
DA:45,0
DA:47,0
DA:49,0
DA:50,0
DA:56,0
DA:57,0
DA:60,0
DA:61,0
DA:62,0
DA:63,0
DA:64,0
DA:65,0
DA:66,0
DA:68,0
DA:69,0
DA:70,0
DA:76,0
DA:79,0
DA:80,0
DA:83,0
DA:84,0
DA:87,0
DA:89,0
DA:90,0
DA:91,0
DA:92,0
DA:93,0
DA:95,0
DA:97,0
LF:38
LH:0
end_of_record
SF:lib/presentation/ui/features/tasks/components/task_details_content.dart
DA:50,0
DA:58,0
DA:59,0
DA:108,0
DA:110,0
DA:111,0
DA:112,0
DA:115,0
DA:116,0
DA:117,0
DA:120,0
DA:121,0
DA:122,0
DA:125,0
DA:126,0
DA:127,0
DA:128,0
DA:129,0
DA:130,0
DA:133,0
DA:134,0
DA:136,0
DA:139,0
DA:140,0
DA:141,0
DA:142,0
DA:146,0
DA:147,0
DA:148,0
DA:149,0
DA:153,0
DA:154,0
DA:155,0
DA:156,0
DA:160,0
DA:161,0
DA:164,0
DA:165,0
DA:168,0
DA:170,0
DA:171,0
DA:172,0
DA:177,0
DA:178,0
DA:180,0
DA:182,0
DA:183,0
DA:184,0
DA:185,0
DA:186,0
DA:187,0
DA:188,0
DA:189,0
DA:192,0
DA:193,0
DA:196,0
DA:197,0
DA:202,0
DA:203,0
DA:204,0
DA:205,0
DA:207,0
DA:213,0
DA:214,0
DA:218,0
DA:219,0
DA:223,0
DA:224,0
DA:227,0
DA:228,0
DA:229,0
DA:230,0
DA:231,0
DA:232,0
DA:233,0
DA:234,0
DA:235,0
DA:236,0
DA:237,0
DA:238,0
DA:239,0
DA:240,0
DA:241,0
DA:242,0
DA:243,0
DA:244,0
DA:245,0
DA:246,0
DA:247,0
DA:248,0
DA:254,0
DA:255,0
DA:258,0
DA:261,0
DA:262,0
DA:265,0
DA:268,0
DA:272,0
DA:273,0
DA:276,0
DA:277,0
DA:278,0
DA:279,0
DA:280,0
DA:281,0
DA:282,0
DA:283,0
DA:284,0
DA:287,0
DA:288,0
DA:291,0
DA:293,0
DA:298,0
DA:302,0
DA:303,0
DA:304,0
DA:305,0
DA:306,0
DA:307,0
DA:309,0
DA:310,0
DA:312,0
DA:313,0
DA:316,0
DA:317,0
DA:318,0
DA:321,0
DA:322,0
DA:323,0
DA:324,0
DA:325,0
DA:327,0
DA:328,0
DA:330,0
DA:331,0
DA:333,0
DA:334,0
DA:339,0
DA:340,0
DA:343,0
DA:344,0
DA:345,0
DA:347,0
DA:352,0
DA:353,0
DA:356,0
DA:357,0
DA:358,0
DA:360,0
DA:365,0
DA:366,0
DA:367,0
DA:370,0
DA:375,0
DA:376,0
DA:377,0
DA:383,0
DA:385,0
DA:386,0
DA:387,0
DA:388,0
DA:389,0
DA:390,0
DA:391,0
DA:392,0
DA:393,0
DA:395,0
DA:398,0
DA:402,0
DA:403,0
DA:408,0
DA:409,0
DA:411,0
DA:412,0
DA:416,0
DA:417,0
DA:418,0
DA:422,0
DA:423,0
DA:425,0
DA:426,0
DA:427,0
DA:428,0
DA:429,0
DA:432,0
DA:433,0
DA:435,0
DA:436,0
DA:438,0
DA:439,0
DA:440,0
DA:441,0
DA:445,0
DA:446,0
DA:447,0
DA:448,0
DA:452,0
DA:454,0
DA:462,0
DA:463,0
DA:468,0
DA:469,0
DA:473,0
DA:474,0
DA:478,0
DA:483,0
DA:487,0
DA:488,0
DA:492,0
DA:496,0
DA:503,0
DA:504,0
DA:512,0
DA:520,0
DA:521,0
DA:522,0
DA:529,0
DA:530,0
DA:532,0
DA:533,0
DA:537,0
DA:540,0
DA:542,0
DA:543,0
DA:544,0
DA:545,0
DA:548,0
DA:549,0
DA:550,0
DA:552,0
DA:553,0
DA:555,0
DA:556,0
DA:557,0
DA:560,0
DA:565,0
DA:567,0
DA:568,0
DA:569,0
DA:573,0
DA:575,0
DA:580,0
DA:581,0
DA:582,0
DA:583,0
DA:584,0
DA:586,0
DA:588,0
DA:589,0
DA:597,0
DA:598,0
DA:599,0
DA:600,0
DA:602,0
DA:606,0
DA:607,0
DA:611,0
DA:612,0
DA:616,0
DA:617,0
DA:620,0
DA:622,0
DA:623,0
DA:625,0
DA:626,0
DA:631,0
DA:632,0
DA:635,0
DA:639,0
DA:642,0
DA:643,0
DA:648,0
DA:649,0
DA:653,0
DA:654,0
DA:660,0
DA:662,0
DA:663,0
DA:665,0
DA:666,0
DA:671,0
DA:672,0
DA:676,0
DA:679,0
DA:680,0
DA:685,0
DA:686,0
DA:690,0
DA:692,0
DA:694,0
DA:697,0
DA:698,0
DA:703,0
DA:707,0
DA:709,0
DA:711,0
DA:713,0
DA:717,0
DA:719,0
DA:720,0
DA:722,0
DA:723,0
DA:724,0
DA:725,0
DA:726,0
DA:727,0
DA:731,0
DA:732,0
DA:736,0
DA:737,0
DA:739,0
DA:740,0
DA:741,0
DA:749,0
DA:750,0
DA:751,0
DA:755,0
DA:756,0
DA:757,0
DA:758,0
DA:759,0
DA:760,0
DA:763,0
DA:764,0
DA:765,0
DA:766,0
DA:768,0
DA:769,0
DA:772,0
DA:773,0
DA:774,0
DA:775,0
DA:778,0
DA:779,0
DA:780,0
DA:783,0
DA:784,0
DA:785,0
DA:786,0
DA:787,0
DA:790,0
DA:791,0
DA:792,0
DA:793,0
DA:794,0
DA:798,0
DA:801,0
DA:802,0
DA:803,0
DA:806,0
DA:807,0
DA:808,0
DA:809,0
DA:810,0
DA:811,0
DA:816,0
DA:817,0
DA:819,0
DA:820,0
DA:822,0
DA:823,0
DA:827,0
DA:828,0
DA:829,0
DA:830,0
DA:831,0
DA:832,0
DA:833,0
DA:835,0
DA:836,0
DA:837,0
DA:843,0
DA:844,0
DA:845,0
DA:846,0
DA:847,0
DA:848,0
DA:849,0
DA:851,0
DA:852,0
DA:853,0
DA:859,0
DA:861,0
DA:863,0
DA:866,0
DA:868,0
DA:869,0
DA:873,0
DA:874,0
DA:878,0
DA:879,0
DA:884,0
DA:887,0
DA:889,0
DA:894,0
DA:906,0
DA:908,0
DA:909,0
DA:911,0
DA:912,0
DA:913,0
DA:914,0
DA:915,0
DA:916,0
DA:917,0
DA:918,0
DA:919,0
DA:920,0
DA:922,0
DA:924,0
DA:926,0
DA:927,0
DA:929,0
DA:930,0
DA:931,0
DA:932,0
DA:933,0
DA:935,0
DA:936,0
DA:937,0
DA:938,0
DA:940,0
DA:948,0
DA:949,0
DA:950,0
DA:951,0
DA:952,0
DA:953,0
DA:954,0
DA:955,0
DA:956,0
DA:957,0
DA:958,0
DA:959,0
DA:960,0
DA:961,0
DA:966,0
DA:967,0
DA:972,0
DA:974,0
DA:977,0
DA:985,0
DA:986,0
DA:988,0
DA:989,0
DA:995,0
DA:996,0
DA:998,0
DA:1000,0
DA:1001,0
DA:1002,0
DA:1003,0
DA:1004,0
DA:1005,0
DA:1006,0
DA:1012,0
DA:1013,0
DA:1015,0
DA:1021,0
DA:1022,0
DA:1023,0
DA:1024,0
DA:1029,0
DA:1030,0
DA:1032,0
DA:1038,0
DA:1039,0
DA:1043,0
DA:1044,0
DA:1045,0
DA:1046,0
DA:1048,0
DA:1053,0
DA:1054,0
DA:1056,0
DA:1062,0
DA:1063,0
DA:1064,0
DA:1069,0
DA:1070,0
DA:1072,0
DA:1074,0
DA:1075,0
DA:1076,0
DA:1077,0
DA:1079,0
DA:1080,0
DA:1081,0
DA:1082,0
DA:1083,0
DA:1090,0
DA:1091,0
DA:1093,0
DA:1095,0
DA:1096,0
DA:1097,0
DA:1098,0
DA:1100,0
DA:1101,0
DA:1102,0
DA:1103,0
DA:1104,0
DA:1105,0
DA:1112,0
DA:1113,0
DA:1115,0
DA:1116,0
DA:1117,0
DA:1118,0
DA:1119,0
DA:1120,0
DA:1121,0
DA:1122,0
DA:1123,0
DA:1124,0
DA:1125,0
DA:1131,0
DA:1133,0
DA:1135,0
DA:1136,0
DA:1138,0
DA:1140,0
DA:1141,0
DA:1142,0
DA:1143,0
DA:1144,0
DA:1146,0
DA:1147,0
DA:1151,0
DA:1153,0
DA:1154,0
DA:1156,0
DA:1157,0
DA:1158,0
DA:1161,0
DA:1166,0
DA:1170,0
DA:1171,0
DA:1173,0
DA:1179,0
DA:1180,0
DA:1181,0
DA:1182,0
DA:1183,0
DA:1185,0
DA:1186,0
DA:1188,0
DA:1189,0
DA:1190,0
DA:1192,0
DA:1193,0
DA:1205,0
DA:1207,0
DA:1208,0
DA:1209,0
DA:1211,0
DA:1212,0
DA:1213,0
DA:1219,0
DA:1223,0
DA:1224,0
DA:1225,0
DA:1226,0
DA:1227,0
DA:1228,0
DA:1229,0
DA:1234,0
DA:1236,0
DA:1237,0
DA:1238,0
DA:1239,0
DA:1240,0
DA:1241,0
DA:1242,0
DA:1243,0
DA:1244,0
DA:1245,0
DA:1246,0
DA:1247,0
DA:1248,0
DA:1249,0
DA:1250,0
DA:1251,0
DA:1252,0
DA:1253,0
DA:1254,0
DA:1255,0
DA:1256,0
DA:1257,0
DA:1258,0
DA:1259,0
DA:1266,0
DA:1268,0
DA:1270,0
DA:1272,0
DA:1274,0
DA:1276,0
DA:1278,0
DA:1280,0
DA:1282,0
DA:1284,0
DA:1286,0
DA:1288,0
DA:1290,0
DA:1297,0
DA:1298,0
DA:1300,0
DA:1306,0
DA:1307,0
DA:1308,0
DA:1309,0
DA:1310,0
DA:1312,0
DA:1313,0
DA:1314,0
DA:1315,0
DA:1321,0
DA:1324,0
DA:1332,0
DA:1333,0
DA:1335,0
DA:1336,0
DA:1338,0
DA:1339,0
DA:1341,0
DA:1343,0
DA:1344,0
DA:1346,0
DA:1348,0
DA:1354,0
DA:1355,0
DA:1357,0
DA:1363,0
DA:1365,0
DA:1371,0
DA:1372,0
DA:1373,0
DA:1376,0
DA:1378,0
DA:1379,0
DA:1380,0
LF:641
LH:0
end_of_record
SF:lib/presentation/ui/features/tasks/models/task_list_option_settings.dart
DA:40,0
DA:54,0
DA:57,0
DA:58,0
DA:59,0
DA:65,0
DA:66,0
DA:70,0
DA:71,0
DA:76,0
DA:84,0
DA:85,0
DA:87,0
DA:88,0
DA:90,0
DA:91,0
DA:92,0
DA:93,0
DA:95,0
DA:97,0
DA:99,0
DA:103,0
DA:105,0
DA:106,0
DA:110,0
DA:111,0
DA:113,0
DA:114,0
DA:119,0
DA:120,0
DA:121,0
DA:122,0
DA:123,0
DA:124,0
DA:125,0
DA:128,0
DA:129,0
DA:133,0
DA:134,0
DA:138,0
DA:139,0
DA:142,0
DA:143,0
DA:146,0
DA:147,0
DA:148,0
DA:149,0
DA:150,0
DA:151,0
DA:152,0
DA:154,0
DA:155,0
DA:163,0
DA:165,0
DA:167,0
DA:169,0
DA:171,0
DA:173,0
DA:175,0
DA:177,0
DA:179,0
LF:61
LH:0
end_of_record
SF:lib/presentation/ui/features/tasks/components/timer_settings_dialog.dart
DA:40,0
DA:56,0
DA:57,0
DA:85,0
DA:87,0
DA:88,0
DA:89,0
DA:90,0
DA:91,0
DA:92,0
DA:93,0
DA:94,0
DA:95,0
DA:96,0
DA:97,0
DA:98,0
DA:101,0
DA:103,0
DA:104,0
DA:107,0
DA:109,0
DA:111,0
DA:114,0
DA:117,0
DA:123,0
DA:125,0
DA:126,0
DA:127,0
DA:128,0
DA:129,0
DA:130,0
DA:131,0
DA:132,0
DA:133,0
DA:134,0
DA:135,0
DA:136,0
DA:143,0
DA:145,0
DA:147,0
DA:150,0
DA:156,0
DA:157,0
DA:158,0
DA:159,0
DA:160,0
DA:164,0
DA:165,0
DA:166,0
DA:167,0
DA:168,0
DA:172,0
DA:174,0
DA:176,0
DA:178,0
DA:179,0
DA:181,0
DA:182,0
DA:184,0
DA:185,0
DA:187,0
DA:188,0
DA:190,0
DA:191,0
DA:193,0
DA:194,0
DA:196,0
DA:197,0
DA:199,0
DA:200,0
DA:202,0
DA:203,0
DA:205,0
DA:206,0
DA:211,0
DA:212,0
DA:218,0
DA:220,0
DA:222,0
DA:225,0
DA:231,0
DA:233,0
DA:234,0
DA:235,0
DA:238,0
DA:239,0
DA:240,0
DA:241,0
DA:242,0
DA:243,0
DA:244,0
DA:245,0
DA:246,0
DA:247,0
DA:248,0
DA:249,0
DA:250,0
DA:252,0
DA:256,0
DA:258,0
DA:259,0
DA:260,0
DA:261,0
DA:262,0
DA:265,0
DA:266,0
DA:271,0
DA:273,0
DA:278,0
DA:279,0
DA:282,0
DA:284,0
DA:286,0
DA:287,0
DA:288,0
DA:289,0
DA:291,0
DA:292,0
DA:293,0
DA:294,0
DA:295,0
DA:296,0
DA:297,0
DA:299,0
DA:301,0
DA:305,0
DA:306,0
DA:307,0
DA:308,0
DA:309,0
DA:310,0
DA:311,0
DA:312,0
DA:314,0
DA:316,0
DA:318,0
DA:319,0
DA:320,0
DA:321,0
DA:322,0
DA:323,0
DA:324,0
DA:326,0
DA:328,0
DA:330,0
DA:331,0
DA:332,0
DA:333,0
DA:334,0
DA:335,0
DA:336,0
DA:338,0
DA:346,0
DA:347,0
DA:348,0
DA:351,0
DA:352,0
DA:353,0
DA:354,0
DA:355,0
DA:356,0
DA:357,0
DA:359,0
DA:362,0
DA:363,0
DA:364,0
DA:365,0
DA:366,0
DA:367,0
DA:368,0
DA:370,0
DA:374,0
DA:375,0
DA:376,0
DA:377,0
DA:379,0
DA:380,0
DA:381,0
DA:382,0
DA:383,0
DA:384,0
DA:385,0
DA:386,0
DA:388,0
DA:391,0
DA:392,0
DA:393,0
DA:394,0
DA:395,0
DA:396,0
DA:397,0
DA:398,0
DA:400,0
DA:406,0
DA:407,0
DA:408,0
DA:409,0
DA:410,0
DA:411,0
DA:412,0
DA:414,0
DA:421,0
DA:422,0
DA:423,0
DA:424,0
DA:426,0
DA:427,0
DA:428,0
DA:429,0
DA:430,0
DA:431,0
DA:432,0
DA:433,0
DA:435,0
DA:442,0
DA:443,0
DA:445,0
DA:447,0
DA:449,0
DA:454,0
DA:456,0
DA:457,0
DA:458,0
DA:459,0
DA:460,0
DA:461,0
DA:465,0
DA:466,0
DA:467,0
DA:468,0
DA:469,0
DA:470,0
DA:471,0
DA:473,0
DA:474,0
DA:475,0
DA:476,0
DA:477,0
DA:479,0
DA:482,0
DA:484,0
DA:486,0
DA:489,0
DA:490,0
DA:494,0
DA:496,0
DA:497,0
DA:498,0
DA:502,0
DA:503,0
DA:512,0
DA:519,0
DA:531,0
DA:532,0
DA:533,0
DA:536,0
DA:537,0
DA:539,0
DA:541,0
DA:544,0
DA:546,0
DA:548,0
DA:567,0
DA:568,0
DA:569,0
DA:570,0
DA:572,0
DA:573,0
DA:574,0
DA:576,0
DA:579,0
LF:271
LH:0
end_of_record
SF:lib/presentation/ui/shared/components/app_logo.dart
DA:8,26
DA:10,0
DA:12,0
DA:14,0
DA:15,0
LF:5
LH:1
end_of_record
SF:lib/presentation/ui/shared/components/color_preview.dart
DA:7,0
DA:9,0
DA:11,0
DA:14,0
DA:15,0
DA:16,0
DA:17,0
LF:7
LH:0
end_of_record
SF:lib/presentation/ui/shared/components/help_dialog.dart
DA:16,0
DA:24,0
DA:26,0
DA:27,0
DA:28,0
DA:29,0
DA:30,0
DA:31,0
DA:32,0
DA:34,0
DA:35,0
DA:37,0
DA:40,0
DA:42,0
DA:43,0
LF:15
LH:0
end_of_record
SF:lib/presentation/ui/shared/components/markdown_renderer.dart
DA:14,0
DA:16,0
DA:18,0
DA:19,0
DA:20,0
DA:22,0
DA:25,0
DA:26,0
DA:28,0
DA:30,0
DA:33,0
DA:35,0
DA:38,0
DA:40,0
DA:43,0
DA:45,0
DA:48,0
DA:50,0
DA:53,0
DA:55,0
DA:58,0
DA:60,0
DA:61,0
DA:64,0
DA:65,0
DA:66,0
DA:70,0
DA:71,0
DA:72,0
DA:73,0
DA:74,0
DA:77,0
DA:79,0
DA:81,0
DA:82,0
DA:85,0
DA:86,0
DA:87,0
DA:88,0
DA:89,0
DA:90,0
DA:100,0
DA:101,0
DA:102,0
DA:103,0
DA:106,0
LF:46
LH:0
end_of_record
SF:lib/presentation/ui/shared/constants/navigation_items.dart
DA:19,0
DA:20,0
DA:21,0
DA:22,0
DA:23,0
DA:24,0
DA:25,0
DA:28,0
DA:29,0
DA:30,0
DA:33,0
DA:34,0
DA:36,0
LF:13
LH:0
end_of_record
SF:lib/presentation/ui/ui_presentation_container.dart
DA:26,0
DA:28,0
DA:29,0
DA:30,0
DA:31,0
DA:32,0
DA:33,0
DA:34,0
DA:36,0
DA:38,0
DA:39,0
DA:40,0
DA:41,0
DA:42,0
DA:43,0
DA:44,0
DA:45,0
DA:48,0
DA:49,0
DA:50,0
DA:51,0
DA:52,0
DA:53,0
DA:54,0
DA:56,0
DA:57,0
LF:26
LH:0
end_of_record
SF:lib/presentation/ui/shared/services/confetti_animation_service.dart
DA:7,0
DA:11,0
LF:2
LH:0
end_of_record
SF:lib/presentation/ui/shared/services/json_notification_payload_handler.dart
DA:13,0
DA:15,0
DA:17,0
DA:18,0
DA:23,0
DA:26,0
DA:31,0
DA:34,0
DA:35,0
DA:40,0
DA:43,0
DA:45,0
DA:46,0
DA:48,0
DA:51,0
DA:54,0
DA:57,0
DA:60,0
DA:61,0
DA:65,0
DA:66,0
DA:67,0
DA:70,0
DA:73,0
DA:75,0
DA:81,0
DA:84,0
DA:85,0
DA:86,0
DA:89,0
DA:92,0
DA:97,0
DA:100,0
DA:101,0
DA:106,0
DA:111,0
DA:112,0
DA:113,0
DA:116,0
LF:39
LH:0
end_of_record
SF:lib/presentation/ui/shared/services/theme_service.dart
DA:27,0
DA:29,0
DA:30,0
DA:32,0
DA:33,0
DA:35,0
DA:36,0
DA:38,0
DA:39,0
DA:41,0
DA:42,0
DA:44,0
DA:45,0
DA:47,0
DA:49,0
DA:56,0
DA:58,0
DA:65,0
DA:67,0
DA:74,0
DA:76,0
DA:83,0
DA:85,0
DA:90,0
DA:92,0
DA:97,0
DA:100,0
DA:103,0
DA:105,0
DA:110,0
DA:112,0
DA:113,0
DA:115,0
DA:119,0
DA:120,0
DA:122,0
DA:124,0
DA:125,0
DA:130,0
DA:131,0
DA:134,0
DA:137,0
DA:141,0
DA:144,0
DA:148,0
DA:150,0
DA:151,0
DA:152,0
DA:153,0
DA:154,0
DA:155,0
DA:156,0
DA:159,0
DA:162,0
DA:163,0
DA:164,0
DA:166,0
DA:168,0
DA:170,0
DA:172,0
DA:173,0
DA:175,0
DA:177,0
DA:179,0
DA:181,0
DA:183,0
DA:184,0
DA:185,0
DA:191,0
DA:192,0
DA:193,0
DA:194,0
DA:198,0
DA:199,0
DA:205,0
DA:206,0
DA:207,0
DA:208,0
DA:212,0
DA:213,0
DA:219,0
DA:220,0
DA:228,0
DA:229,0
DA:230,0
DA:232,0
DA:233,0
DA:234,0
DA:235,0
DA:237,0
DA:239,0
DA:240,0
DA:241,0
DA:245,0
DA:246,0
DA:249,0
DA:251,0
DA:253,0
DA:254,0
DA:255,0
DA:256,0
DA:257,0
DA:258,0
DA:259,0
DA:260,0
DA:263,0
DA:265,0
DA:266,0
DA:267,0
DA:273,0
DA:274,0
DA:275,0
DA:276,0
DA:280,0
DA:281,0
DA:287,0
DA:288,0
DA:289,0
DA:290,0
DA:298,0
DA:299,0
DA:303,0
DA:304,0
DA:305,0
DA:307,0
DA:308,0
DA:309,0
DA:310,0
DA:311,0
DA:313,0
DA:314,0
DA:315,0
DA:316,0
DA:317,0
DA:318,0
DA:319,0
DA:320,0
DA:322,0
DA:323,0
DA:324,0
DA:325,0
DA:327,0
DA:329,0
DA:330,0
DA:331,0
DA:333,0
DA:335,0
DA:336,0
DA:339,0
DA:342,0
DA:343,0
DA:344,0
DA:345,0
DA:346,0
DA:349,0
DA:350,0
DA:351,0
DA:355,0
DA:356,0
DA:361,0
DA:362,0
DA:370,0
DA:371,0
DA:373,0
DA:378,0
DA:379,0
DA:380,0
DA:381,0
DA:382,0
DA:384,0
DA:386,0
DA:387,0
DA:388,0
DA:391,0
DA:393,0
DA:394,0
DA:395,0
DA:396,0
DA:398,0
DA:399,0
DA:403,0
DA:405,0
DA:406,0
DA:409,0
DA:410,0
DA:414,0
DA:415,0
DA:416,0
DA:417,0
DA:418,0
DA:420,0
DA:422,0
DA:423,0
DA:424,0
DA:426,0
DA:428,0
DA:429,0
DA:430,0
DA:431,0
DA:433,0
DA:434,0
DA:440,0
DA:441,0
DA:442,0
DA:443,0
DA:444,0
DA:446,0
DA:448,0
DA:449,0
DA:450,0
DA:451,0
DA:453,0
DA:454,0
DA:460,0
DA:461,0
DA:462,0
DA:464,0
DA:465,0
DA:466,0
DA:467,0
DA:470,0
DA:471,0
DA:473,0
DA:475,0
DA:476,0
DA:477,0
DA:478,0
DA:479,0
DA:480,0
DA:483,0
DA:484,0
DA:485,0
DA:487,0
DA:488,0
DA:489,0
DA:495,0
DA:497,0
DA:498,0
DA:499,0
DA:503,0
DA:505,0
DA:510,0
DA:513,0
DA:516,0
DA:521,0
DA:528,0
DA:531,0
DA:532,0
DA:535,0
DA:538,0
DA:540,0
DA:541,0
DA:543,0
DA:549,0
DA:550,0
DA:552,0
DA:555,0
DA:558,0
DA:560,0
DA:561,0
DA:564,0
DA:566,0
DA:572,0
DA:573,0
DA:575,0
DA:580,0
DA:581,0
DA:584,0
DA:586,0
DA:588,0
DA:590,0
DA:596,0
DA:599,0
DA:601,0
DA:602,0
DA:603,0
DA:605,0
DA:607,0
DA:610,0
DA:613,0
DA:614,0
DA:617,0
DA:618,0
DA:619,0
DA:621,0
DA:622,0
DA:624,0
DA:625,0
DA:628,0
DA:631,0
DA:635,0
DA:639,0
DA:640,0
DA:642,0
DA:644,0
DA:649,0
DA:650,0
DA:652,0
DA:653,0
DA:654,0
DA:655,0
DA:657,0
DA:658,0
DA:661,0
DA:662,0
DA:667,0
DA:668,0
DA:670,0
DA:671,0
DA:672,0
DA:675,0
DA:679,0
DA:683,0
DA:684,0
DA:685,0
DA:686,0
DA:687,0
DA:689,0
DA:690,0
DA:691,0
DA:696,0
DA:697,0
DA:698,0
DA:699,0
DA:701,0
DA:702,0
DA:704,0
DA:706,0
DA:707,0
DA:713,0
DA:720,0
DA:721,0
DA:728,0
DA:731,0
DA:736,0
DA:743,0
DA:744,0
DA:745,0
DA:746,0
DA:751,0
DA:752,0
DA:754,0
DA:755,0
DA:759,0
DA:760,0
DA:763,0
DA:766,0
DA:767,0
DA:770,0
DA:771,0
DA:775,0
DA:780,0
DA:782,0
DA:784,0
DA:785,0
DA:786,0
DA:787,0
DA:788,0
DA:789,0
DA:790,0
DA:792,0
DA:793,0
DA:794,0
DA:795,0
DA:796,0
DA:799,0
DA:801,0
DA:802,0
DA:803,0
DA:804,0
DA:805,0
DA:806,0
DA:807,0
DA:809,0
DA:810,0
DA:811,0
DA:812,0
DA:813,0
DA:818,0
DA:820,0
DA:825,0
DA:831,0
DA:832,0
DA:835,0
DA:838,0
DA:839,0
DA:842,0
DA:843,0
LF:388
LH:0
end_of_record
SF:lib/presentation/ui/shared/services/translation_service.dart
DA:39,0
DA:41,0
DA:44,0
DA:47,0
DA:49,0
DA:52,0
DA:53,0
DA:54,0
DA:59,0
DA:66,0
DA:68,0
DA:71,0
DA:75,0
DA:76,0
DA:78,0
DA:81,0
DA:84,0
DA:86,0
DA:89,0
DA:93,0
DA:94,0
DA:96,0
DA:100,0
DA:101,0
DA:103,0
DA:105,0
DA:109,0
DA:110,0
DA:111,0
DA:112,0
DA:113,0
DA:114,0
DA:115,0
DA:116,0
DA:117,0
DA:118,0
DA:119,0
LF:37
LH:0
end_of_record
SF:lib/presentation/ui/shared/utils/audio_player_sound_player.dart
DA:17,0
DA:18,0
DA:19,0
DA:22,0
DA:24,0
DA:25,0
DA:26,0
DA:32,0
DA:33,0
DA:34,0
DA:35,0
DA:39,0
DA:40,0
DA:41,0
DA:42,0
DA:45,0
DA:49,0
DA:51,0
DA:54,0
DA:57,0
DA:61,0
DA:64,0
DA:67,0
DA:68,0
DA:69,0
DA:70,0
DA:73,0
DA:74,0
DA:75,0
DA:76,0
DA:79,0
DA:80,0
DA:85,0
DA:86,0
DA:87,0
DA:90,0
DA:91,0
DA:92,0
DA:93,0
DA:97,0
DA:99,0
DA:102,0
DA:104,0
DA:107,0
DA:109,0
DA:112,0
DA:114,0
DA:115,0
DA:119,0
DA:123,0
DA:125,0
DA:126,0
DA:130,0
DA:132,0
DA:134,0
DA:135,0
DA:136,0
DA:137,0
LF:58
LH:0
end_of_record
