SF:lib/infrastructure/persistence/shared/contexts/drift/drift_app_context.g.dart
DA:11,8
DA:14,14
DA:15,7
DA:20,14
DA:21,7
DA:26,14
DA:27,7
DA:32,14
DA:33,7
DA:38,14
DA:39,7
DA:44,14
DA:45,7
DA:47,7
DA:49,49
DA:50,7
DA:51,14
DA:52,7
DA:55,0
DA:58,0
DA:59,0
DA:60,0
DA:61,0
DA:63,0
DA:65,0
DA:66,0
DA:67,0
DA:69,0
DA:71,0
DA:72,0
DA:74,0
DA:75,0
DA:77,0
DA:78,0
DA:80,0
DA:81,0
DA:83,0
DA:85,0
DA:86,0
DA:88,0
DA:89,0
DA:91,0
DA:92,0
DA:94,0
DA:95,0
DA:100,7
DA:101,7
DA:102,0
DA:104,0
DA:105,0
DA:106,0
DA:107,0
DA:108,0
DA:109,0
DA:110,0
DA:111,0
DA:112,0
DA:113,0
DA:114,0
DA:115,0
DA:116,0
DA:117,0
DA:121,0
DA:123,0
DA:136,0
DA:145,0
DA:153,0
DA:154,0
DA:155,0
DA:156,0
DA:165,0
DA:166,0
DA:167,0
DA:168,0
DA:169,0
DA:170,0
DA:171,0
DA:172,0
DA:176,0
DA:184,0
DA:185,0
DA:186,0
DA:187,0
DA:188,0
DA:189,0
DA:190,0
DA:191,0
DA:195,0
DA:197,0
DA:198,0
DA:199,0
DA:201,0
DA:202,0
DA:204,0
DA:205,0
DA:207,0
DA:208,0
DA:210,0
DA:211,0
DA:213,0
DA:214,0
DA:216,0
DA:217,0
DA:222,0
DA:224,0
DA:225,0
DA:226,0
DA:227,0
DA:228,0
DA:229,0
DA:230,0
DA:231,0
DA:232,0
DA:233,0
DA:242,8
DA:245,12
DA:246,6
DA:251,12
DA:252,6
DA:257,12
DA:258,6
DA:263,12
DA:264,6
DA:268,12
DA:269,6
DA:274,12
DA:275,6
DA:279,12
DA:280,6
DA:285,14
DA:286,7
DA:288,6
DA:289,6
DA:290,6
DA:291,6
DA:292,6
DA:293,6
DA:294,6
DA:295,6
DA:296,6
DA:297,6
DA:299,7
DA:300,14
DA:301,7
DA:304,0
DA:307,0
DA:308,0
DA:309,0
DA:310,0
DA:312,0
DA:314,0
DA:315,0
DA:317,0
DA:318,0
DA:320,0
DA:322,0
DA:323,0
DA:325,0
DA:326,0
DA:328,0
DA:329,0
DA:331,0
DA:332,0
DA:334,0
DA:335,0
DA:336,0
DA:338,0
DA:340,0
DA:341,0
DA:343,0
DA:344,0
DA:346,0
DA:347,0
DA:348,0
DA:350,0
DA:351,0
DA:353,0
DA:354,0
DA:359,6
DA:360,6
DA:361,0
DA:363,0
DA:364,0
DA:365,0
DA:366,0
DA:367,0
DA:368,0
DA:369,0
DA:370,0
DA:371,0
DA:372,0
DA:373,0
DA:374,0
DA:375,0
DA:376,0
DA:377,0
DA:378,0
DA:379,0
DA:380,0
DA:384,0
DA:386,0
DA:400,0
DA:411,0
DA:421,0
DA:422,0
DA:423,0
DA:424,0
DA:435,0
DA:436,0
DA:437,0
DA:438,0
DA:439,0
DA:440,0
DA:441,0
DA:442,0
DA:443,0
DA:444,0
DA:448,0
DA:458,0
DA:459,0
DA:460,0
DA:461,0
DA:462,0
DA:463,0
DA:464,0
DA:465,0
DA:466,0
DA:467,0
DA:471,0
DA:473,0
DA:474,0
DA:475,0
DA:477,0
DA:478,0
DA:480,0
DA:481,0
DA:483,0
DA:484,0
DA:486,0
DA:487,0
DA:489,0
DA:490,0
DA:492,0
DA:493,0
DA:495,0
DA:496,0
DA:498,0
DA:499,0
DA:504,0
DA:506,0
DA:507,0
DA:508,0
DA:509,0
DA:510,0
DA:511,0
DA:512,0
DA:513,0
DA:514,0
DA:515,0
DA:516,0
DA:517,0
DA:526,8
DA:529,12
DA:530,6
DA:535,12
DA:536,6
DA:540,12
DA:541,6
DA:546,12
DA:547,6
DA:552,12
DA:553,6
DA:558,12
DA:559,6
DA:564,12
DA:565,6
DA:567,6
DA:569,48
DA:570,6
DA:571,12
DA:572,6
DA:575,0
DA:578,0
DA:579,0
DA:580,0
DA:581,0
DA:583,0
DA:585,0
DA:586,0
DA:587,0
DA:589,0
DA:591,0
DA:592,0
DA:593,0
DA:595,0
DA:597,0
DA:598,0
DA:600,0
DA:601,0
DA:603,0
DA:604,0
DA:606,0
DA:607,0
DA:609,0
DA:611,0
DA:612,0
DA:614,0
DA:615,0
DA:617,0
DA:618,0
DA:620,0
DA:621,0
DA:626,6
DA:627,6
DA:628,0
DA:630,0
DA:631,0
DA:632,0
DA:633,0
DA:634,0
DA:635,0
DA:636,0
DA:637,0
DA:638,0
DA:639,0
DA:640,0
DA:641,0
DA:642,0
DA:643,0
DA:644,0
DA:645,0
DA:649,0
DA:651,0
DA:664,0
DA:674,0
DA:683,0
DA:684,0
DA:685,0
DA:686,0
DA:687,0
DA:697,0
DA:698,0
DA:699,0
DA:700,0
DA:701,0
DA:702,0
DA:703,0
DA:704,0
DA:705,0
DA:709,0
DA:718,0
DA:719,0
DA:720,0
DA:721,0
DA:722,0
DA:723,0
DA:724,0
DA:725,0
DA:726,0
DA:730,0
DA:732,0
DA:733,0
DA:734,0
DA:736,0
DA:737,0
DA:739,0
DA:740,0
DA:742,0
DA:743,0
DA:745,0
DA:746,0
DA:748,0
DA:749,0
DA:751,0
DA:752,0
DA:754,0
DA:755,0
DA:760,0
DA:762,0
DA:763,0
DA:764,0
DA:765,0
DA:766,0
DA:767,0
DA:768,0
DA:769,0
DA:770,0
DA:771,0
DA:772,0
DA:781,8
DA:784,12
DA:785,6
DA:790,12
DA:791,6
DA:796,12
DA:797,6
DA:802,12
DA:803,6
DA:808,12
DA:809,6
DA:813,12
DA:814,6
DA:816,6
DA:818,42
DA:819,6
DA:820,12
DA:821,6
DA:824,0
DA:827,0
DA:828,0
DA:829,0
DA:830,0
DA:832,0
DA:834,0
DA:835,0
DA:837,0
DA:838,0
DA:840,0
DA:842,0
DA:843,0
DA:845,0
DA:846,0
DA:848,0
DA:849,0
DA:851,0
DA:852,0
DA:854,0
DA:855,0
DA:857,0
DA:858,0
DA:860,0
DA:862,0
DA:863,0
DA:864,0
DA:866,0
DA:871,6
DA:872,6
DA:873,0
DA:875,0
DA:876,0
DA:877,0
DA:878,0
DA:879,0
DA:880,0
DA:881,0
DA:882,0
DA:883,0
DA:884,0
DA:885,0
DA:886,0
DA:887,0
DA:888,0
DA:892,0
DA:894,0
DA:906,0
DA:915,0
DA:923,0
DA:924,0
DA:925,0
DA:926,0
DA:927,0
DA:936,0
DA:937,0
DA:938,0
DA:939,0
DA:940,0
DA:941,0
DA:942,0
DA:943,0
DA:947,0
DA:955,0
DA:956,0
DA:957,0
DA:958,0
DA:959,0
DA:960,0
DA:961,0
DA:962,0
DA:966,0
DA:968,0
DA:969,0
DA:970,0
DA:972,0
DA:973,0
DA:975,0
DA:976,0
DA:978,0
DA:979,0
DA:981,0
DA:982,0
DA:984,0
DA:985,0
DA:987,0
DA:988,0
DA:993,0
DA:995,0
DA:996,0
DA:997,0
DA:998,0
DA:999,0
DA:1000,0
DA:1001,0
DA:1002,0
DA:1003,0
DA:1004,0
DA:1013,8
DA:1016,12
DA:1017,6
DA:1022,12
DA:1023,6
DA:1028,12
DA:1029,6
DA:1034,14
DA:1035,7
DA:1040,12
DA:1041,6
DA:1046,12
DA:1047,6
DA:1052,12
DA:1053,6
DA:1055,6
DA:1056,6
DA:1057,6
DA:1058,6
DA:1059,6
DA:1060,6
DA:1061,6
DA:1062,6
DA:1063,6
DA:1065,7
DA:1066,14
DA:1067,7
DA:1070,0
DA:1073,0
DA:1074,0
DA:1075,0
DA:1076,0
DA:1078,0
DA:1080,0
DA:1081,0
DA:1083,0
DA:1084,0
DA:1086,0
DA:1088,0
DA:1089,0
DA:1090,0
DA:1092,0
DA:1094,0
DA:1095,0
DA:1096,0
DA:1098,0
DA:1100,0
DA:1101,0
DA:1103,0
DA:1104,0
DA:1106,0
DA:1108,0
DA:1109,0
DA:1111,0
DA:1112,0
DA:1114,0
DA:1115,0
DA:1117,0
DA:1118,0
DA:1123,6
DA:1124,6
DA:1125,0
DA:1127,0
DA:1128,0
DA:1129,0
DA:1130,0
DA:1131,0
DA:1132,0
DA:1133,0
DA:1134,0
DA:1135,0
DA:1136,0
DA:1137,0
DA:1138,0
DA:1139,0
DA:1140,0
DA:1141,0
DA:1142,0
DA:1146,0
DA:1148,0
DA:1162,0
DA:1172,0
DA:1181,0
DA:1182,0
DA:1183,0
DA:1184,0
DA:1185,0
DA:1186,0
DA:1196,0
DA:1197,0
DA:1198,0
DA:1199,0
DA:1200,0
DA:1201,0
DA:1202,0
DA:1203,0
DA:1204,0
DA:1208,0
DA:1217,0
DA:1218,0
DA:1219,0
DA:1220,0
DA:1221,0
DA:1222,0
DA:1223,0
DA:1224,0
DA:1225,0
DA:1229,0
DA:1231,0
DA:1232,0
DA:1233,0
DA:1235,0
DA:1236,0
DA:1238,0
DA:1239,0
DA:1241,0
DA:1242,0
DA:1244,0
DA:1245,0
DA:1247,0
DA:1248,0
DA:1250,0
DA:1251,0
DA:1253,0
DA:1254,0
DA:1259,0
DA:1261,0
DA:1262,0
DA:1263,0
DA:1264,0
DA:1265,0
DA:1266,0
DA:1267,0
DA:1268,0
DA:1269,0
DA:1270,0
DA:1271,0
DA:1280,8
DA:1283,12
DA:1284,6
DA:1289,12
DA:1290,6
DA:1295,12
DA:1296,6
DA:1301,12
DA:1302,6
DA:1307,12
DA:1308,6
DA:1313,12
DA:1314,6
DA:1316,6
DA:1318,42
DA:1319,6
DA:1320,12
DA:1321,6
DA:1324,0
DA:1327,0
DA:1328,0
DA:1329,0
DA:1330,0
DA:1332,0
DA:1334,0
DA:1335,0
DA:1337,0
DA:1338,0
DA:1340,0
DA:1342,0
DA:1343,0
DA:1345,0
DA:1346,0
DA:1348,0
DA:1349,0
DA:1351,0
DA:1352,0
DA:1354,0
DA:1355,0
DA:1356,0
DA:1358,0
DA:1360,0
DA:1361,0
DA:1363,0
DA:1364,0
DA:1366,0
DA:1371,6
DA:1372,6
DA:1373,0
DA:1375,0
DA:1376,0
DA:1377,0
DA:1378,0
DA:1379,0
DA:1380,0
DA:1381,0
DA:1382,0
DA:1383,0
DA:1384,0
DA:1385,0
DA:1386,0
DA:1387,0
DA:1388,0
DA:1392,0
DA:1394,0
DA:1406,0
DA:1415,0
DA:1423,0
DA:1424,0
DA:1425,0
DA:1426,0
DA:1427,0
DA:1436,0
DA:1437,0
DA:1438,0
DA:1439,0
DA:1440,0
DA:1441,0
DA:1442,0
DA:1443,0
DA:1447,0
DA:1455,0
DA:1456,0
DA:1457,0
DA:1458,0
DA:1459,0
DA:1460,0
DA:1461,0
DA:1462,0
DA:1466,0
DA:1468,0
DA:1469,0
DA:1470,0
DA:1472,0
DA:1473,0
DA:1475,0
DA:1476,0
DA:1478,0
DA:1479,0
DA:1481,0
DA:1482,0
DA:1484,0
DA:1485,0
DA:1487,0
DA:1488,0
DA:1493,0
DA:1495,0
DA:1496,0
DA:1497,0
DA:1498,0
DA:1499,0
DA:1500,0
DA:1501,0
DA:1502,0
DA:1503,0
DA:1504,0
DA:1513,8
DA:1516,12
DA:1517,6
DA:1522,12
DA:1523,6
DA:1528,12
DA:1529,6
DA:1534,12
DA:1535,6
DA:1539,12
DA:1540,6
DA:1545,12
DA:1546,6
DA:1551,14
DA:1552,7
DA:1557,14
DA:1558,7
DA:1563,14
DA:1564,7
DA:1567,7
DA:1573,14
DA:1574,7
DA:1579,14
DA:1580,7
DA:1587,14
DA:1588,7
DA:1592,7
DA:1597,14
DA:1598,7
DA:1605,14
DA:1606,7
DA:1613,16
DA:1614,8
DA:1618,16
DA:1619,8
DA:1623,6
DA:1624,6
DA:1625,6
DA:1626,6
DA:1627,6
DA:1628,6
DA:1629,6
DA:1630,6
DA:1631,6
DA:1632,6
DA:1633,6
DA:1634,6
DA:1635,6
DA:1636,6
DA:1637,6
DA:1638,6
DA:1639,6
DA:1640,6
DA:1642,8
DA:1643,16
DA:1644,8
DA:1647,1
DA:1650,1
DA:1651,1
DA:1652,1
DA:1653,4
DA:1655,0
DA:1657,1
DA:1658,1
DA:1660,2
DA:1661,1
DA:1663,0
DA:1665,1
DA:1666,0
DA:1668,0
DA:1669,0
DA:1671,1
DA:1672,0
DA:1674,0
DA:1675,0
DA:1677,1
DA:1678,1
DA:1679,3
DA:1681,0
DA:1683,1
DA:1684,1
DA:1686,2
DA:1687,1
DA:1689,0
DA:1691,1
DA:1692,0
DA:1694,0
DA:1695,0
DA:1697,1
DA:1698,0
DA:1700,0
DA:1701,0
DA:1703,1
DA:1704,0
DA:1706,0
DA:1707,0
DA:1709,1
DA:1710,0
DA:1712,0
DA:1713,0
DA:1715,1
DA:1716,0
DA:1718,0
DA:1719,0
DA:1721,1
DA:1722,0
DA:1723,0
DA:1725,1
DA:1726,0
DA:1728,0
DA:1729,0
DA:1731,1
DA:1732,0
DA:1734,0
DA:1735,0
DA:1737,1
DA:1738,0
DA:1740,0
DA:1741,0
DA:1743,1
DA:1744,0
DA:1745,0
DA:1750,6
DA:1751,6
DA:1752,0
DA:1754,0
DA:1755,0
DA:1756,0
DA:1757,0
DA:1758,0
DA:1759,0
DA:1760,0
DA:1761,0
DA:1762,0
DA:1763,0
DA:1764,0
DA:1765,0
DA:1766,0
DA:1767,0
DA:1768,0
DA:1769,0
DA:1770,0
DA:1771,0
DA:1772,0
DA:1773,0
DA:1774,0
DA:1775,0
DA:1776,0
DA:1777,0
DA:1778,0
DA:1779,0
DA:1780,0
DA:1781,0
DA:1782,0
DA:1783,0
DA:1784,0
DA:1785,0
DA:1786,0
DA:1787,0
DA:1791,0
DA:1793,0
DA:1815,0
DA:1834,1
DA:1852,1
DA:1853,1
DA:1854,1
DA:1855,1
DA:1856,0
DA:1875,0
DA:1876,0
DA:1877,0
DA:1878,0
DA:1879,0
DA:1880,0
DA:1881,0
DA:1882,0
DA:1883,0
DA:1884,0
DA:1885,0
DA:1886,0
DA:1887,0
DA:1888,0
DA:1889,0
DA:1890,0
DA:1891,0
DA:1892,0
DA:1896,0
DA:1914,0
DA:1915,0
DA:1916,0
DA:1917,0
DA:1918,0
DA:1919,0
DA:1920,0
DA:1921,0
DA:1922,0
DA:1923,0
DA:1924,0
DA:1925,0
DA:1926,0
DA:1927,0
DA:1928,0
DA:1929,0
DA:1930,0
DA:1931,0
DA:1935,1
DA:1937,1
DA:1938,2
DA:1939,4
DA:1941,2
DA:1942,4
DA:1944,2
DA:1945,0
DA:1947,2
DA:1948,0
DA:1950,2
DA:1951,4
DA:1953,2
DA:1954,4
DA:1956,2
DA:1957,0
DA:1959,2
DA:1960,0
DA:1962,2
DA:1963,0
DA:1965,2
DA:1966,0
DA:1968,2
DA:1969,0
DA:1971,2
DA:1972,0
DA:1974,2
DA:1975,0
DA:1977,2
DA:1978,0
DA:1980,2
DA:1981,0
DA:1983,2
DA:1984,0
DA:1986,2
DA:1987,0
DA:1992,0
DA:1994,0
DA:1995,0
DA:1996,0
DA:1997,0
DA:1998,0
DA:1999,0
DA:2000,0
DA:2001,0
DA:2002,0
DA:2003,0
DA:2004,0
DA:2005,0
DA:2006,0
DA:2007,0
DA:2008,0
DA:2009,0
DA:2010,0
DA:2011,0
DA:2012,0
DA:2013,0
DA:2022,8
DA:2025,12
DA:2026,6
DA:2031,12
DA:2032,6
DA:2037,12
DA:2038,6
DA:2043,12
DA:2044,6
DA:2049,12
DA:2050,6
DA:2054,12
DA:2055,6
DA:2057,6
DA:2059,42
DA:2060,6
DA:2061,12
DA:2062,6
DA:2065,0
DA:2068,0
DA:2069,0
DA:2070,0
DA:2071,0
DA:2073,0
DA:2075,0
DA:2076,0
DA:2078,0
DA:2079,0
DA:2081,0
DA:2083,0
DA:2084,0
DA:2086,0
DA:2087,0
DA:2089,0
DA:2090,0
DA:2092,0
DA:2093,0
DA:2095,0
DA:2096,0
DA:2097,0
DA:2099,0
DA:2101,0
DA:2102,0
DA:2103,0
DA:2105,0
DA:2110,6
DA:2111,6
DA:2112,0
DA:2114,0
DA:2115,0
DA:2116,0
DA:2117,0
DA:2118,0
DA:2119,0
DA:2120,0
DA:2121,0
DA:2122,0
DA:2123,0
DA:2124,0
DA:2125,0
DA:2126,0
DA:2127,0
DA:2131,0
DA:2133,0
DA:2145,0
DA:2154,0
DA:2162,0
DA:2163,0
DA:2164,0
DA:2165,0
DA:2166,0
DA:2175,0
DA:2176,0
DA:2177,0
DA:2178,0
DA:2179,0
DA:2180,0
DA:2181,0
DA:2182,0
DA:2186,0
DA:2194,0
DA:2195,0
DA:2196,0
DA:2197,0
DA:2198,0
DA:2199,0
DA:2200,0
DA:2201,0
DA:2205,0
DA:2207,0
DA:2208,0
DA:2209,0
DA:2211,0
DA:2212,0
DA:2214,0
DA:2215,0
DA:2217,0
DA:2218,0
DA:2220,0
DA:2221,0
DA:2223,0
DA:2224,0
DA:2226,0
DA:2227,0
DA:2232,0
DA:2234,0
DA:2235,0
DA:2236,0
DA:2237,0
DA:2238,0
DA:2239,0
DA:2240,0
DA:2241,0
DA:2242,0
DA:2243,0
DA:2252,8
DA:2255,12
DA:2256,6
DA:2261,12
DA:2262,6
DA:2267,12
DA:2268,6
DA:2273,12
DA:2274,6
DA:2279,12
DA:2280,6
DA:2283,6
DA:2288,12
DA:2289,6
DA:2294,16
DA:2295,8
DA:2300,16
DA:2301,8
DA:2304,8
DA:2307,6
DA:2308,6
DA:2309,6
DA:2310,6
DA:2311,6
DA:2312,6
DA:2313,6
DA:2314,6
DA:2315,6
DA:2316,6
DA:2318,8
DA:2319,16
DA:2320,8
DA:2323,1
DA:2326,1
DA:2327,1
DA:2328,1
DA:2329,4
DA:2331,0
DA:2333,1
DA:2334,1
DA:2336,2
DA:2337,1
DA:2339,0
DA:2341,1
DA:2342,0
DA:2344,0
DA:2345,0
DA:2347,1
DA:2348,0
DA:2350,0
DA:2351,0
DA:2353,1
DA:2354,1
DA:2355,3
DA:2357,0
DA:2359,1
DA:2360,1
DA:2361,3
DA:2363,0
DA:2365,1
DA:2366,0
DA:2368,0
DA:2369,0
DA:2371,1
DA:2372,0
DA:2374,0
DA:2375,0
DA:2380,6
DA:2381,6
DA:2382,0
DA:2384,0
DA:2385,0
DA:2386,0
DA:2387,0
DA:2388,0
DA:2389,0
DA:2390,0
DA:2391,0
DA:2392,0
DA:2393,0
DA:2394,0
DA:2395,0
DA:2396,0
DA:2397,0
DA:2398,0
DA:2399,0
DA:2400,0
DA:2401,0
DA:2405,0
DA:2407,0
DA:2421,0
DA:2432,1
DA:2442,1
DA:2443,1
DA:2444,1
DA:2445,1
DA:2446,0
DA:2457,0
DA:2458,0
DA:2459,0
DA:2460,0
DA:2461,0
DA:2462,0
DA:2463,0
DA:2464,0
DA:2465,0
DA:2466,0
DA:2470,0
DA:2480,0
DA:2481,0
DA:2482,0
DA:2483,0
DA:2484,0
DA:2485,0
DA:2486,0
DA:2487,0
DA:2488,0
DA:2489,0
DA:2493,1
DA:2495,1
DA:2496,2
DA:2497,4
DA:2499,2
DA:2500,4
DA:2502,2
DA:2503,0
DA:2505,2
DA:2506,0
DA:2508,2
DA:2509,4
DA:2511,2
DA:2512,4
DA:2514,2
DA:2515,0
DA:2517,2
DA:2518,0
DA:2520,2
DA:2521,0
DA:2526,0
DA:2528,0
DA:2529,0
DA:2530,0
DA:2531,0
DA:2532,0
DA:2533,0
DA:2534,0
DA:2535,0
DA:2536,0
DA:2537,0
DA:2538,0
DA:2539,0
DA:2547,8
DA:2550,14
DA:2551,7
DA:2555,14
DA:2556,7
DA:2561,14
DA:2562,7
DA:2566,14
DA:2567,7
DA:2574,14
DA:2575,7
DA:2580,14
DA:2581,7
DA:2586,14
DA:2587,7
DA:2589,7
DA:2591,56
DA:2592,7
DA:2593,14
DA:2594,7
DA:2597,0
DA:2600,0
DA:2601,0
DA:2602,0
DA:2603,0
DA:2605,0
DA:2607,0
DA:2608,0
DA:2609,0
DA:2611,0
DA:2613,0
DA:2614,0
DA:2615,0
DA:2617,0
DA:2618,0
DA:2619,0
DA:2621,0
DA:2622,0
DA:2624,0
DA:2625,0
DA:2627,0
DA:2629,0
DA:2630,0
DA:2632,0
DA:2633,0
DA:2635,0
DA:2636,0
DA:2638,0
DA:2639,0
DA:2644,7
DA:2645,7
DA:2646,0
DA:2648,0
DA:2649,0
DA:2650,0
DA:2651,0
DA:2652,0
DA:2653,0
DA:2654,0
DA:2655,0
DA:2656,0
DA:2657,0
DA:2658,0
DA:2659,0
DA:2660,0
DA:2661,0
DA:2662,0
DA:2663,0
DA:2667,0
DA:2669,0
DA:2682,0
DA:2692,0
DA:2701,0
DA:2702,0
DA:2703,0
DA:2704,0
DA:2714,0
DA:2715,0
DA:2716,0
DA:2717,0
DA:2718,0
DA:2719,0
DA:2720,0
DA:2721,0
DA:2722,0
DA:2726,0
DA:2735,0
DA:2736,0
DA:2737,0
DA:2738,0
DA:2739,0
DA:2740,0
DA:2741,0
DA:2742,0
DA:2743,0
DA:2747,0
DA:2749,0
DA:2750,0
DA:2751,0
DA:2753,0
DA:2754,0
DA:2756,0
DA:2757,0
DA:2759,0
DA:2760,0
DA:2762,0
DA:2763,0
DA:2765,0
DA:2766,0
DA:2768,0
DA:2769,0
DA:2771,0
DA:2772,0
DA:2777,0
DA:2779,0
DA:2780,0
DA:2781,0
DA:2782,0
DA:2783,0
DA:2784,0
DA:2785,0
DA:2786,0
DA:2787,0
DA:2788,0
DA:2789,0
DA:2798,8
DA:2801,14
DA:2802,7
DA:2806,14
DA:2807,7
DA:2811,14
DA:2812,7
DA:2817,14
DA:2818,7
DA:2823,14
DA:2824,7
DA:2829,14
DA:2830,7
DA:2832,7
DA:2834,49
DA:2835,7
DA:2836,14
DA:2837,7
DA:2840,0
DA:2843,0
DA:2844,0
DA:2845,0
DA:2846,0
DA:2848,0
DA:2850,0
DA:2851,0
DA:2852,0
DA:2854,0
DA:2856,0
DA:2857,0
DA:2858,0
DA:2860,0
DA:2862,0
DA:2863,0
DA:2865,0
DA:2866,0
DA:2868,0
DA:2870,0
DA:2871,0
DA:2873,0
DA:2874,0
DA:2876,0
DA:2877,0
DA:2879,0
DA:2880,0
DA:2885,7
DA:2886,7
DA:2887,0
DA:2889,0
DA:2890,0
DA:2891,0
DA:2892,0
DA:2893,0
DA:2894,0
DA:2895,0
DA:2896,0
DA:2897,0
DA:2898,0
DA:2899,0
DA:2900,0
DA:2901,0
DA:2902,0
DA:2906,0
DA:2908,0
DA:2920,0
DA:2929,0
DA:2937,0
DA:2938,0
DA:2939,0
DA:2940,0
DA:2941,0
DA:2950,0
DA:2951,0
DA:2952,0
DA:2953,0
DA:2954,0
DA:2955,0
DA:2956,0
DA:2957,0
DA:2961,0
DA:2969,0
DA:2970,0
DA:2971,0
DA:2972,0
DA:2973,0
DA:2974,0
DA:2975,0
DA:2976,0
DA:2980,0
DA:2982,0
DA:2983,0
DA:2984,0
DA:2986,0
DA:2987,0
DA:2989,0
DA:2990,0
DA:2992,0
DA:2993,0
DA:2995,0
DA:2996,0
DA:2998,0
DA:2999,0
DA:3001,0
DA:3002,0
DA:3007,0
DA:3009,0
DA:3010,0
DA:3011,0
DA:3012,0
DA:3013,0
DA:3014,0
DA:3015,0
DA:3016,0
DA:3017,0
DA:3018,0
DA:3027,8
DA:3030,12
DA:3031,6
DA:3036,12
DA:3037,6
DA:3042,12
DA:3043,6
DA:3048,12
DA:3049,6
DA:3053,12
DA:3054,6
DA:3058,12
DA:3059,6
DA:3062,6
DA:3063,12
DA:3065,6
DA:3066,6
DA:3067,6
DA:3069,48
DA:3070,6
DA:3071,12
DA:3072,6
DA:3075,0
DA:3078,0
DA:3079,0
DA:3080,0
DA:3081,0
DA:3083,0
DA:3085,0
DA:3086,0
DA:3088,0
DA:3089,0
DA:3091,0
DA:3093,0
DA:3094,0
DA:3096,0
DA:3097,0
DA:3099,0
DA:3100,0
DA:3102,0
DA:3103,0
DA:3105,0
DA:3106,0
DA:3107,0
DA:3109,0
DA:3111,0
DA:3112,0
DA:3113,0
DA:3115,0
DA:3120,6
DA:3121,6
DA:3122,0
DA:3124,0
DA:3125,0
DA:3126,0
DA:3127,0
DA:3128,0
DA:3129,0
DA:3130,0
DA:3131,0
DA:3132,0
DA:3133,0
DA:3134,0
DA:3135,0
DA:3136,0
DA:3137,0
DA:3138,0
DA:3139,0
DA:3140,0
DA:3144,0
DA:3146,0
DA:3149,12
DA:3162,0
DA:3172,0
DA:3181,0
DA:3182,0
DA:3183,0
DA:3184,0
DA:3185,0
DA:3186,0
DA:3196,0
DA:3197,0
DA:3198,0
DA:3199,0
DA:3200,0
DA:3201,0
DA:3202,0
DA:3203,0
DA:3204,0
DA:3208,0
DA:3217,0
DA:3218,0
DA:3219,0
DA:3220,0
DA:3221,0
DA:3222,0
DA:3223,0
DA:3224,0
DA:3225,0
DA:3229,0
DA:3231,0
DA:3232,0
DA:3233,0
DA:3235,0
DA:3236,0
DA:3238,0
DA:3239,0
DA:3241,0
DA:3242,0
DA:3244,0
DA:3245,0
DA:3247,0
DA:3248,0
DA:3250,0
DA:3251,0
DA:3252,0
DA:3254,0
DA:3255,0
DA:3260,0
DA:3262,0
DA:3263,0
DA:3264,0
DA:3265,0
DA:3266,0
DA:3267,0
DA:3268,0
DA:3269,0
DA:3270,0
DA:3271,0
DA:3272,0
DA:3281,8
DA:3284,12
DA:3285,6
DA:3290,12
DA:3291,6
DA:3296,12
DA:3297,6
DA:3302,12
DA:3303,6
DA:3307,12
DA:3308,6
DA:3312,12
DA:3313,6
DA:3318,14
DA:3319,7
DA:3324,14
DA:3325,7
DA:3329,12
DA:3330,6
DA:3335,12
DA:3336,6
DA:3338,6
DA:3339,6
DA:3340,6
DA:3341,6
DA:3342,6
DA:3343,6
DA:3344,6
DA:3345,6
DA:3346,6
DA:3347,6
DA:3348,6
DA:3349,6
DA:3351,7
DA:3352,14
DA:3353,7
DA:3356,0
DA:3359,0
DA:3360,0
DA:3361,0
DA:3362,0
DA:3364,0
DA:3366,0
DA:3367,0
DA:3369,0
DA:3370,0
DA:3372,0
DA:3374,0
DA:3375,0
DA:3377,0
DA:3378,0
DA:3380,0
DA:3381,0
DA:3383,0
DA:3384,0
DA:3386,0
DA:3387,0
DA:3388,0
DA:3390,0
DA:3392,0
DA:3393,0
DA:3394,0
DA:3396,0
DA:3398,0
DA:3399,0
DA:3401,0
DA:3402,0
DA:3404,0
DA:3406,0
DA:3407,0
DA:3409,0
DA:3410,0
DA:3412,0
DA:3414,0
DA:3415,0
DA:3416,0
DA:3418,0
DA:3419,0
DA:3421,0
DA:3422,0
DA:3427,6
DA:3428,6
DA:3429,0
DA:3431,0
DA:3432,0
DA:3433,0
DA:3434,0
DA:3435,0
DA:3436,0
DA:3437,0
DA:3438,0
DA:3439,0
DA:3440,0
DA:3441,0
DA:3442,0
DA:3443,0
DA:3444,0
DA:3445,0
DA:3446,0
DA:3447,0
DA:3448,0
DA:3449,0
DA:3450,0
DA:3451,0
DA:3452,0
DA:3456,0
DA:3458,0
DA:3474,0
DA:3487,0
DA:3499,0
DA:3500,0
DA:3501,0
DA:3502,0
DA:3503,0
DA:3504,0
DA:3505,0
DA:3518,0
DA:3519,0
DA:3520,0
DA:3521,0
DA:3522,0
DA:3523,0
DA:3524,0
DA:3525,0
DA:3526,0
DA:3527,0
DA:3528,0
DA:3529,0
DA:3533,0
DA:3545,0
DA:3546,0
DA:3547,0
DA:3548,0
DA:3549,0
DA:3550,0
DA:3551,0
DA:3552,0
DA:3553,0
DA:3554,0
DA:3555,0
DA:3556,0
DA:3560,0
DA:3562,0
DA:3563,0
DA:3564,0
DA:3566,0
DA:3567,0
DA:3569,0
DA:3570,0
DA:3572,0
DA:3573,0
DA:3575,0
DA:3576,0
DA:3578,0
DA:3579,0
DA:3581,0
DA:3582,0
DA:3584,0
DA:3585,0
DA:3587,0
DA:3588,0
DA:3590,0
DA:3591,0
DA:3593,0
DA:3594,0
DA:3599,0
DA:3601,0
DA:3602,0
DA:3603,0
DA:3604,0
DA:3605,0
DA:3606,0
DA:3607,0
DA:3608,0
DA:3609,0
DA:3610,0
DA:3611,0
DA:3612,0
DA:3613,0
DA:3614,0
DA:3622,8
DA:3625,12
DA:3626,6
DA:3631,12
DA:3632,6
DA:3637,12
DA:3638,6
DA:3643,12
DA:3644,6
DA:3648,12
DA:3649,6
DA:3653,14
DA:3654,7
DA:3659,12
DA:3660,6
DA:3664,6
DA:3666,6
DA:3668,48
DA:3669,7
DA:3670,14
DA:3671,7
DA:3674,0
DA:3677,0
DA:3678,0
DA:3679,0
DA:3680,0
DA:3682,0
DA:3684,0
DA:3685,0
DA:3687,0
DA:3688,0
DA:3690,0
DA:3692,0
DA:3693,0
DA:3695,0
DA:3696,0
DA:3698,0
DA:3699,0
DA:3701,0
DA:3702,0
DA:3704,0
DA:3705,0
DA:3706,0
DA:3708,0
DA:3710,0
DA:3711,0
DA:3712,0
DA:3714,0
DA:3715,0
DA:3717,0
DA:3718,0
DA:3723,6
DA:3724,6
DA:3725,0
DA:3727,0
DA:3728,0
DA:3729,0
DA:3730,0
DA:3731,0
DA:3732,0
DA:3733,0
DA:3734,0
DA:3735,0
DA:3736,0
DA:3737,0
DA:3738,0
DA:3739,0
DA:3740,0
DA:3741,0
DA:3742,0
DA:3746,0
DA:3748,0
DA:3761,0
DA:3771,0
DA:3780,0
DA:3781,0
DA:3782,0
DA:3783,0
DA:3793,0
DA:3794,0
DA:3795,0
DA:3796,0
DA:3797,0
DA:3798,0
DA:3799,0
DA:3800,0
DA:3801,0
DA:3805,0
DA:3814,0
DA:3815,0
DA:3816,0
DA:3817,0
DA:3818,0
DA:3819,0
DA:3820,0
DA:3821,0
DA:3822,0
DA:3826,0
DA:3828,0
DA:3829,0
DA:3830,0
DA:3832,0
DA:3833,0
DA:3835,0
DA:3836,0
DA:3838,0
DA:3839,0
DA:3841,0
DA:3842,0
DA:3844,0
DA:3845,0
DA:3847,0
DA:3848,0
DA:3850,0
DA:3851,0
DA:3856,0
DA:3858,0
DA:3859,0
DA:3860,0
DA:3861,0
DA:3862,0
DA:3863,0
DA:3864,0
DA:3865,0
DA:3866,0
DA:3867,0
DA:3868,0
DA:3877,8
DA:3880,12
DA:3881,6
DA:3886,12
DA:3887,6
DA:3892,12
DA:3893,6
DA:3898,12
DA:3899,6
DA:3904,12
DA:3905,6
DA:3910,12
DA:3911,6
DA:3913,6
DA:3914,6
DA:3915,6
DA:3916,6
DA:3917,6
DA:3918,6
DA:3919,6
DA:3920,6
DA:3922,6
DA:3923,12
DA:3924,6
DA:3927,0
DA:3930,0
DA:3931,0
DA:3932,0
DA:3933,0
DA:3935,0
DA:3937,0
DA:3938,0
DA:3940,0
DA:3941,0
DA:3943,0
DA:3945,0
DA:3946,0
DA:3948,0
DA:3949,0
DA:3951,0
DA:3952,0
DA:3954,0
DA:3955,0
DA:3957,0
DA:3958,0
DA:3960,0
DA:3961,0
DA:3963,0
DA:3965,0
DA:3966,0
DA:3968,0
DA:3969,0
DA:3971,0
DA:3976,6
DA:3977,6
DA:3978,0
DA:3980,0
DA:3981,0
DA:3982,0
DA:3983,0
DA:3984,0
DA:3985,0
DA:3986,0
DA:3987,0
DA:3988,0
DA:3989,0
DA:3990,0
DA:3991,0
DA:3992,0
DA:3993,0
DA:3997,0
DA:3999,0
DA:4011,0
DA:4020,0
DA:4028,0
DA:4029,0
DA:4030,0
DA:4031,0
DA:4032,0
DA:4041,0
DA:4042,0
DA:4043,0
DA:4044,0
DA:4045,0
DA:4046,0
DA:4047,0
DA:4048,0
DA:4052,0
DA:4060,0
DA:4061,0
DA:4062,0
DA:4063,0
DA:4064,0
DA:4065,0
DA:4066,0
DA:4067,0
DA:4071,0
DA:4073,0
DA:4074,0
DA:4075,0
DA:4077,0
DA:4078,0
DA:4080,0
DA:4081,0
DA:4083,0
DA:4084,0
DA:4086,0
DA:4087,0
DA:4089,0
DA:4090,0
DA:4092,0
DA:4093,0
DA:4098,0
DA:4100,0
DA:4101,0
DA:4102,0
DA:4103,0
DA:4104,0
DA:4105,0
DA:4106,0
DA:4107,0
DA:4108,0
DA:4109,0
DA:4117,8
DA:4120,12
DA:4121,6
DA:4126,14
DA:4127,7
DA:4131,12
DA:4132,6
DA:4137,12
DA:4138,6
DA:4142,18
DA:4144,6
DA:4145,6
DA:4149,12
DA:4150,6
DA:4155,12
DA:4156,6
DA:4161,12
DA:4162,6
DA:4167,12
DA:4168,6
DA:4173,12
DA:4174,6
DA:4179,12
DA:4180,6
DA:4185,12
DA:4186,6
DA:4190,14
DA:4191,7
DA:4197,14
DA:4198,7
DA:4202,7
DA:4203,7
DA:4206,14
DA:4207,7
DA:4211,7
DA:4212,7
DA:4215,14
DA:4216,7
DA:4220,7
DA:4221,7
DA:4225,14
DA:4226,7
DA:4231,7
DA:4232,14
DA:4237,7
DA:4238,14
DA:4243,7
DA:4244,14
DA:4249,14
DA:4250,7
DA:4255,7
DA:4256,14
DA:4258,6
DA:4259,6
DA:4260,6
DA:4261,6
DA:4262,6
DA:4263,6
DA:4264,6
DA:4265,6
DA:4266,6
DA:4267,6
DA:4268,6
DA:4269,6
DA:4270,6
DA:4271,6
DA:4272,6
DA:4273,6
DA:4274,6
DA:4275,6
DA:4276,6
DA:4277,6
DA:4278,6
DA:4279,6
DA:4280,6
DA:4281,6
DA:4283,7
DA:4284,14
DA:4285,7
DA:4288,2
DA:4291,2
DA:4292,2
DA:4293,2
DA:4294,8
DA:4296,0
DA:4298,2
DA:4299,2
DA:4301,4
DA:4302,2
DA:4304,2
DA:4305,2
DA:4306,6
DA:4308,0
DA:4310,2
DA:4311,2
DA:4313,4
DA:4314,2
DA:4316,2
DA:4317,2
DA:4319,4
DA:4320,2
DA:4322,2
DA:4323,2
DA:4325,4
DA:4326,2
DA:4328,2
DA:4329,2
DA:4331,4
DA:4332,2
DA:4334,2
DA:4335,2
DA:4337,4
DA:4338,2
DA:4340,2
DA:4341,2
DA:4343,4
DA:4344,2
DA:4346,0
DA:4348,2
DA:4349,2
DA:4351,4
DA:4352,2
DA:4354,2
DA:4355,2
DA:4357,4
DA:4358,2
DA:4360,2
DA:4361,2
DA:4362,6
DA:4364,2
DA:4365,2
DA:4367,4
DA:4368,2
DA:4370,2
DA:4371,2
DA:4373,4
DA:4374,2
DA:4376,2
DA:4377,2
DA:4379,4
DA:4380,2
DA:4382,2
DA:4383,2
DA:4385,4
DA:4386,2
DA:4388,2
DA:4389,2
DA:4391,4
DA:4392,2
DA:4394,2
DA:4395,2
DA:4397,4
DA:4398,2
DA:4403,6
DA:4404,6
DA:4405,2
DA:4407,0
DA:4408,2
DA:4409,4
DA:4410,6
DA:4411,4
DA:4412,6
DA:4413,4
DA:4414,6
DA:4415,4
DA:4416,6
DA:4417,4
DA:4418,6
DA:4419,4
DA:4420,6
DA:4421,4
DA:4422,6
DA:4423,4
DA:4424,6
DA:4425,6
DA:4426,2
DA:4427,6
DA:4428,4
DA:4429,6
DA:4430,4
DA:4431,6
DA:4432,4
DA:4433,6
DA:4434,4
DA:4435,6
DA:4436,2
DA:4437,8
DA:4438,4
DA:4440,2
DA:4441,8
DA:4442,4
DA:4443,4
DA:4444,6
DA:4445,4
DA:4446,6
DA:4447,4
DA:4448,6
DA:4450,4
DA:4451,6
DA:4453,4
DA:4454,6
DA:4455,4
DA:4456,4
DA:4457,6
DA:4458,6
DA:4459,4
DA:4463,0
DA:4465,0
DA:4468,12
DA:4471,24
DA:4473,14
DA:4476,14
DA:4478,14
DA:4506,0
DA:4531,2
DA:4555,2
DA:4556,2
DA:4557,2
DA:4558,0
DA:4583,0
DA:4584,0
DA:4585,0
DA:4586,0
DA:4587,0
DA:4588,0
DA:4589,0
DA:4590,0
DA:4591,0
DA:4592,0
DA:4593,0
DA:4594,0
DA:4595,0
DA:4596,0
DA:4598,0
DA:4600,0
DA:4601,0
DA:4602,0
DA:4604,0
DA:4606,0
DA:4607,0
DA:4608,0
DA:4610,0
DA:4611,0
DA:4615,0
DA:4639,0
DA:4640,0
DA:4641,0
DA:4642,0
DA:4643,0
DA:4644,0
DA:4645,0
DA:4646,0
DA:4647,0
DA:4648,0
DA:4649,0
DA:4650,0
DA:4651,0
DA:4652,0
DA:4654,0
DA:4656,0
DA:4657,0
DA:4658,0
DA:4659,0
DA:4660,0
DA:4661,0
DA:4662,0
DA:4663,0
DA:4664,0
DA:4668,2
DA:4670,2
DA:4671,4
DA:4672,8
DA:4674,4
DA:4675,8
DA:4677,4
DA:4678,8
DA:4680,4
DA:4681,8
DA:4683,4
DA:4684,4
DA:4685,8
DA:4687,4
DA:4688,8
DA:4690,4
DA:4691,8
DA:4693,4
DA:4694,8
DA:4696,4
DA:4697,8
DA:4699,4
DA:4700,8
DA:4702,4
DA:4703,8
DA:4705,4
DA:4706,8
DA:4708,4
DA:4709,8
DA:4711,4
DA:4712,4
DA:4713,2
DA:4714,6
DA:4716,4
DA:4717,4
DA:4718,2
DA:4719,6
DA:4721,4
DA:4722,4
DA:4723,8
DA:4725,4
DA:4726,8
DA:4728,4
DA:4729,2
DA:4730,6
DA:4732,4
DA:4733,2
DA:4734,6
DA:4736,4
DA:4737,8
DA:4739,4
DA:4740,8
DA:4742,4
DA:4743,8
DA:4745,4
DA:4746,0
DA:4751,0
DA:4753,0
DA:4754,0
DA:4755,0
DA:4756,0
DA:4757,0
DA:4758,0
DA:4759,0
DA:4760,0
DA:4761,0
DA:4762,0
DA:4763,0
DA:4764,0
DA:4765,0
DA:4766,0
DA:4767,0
DA:4768,0
DA:4769,0
DA:4770,0
DA:4771,0
DA:4772,0
DA:4773,0
DA:4774,0
DA:4775,0
DA:4776,0
DA:4777,0
DA:4778,0
DA:4787,8
DA:4790,12
DA:4791,6
DA:4796,12
DA:4797,6
DA:4802,12
DA:4803,6
DA:4808,12
DA:4809,6
DA:4813,12
DA:4814,6
DA:4818,12
DA:4819,6
DA:4821,6
DA:4823,42
DA:4824,6
DA:4825,12
DA:4826,6
DA:4829,0
DA:4832,0
DA:4833,0
DA:4834,0
DA:4835,0
DA:4837,0
DA:4839,0
DA:4840,0
DA:4842,0
DA:4843,0
DA:4845,0
DA:4847,0
DA:4848,0
DA:4850,0
DA:4851,0
DA:4853,0
DA:4854,0
DA:4856,0
DA:4857,0
DA:4859,0
DA:4860,0
DA:4861,0
DA:4863,0
DA:4865,0
DA:4866,0
DA:4867,0
DA:4869,0
DA:4874,6
DA:4875,6
DA:4876,0
DA:4878,0
DA:4879,0
DA:4880,0
DA:4881,0
DA:4882,0
DA:4883,0
DA:4884,0
DA:4885,0
DA:4886,0
DA:4887,0
DA:4888,0
DA:4889,0
DA:4890,0
DA:4891,0
DA:4895,0
DA:4897,0
DA:4909,0
DA:4918,0
DA:4926,0
DA:4927,0
DA:4928,0
DA:4929,0
DA:4930,0
DA:4939,0
DA:4940,0
DA:4941,0
DA:4942,0
DA:4943,0
DA:4944,0
DA:4945,0
DA:4946,0
DA:4950,0
DA:4958,0
DA:4959,0
DA:4960,0
DA:4961,0
DA:4962,0
DA:4963,0
DA:4964,0
DA:4965,0
DA:4969,0
DA:4971,0
DA:4972,0
DA:4973,0
DA:4975,0
DA:4976,0
DA:4978,0
DA:4979,0
DA:4981,0
DA:4982,0
DA:4984,0
DA:4985,0
DA:4987,0
DA:4988,0
DA:4990,0
DA:4991,0
DA:4996,0
DA:4998,0
DA:4999,0
DA:5000,0
DA:5001,0
DA:5002,0
DA:5003,0
DA:5004,0
DA:5005,0
DA:5006,0
DA:5007,0
DA:5016,8
DA:5019,14
DA:5020,7
DA:5024,14
DA:5025,7
DA:5030,14
DA:5031,7
DA:5036,14
DA:5037,7
DA:5042,14
DA:5043,7
DA:5048,14
DA:5049,7
DA:5051,7
DA:5053,49
DA:5054,7
DA:5055,14
DA:5056,7
DA:5059,0
DA:5062,0
DA:5063,0
DA:5064,0
DA:5065,0
DA:5067,0
DA:5069,0
DA:5070,0
DA:5071,0
DA:5073,0
DA:5075,0
DA:5076,0
DA:5077,0
DA:5079,0
DA:5081,0
DA:5082,0
DA:5084,0
DA:5085,0
DA:5087,0
DA:5089,0
DA:5090,0
DA:5092,0
DA:5093,0
DA:5095,0
DA:5096,0
DA:5098,0
DA:5099,0
DA:5104,7
DA:5105,7
DA:5106,0
DA:5108,0
DA:5109,0
DA:5110,0
DA:5111,0
DA:5112,0
DA:5113,0
DA:5114,0
DA:5115,0
DA:5116,0
DA:5117,0
DA:5118,0
DA:5119,0
DA:5120,0
DA:5121,0
DA:5125,0
DA:5127,0
DA:5139,0
DA:5148,0
DA:5156,0
DA:5157,0
DA:5158,0
DA:5159,0
DA:5160,0
DA:5169,0
DA:5170,0
DA:5171,0
DA:5172,0
DA:5173,0
DA:5174,0
DA:5175,0
DA:5176,0
DA:5180,0
DA:5188,0
DA:5189,0
DA:5190,0
DA:5191,0
DA:5192,0
DA:5193,0
DA:5194,0
DA:5195,0
DA:5199,0
DA:5201,0
DA:5202,0
DA:5203,0
DA:5205,0
DA:5206,0
DA:5208,0
DA:5209,0
DA:5211,0
DA:5212,0
DA:5214,0
DA:5215,0
DA:5217,0
DA:5218,0
DA:5220,0
DA:5221,0
DA:5226,0
DA:5228,0
DA:5229,0
DA:5230,0
DA:5231,0
DA:5232,0
DA:5233,0
DA:5234,0
DA:5235,0
DA:5236,0
DA:5237,0
DA:5242,16
DA:5243,0
DA:5244,8
DA:5245,8
DA:5246,16
DA:5247,8
DA:5248,8
DA:5249,8
DA:5250,8
DA:5251,8
DA:5252,8
DA:5253,8
DA:5254,8
DA:5255,16
DA:5256,16
DA:5257,8
DA:5258,8
DA:5259,16
DA:5260,16
DA:5261,16
DA:5262,8
DA:5263,8
DA:5264,16
DA:5265,16
DA:5266,16
DA:5267,16
DA:5268,8
DA:5269,8
DA:5270,2
DA:5272,4
DA:5273,8
DA:5274,8
DA:5275,8
DA:5276,8
DA:5277,8
DA:5278,8
DA:5279,8
DA:5280,8
DA:5281,8
DA:5282,8
DA:5283,8
DA:5284,8
DA:5285,8
DA:5286,8
DA:5287,8
DA:5288,8
DA:5289,8
DA:5290,8
DA:5291,8
DA:5292,8
DA:5294,3
DA:5331,0
DA:5338,0
DA:5339,0
DA:5341,0
DA:5342,0
DA:5344,0
DA:5345,0
DA:5347,0
DA:5348,0
DA:5350,0
DA:5351,0
DA:5353,0
DA:5354,0
DA:5359,0
DA:5366,0
DA:5367,0
DA:5369,0
DA:5370,0
DA:5372,0
DA:5373,0
DA:5375,0
DA:5376,0
DA:5378,0
DA:5379,0
DA:5380,0
DA:5382,0
DA:5383,0
DA:5388,0
DA:5395,0
DA:5396,0
DA:5398,0
DA:5399,0
DA:5401,0
DA:5402,0
DA:5404,0
DA:5405,0
DA:5407,0
DA:5408,0
DA:5410,0
DA:5411,0
DA:5430,0
DA:5432,0
DA:5435,0
DA:5436,0
DA:5438,0
DA:5439,0
DA:5441,0
DA:5442,0
DA:5444,0
DA:5453,0
DA:5462,0
DA:5471,0
DA:5480,0
DA:5481,0
DA:5482,0
DA:5531,0
DA:5538,0
DA:5539,0
DA:5541,0
DA:5542,0
DA:5544,0
DA:5545,0
DA:5547,0
DA:5548,0
DA:5550,0
DA:5551,0
DA:5553,0
DA:5554,0
DA:5556,0
DA:5557,0
DA:5559,0
DA:5560,0
DA:5565,0
DA:5572,0
DA:5573,0
DA:5575,0
DA:5576,0
DA:5578,0
DA:5579,0
DA:5580,0
DA:5582,0
DA:5583,0
DA:5585,0
DA:5586,0
DA:5588,0
DA:5589,0
DA:5591,0
DA:5592,0
DA:5594,0
DA:5595,0
DA:5600,0
DA:5607,0
DA:5608,0
DA:5610,0
DA:5611,0
DA:5613,0
DA:5614,0
DA:5616,0
DA:5617,0
DA:5619,0
DA:5620,0
DA:5622,0
DA:5623,0
DA:5625,0
DA:5626,0
DA:5628,0
DA:5629,0
DA:5644,0
DA:5645,0
DA:5648,0
DA:5649,0
DA:5650,0
DA:5651,0
DA:5652,0
DA:5653,0
DA:5654,0
DA:5665,0
DA:5676,0
DA:5687,0
DA:5698,0
DA:5699,0
DA:5700,0
DA:5742,0
DA:5749,0
DA:5750,0
DA:5752,0
DA:5753,0
DA:5755,0
DA:5756,0
DA:5758,0
DA:5759,0
DA:5761,0
DA:5762,0
DA:5764,0
DA:5765,0
DA:5767,0
DA:5768,0
DA:5773,0
DA:5780,0
DA:5781,0
DA:5783,0
DA:5784,0
DA:5786,0
DA:5787,0
DA:5789,0
DA:5790,0
DA:5792,0
DA:5793,0
DA:5795,0
DA:5796,0
DA:5797,0
DA:5799,0
DA:5800,0
DA:5805,0
DA:5812,0
DA:5813,0
DA:5815,0
DA:5816,0
DA:5818,0
DA:5819,0
DA:5821,0
DA:5822,0
DA:5824,0
DA:5825,0
DA:5827,0
DA:5828,0
DA:5830,0
DA:5831,0
DA:5849,0
DA:5851,0
DA:5854,0
DA:5855,0
DA:5856,0
DA:5857,0
DA:5859,0
DA:5860,0
DA:5862,0
DA:5872,0
DA:5882,0
DA:5892,0
DA:5902,0
DA:5903,0
DA:5904,0
DA:5949,0
DA:5956,0
DA:5957,0
DA:5959,0
DA:5960,0
DA:5962,0
DA:5963,0
DA:5965,0
DA:5966,0
DA:5968,0
DA:5969,0
DA:5971,0
DA:5972,0
DA:5977,0
DA:5984,0
DA:5985,0
DA:5987,0
DA:5988,0
DA:5990,0
DA:5991,0
DA:5992,0
DA:5994,0
DA:5995,0
DA:5997,0
DA:5998,0
DA:6000,0
DA:6001,0
DA:6006,0
DA:6013,0
DA:6014,0
DA:6016,0
DA:6017,0
DA:6019,0
DA:6020,0
DA:6022,0
DA:6023,0
DA:6025,0
DA:6026,0
DA:6028,0
DA:6029,0
DA:6047,0
DA:6049,0
DA:6052,0
DA:6053,0
DA:6054,0
DA:6055,0
DA:6056,0
DA:6057,0
DA:6058,0
DA:6067,0
DA:6076,0
DA:6085,0
DA:6094,0
DA:6095,0
DA:6096,0
DA:6141,0
DA:6148,0
DA:6149,0
DA:6151,0
DA:6152,0
DA:6154,0
DA:6155,0
DA:6157,0
DA:6158,0
DA:6160,0
DA:6161,0
DA:6163,0
DA:6164,0
DA:6166,0
DA:6167,0
DA:6172,0
DA:6179,0
DA:6180,0
DA:6182,0
DA:6183,0
DA:6185,0
DA:6186,0
DA:6188,0
DA:6189,0
DA:6191,0
DA:6192,0
DA:6194,0
DA:6195,0
DA:6196,0
DA:6198,0
DA:6199,0
DA:6204,0
DA:6211,0
DA:6212,0
DA:6214,0
DA:6215,0
DA:6217,0
DA:6218,0
DA:6220,0
DA:6221,0
DA:6223,0
DA:6224,0
DA:6226,0
DA:6227,0
DA:6229,0
DA:6230,0
DA:6249,0
DA:6251,0
DA:6254,0
DA:6255,0
DA:6257,0
DA:6258,0
DA:6260,0
DA:6261,0
DA:6263,0
DA:6273,0
DA:6283,0
DA:6293,0
DA:6303,0
DA:6304,0
DA:6305,0
DA:6350,0
DA:6357,0
DA:6358,0
DA:6360,0
DA:6361,0
DA:6363,0
DA:6364,0
DA:6366,0
DA:6367,0
DA:6369,0
DA:6370,0
DA:6372,0
DA:6373,0
DA:6378,0
DA:6385,0
DA:6386,0
DA:6388,0
DA:6389,0
DA:6391,0
DA:6392,0
DA:6393,0
DA:6395,0
DA:6396,0
DA:6398,0
DA:6399,0
DA:6401,0
DA:6402,0
DA:6407,0
DA:6414,0
DA:6415,0
DA:6417,0
DA:6418,0
DA:6420,0
DA:6421,0
DA:6423,0
DA:6424,0
DA:6426,0
DA:6427,0
DA:6429,0
DA:6430,0
DA:6448,0
DA:6450,0
DA:6453,0
DA:6454,0
DA:6455,0
DA:6456,0
DA:6457,0
DA:6458,0
DA:6459,0
DA:6468,0
DA:6477,0
DA:6486,0
DA:6495,0
DA:6496,0
DA:6497,0
DA:6558,0
DA:6560,0
DA:6562,0
DA:6563,0
DA:6564,0
DA:6566,0
DA:6569,0
DA:6570,0
DA:6573,0
DA:6574,0
DA:6575,0
DA:6581,0
DA:6588,0
DA:6589,0
DA:6591,0
DA:6592,0
DA:6594,0
DA:6595,0
DA:6597,0
DA:6598,0
DA:6600,0
DA:6601,0
DA:6603,0
DA:6604,0
DA:6606,0
DA:6607,0
DA:6609,0
DA:6610,0
DA:6612,0
DA:6613,0
DA:6615,0
DA:6616,0
DA:6618,0
DA:6619,0
DA:6621,0
DA:6622,0
DA:6624,0
DA:6625,0
DA:6626,0
DA:6628,0
DA:6629,0
DA:6631,0
DA:6632,0
DA:6634,0
DA:6635,0
DA:6637,0
DA:6640,0
DA:6642,0
DA:6643,0
DA:6644,0
DA:6645,0
DA:6648,0
DA:6649,0
DA:6650,0
DA:6656,0
DA:6662,0
DA:6669,0
DA:6670,0
DA:6672,0
DA:6673,0
DA:6675,0
DA:6676,0
DA:6677,0
DA:6679,0
DA:6680,0
DA:6682,0
DA:6683,0
DA:6685,0
DA:6686,0
DA:6688,0
DA:6689,0
DA:6690,0
DA:6692,0
DA:6693,0
DA:6694,0
DA:6696,0
DA:6697,0
DA:6699,0
DA:6700,0
DA:6701,0
DA:6703,0
DA:6704,0
DA:6705,0
DA:6707,0
DA:6708,0
DA:6710,0
DA:6711,0
DA:6712,0
DA:6714,0
DA:6715,0
DA:6717,0
DA:6718,0
DA:6720,0
DA:6721,0
DA:6726,0
DA:6733,0
DA:6734,0
DA:6736,0
DA:6737,0
DA:6739,0
DA:6740,0
DA:6742,0
DA:6743,0
DA:6745,0
DA:6746,0
DA:6748,0
DA:6749,0
DA:6751,0
DA:6752,0
DA:6754,0
DA:6755,0
DA:6757,0
DA:6758,0
DA:6760,0
DA:6761,0
DA:6763,0
DA:6764,0
DA:6766,0
DA:6767,0
DA:6769,0
DA:6770,0
DA:6772,0
DA:6773,0
DA:6775,0
DA:6776,0
DA:6778,0
DA:6779,0
DA:6781,0
DA:6785,0
DA:6787,0
DA:6788,0
DA:6789,0
DA:6790,0
DA:6793,0
DA:6794,0
DA:6795,0
DA:6801,0
DA:6817,0
DA:6818,0
DA:6821,0
DA:6822,0
DA:6823,0
DA:6824,0
DA:6825,0
DA:6826,0
DA:6827,0
DA:6846,0
DA:6865,0
DA:6884,0
DA:6903,0
DA:6904,0
DA:6905,0
DA:6906,0
DA:6908,0
DA:6909,0
DA:6910,0
DA:6912,0
DA:6913,0
DA:6916,0
DA:6917,0
DA:6919,0
DA:6923,0
DA:6924,0
DA:6925,0
DA:6926,0
DA:6927,0
DA:6929,0
DA:6973,0
DA:6980,0
DA:6981,0
DA:6983,0
DA:6984,0
DA:6986,0
DA:6987,0
DA:6989,0
DA:6990,0
DA:6992,0
DA:6993,0
DA:6995,0
DA:6996,0
DA:7001,0
DA:7008,0
DA:7009,0
DA:7011,0
DA:7012,0
DA:7014,0
DA:7015,0
DA:7016,0
DA:7018,0
DA:7019,0
DA:7021,0
DA:7022,0
DA:7024,0
DA:7025,0
DA:7030,0
DA:7037,0
DA:7038,0
DA:7040,0
DA:7041,0
DA:7043,0
DA:7044,0
DA:7046,0
DA:7047,0
DA:7049,0
DA:7050,0
DA:7052,0
DA:7053,0
DA:7068,0
DA:7069,0
DA:7072,0
DA:7073,0
DA:7074,0
DA:7075,0
DA:7076,0
DA:7077,0
DA:7078,0
DA:7087,0
DA:7096,0
DA:7105,0
DA:7114,0
DA:7115,0
DA:7116,0
DA:7160,0
DA:7163,0
DA:7164,0
DA:7165,0
DA:7167,0
DA:7168,0
DA:7170,0
DA:7171,0
DA:7172,0
DA:7174,0
DA:7175,0
DA:7181,0
DA:7188,0
DA:7189,0
DA:7191,0
DA:7192,0
DA:7194,0
DA:7195,0
DA:7197,0
DA:7198,0
DA:7200,0
DA:7201,0
DA:7203,0
DA:7204,0
DA:7206,0
DA:7207,0
DA:7209,0
DA:7210,0
DA:7212,0
DA:7213,0
DA:7214,0
DA:7215,0
DA:7218,0
DA:7219,0
DA:7220,0
DA:7232,0
DA:7239,0
DA:7240,0
DA:7242,0
DA:7243,0
DA:7245,0
DA:7246,0
DA:7247,0
DA:7249,0
DA:7250,0
DA:7252,0
DA:7253,0
DA:7255,0
DA:7256,0
DA:7258,0
DA:7259,0
DA:7261,0
DA:7262,0
DA:7264,0
DA:7265,0
DA:7266,0
DA:7267,0
DA:7270,0
DA:7271,0
DA:7272,0
DA:7284,0
DA:7291,0
DA:7292,0
DA:7294,0
DA:7295,0
DA:7297,0
DA:7298,0
DA:7300,0
DA:7301,0
DA:7303,0
DA:7304,0
DA:7306,0
DA:7307,0
DA:7309,0
DA:7310,0
DA:7312,0
DA:7313,0
DA:7315,0
DA:7316,0
DA:7317,0
DA:7318,0
DA:7321,0
DA:7322,0
DA:7323,0
DA:7345,0
DA:7347,0
DA:7350,0
DA:7351,0
DA:7352,0
DA:7353,0
DA:7355,0
DA:7356,0
DA:7358,0
DA:7369,0
DA:7380,0
DA:7391,0
DA:7402,0
DA:7403,0
DA:7404,0
DA:7405,0
DA:7407,0
DA:7408,0
DA:7409,0
DA:7411,0
DA:7424,0
DA:7426,0
DA:7428,0
DA:7430,0
DA:7432,0
DA:7433,0
DA:7439,0
DA:7440,0
DA:7483,0
DA:7490,0
DA:7491,0
DA:7493,0
DA:7494,0
DA:7496,0
DA:7497,0
DA:7499,0
DA:7500,0
DA:7502,0
DA:7503,0
DA:7505,0
DA:7506,0
DA:7508,0
DA:7509,0
DA:7514,0
DA:7521,0
DA:7522,0
DA:7524,0
DA:7525,0
DA:7527,0
DA:7528,0
DA:7530,0
DA:7531,0
DA:7533,0
DA:7534,0
DA:7536,0
DA:7537,0
DA:7538,0
DA:7540,0
DA:7541,0
DA:7546,0
DA:7553,0
DA:7554,0
DA:7556,0
DA:7557,0
DA:7559,0
DA:7560,0
DA:7562,0
DA:7563,0
DA:7565,0
DA:7566,0
DA:7568,0
DA:7569,0
DA:7571,0
DA:7572,0
DA:7587,0
DA:7588,0
DA:7591,0
DA:7592,0
DA:7593,0
DA:7594,0
DA:7595,0
DA:7596,0
DA:7597,0
DA:7607,0
DA:7617,0
DA:7627,0
DA:7637,0
DA:7638,0
DA:7639,0
DA:7679,0
DA:7686,0
DA:7687,0
DA:7689,0
DA:7690,0
DA:7692,0
DA:7693,0
DA:7695,0
DA:7696,0
DA:7698,0
DA:7699,0
DA:7701,0
DA:7702,0
DA:7707,0
DA:7714,0
DA:7715,0
DA:7717,0
DA:7718,0
DA:7720,0
DA:7721,0
DA:7723,0
DA:7724,0
DA:7726,0
DA:7727,0
DA:7728,0
DA:7730,0
DA:7731,0
DA:7736,0
DA:7743,0
DA:7744,0
DA:7746,0
DA:7747,0
DA:7749,0
DA:7750,0
DA:7752,0
DA:7753,0
DA:7755,0
DA:7756,0
DA:7758,0
DA:7759,0
DA:7774,0
DA:7775,0
DA:7778,0
DA:7779,0
DA:7780,0
DA:7781,0
DA:7782,0
DA:7783,0
DA:7784,0
DA:7793,0
DA:7802,0
DA:7811,0
DA:7820,0
DA:7821,0
DA:7822,0
DA:7864,0
DA:7871,0
DA:7872,0
DA:7874,0
DA:7875,0
DA:7877,0
DA:7878,0
DA:7880,0
DA:7881,0
DA:7883,0
DA:7884,0
DA:7886,0
DA:7887,0
DA:7889,0
DA:7890,0
DA:7891,0
DA:7892,0
DA:7897,0
DA:7904,0
DA:7905,0
DA:7907,0
DA:7908,0
DA:7910,0
DA:7911,0
DA:7912,0
DA:7914,0
DA:7915,0
DA:7917,0
DA:7918,0
DA:7920,0
DA:7921,0
DA:7923,0
DA:7924,0
DA:7929,0
DA:7936,0
DA:7937,0
DA:7939,0
DA:7940,0
DA:7942,0
DA:7943,0
DA:7945,0
DA:7946,0
DA:7948,0
DA:7949,0
DA:7951,0
DA:7952,0
DA:7954,0
DA:7955,0
DA:7970,0
DA:7971,0
DA:7974,0
DA:7975,0
DA:7976,0
DA:7977,0
DA:7978,0
DA:7979,0
DA:7980,0
DA:7990,0
DA:8000,0
DA:8010,0
DA:8020,0
DA:8021,0
DA:8022,0
DA:8070,0
DA:8077,0
DA:8078,0
DA:8080,0
DA:8081,0
DA:8083,0
DA:8084,0
DA:8086,0
DA:8087,0
DA:8089,0
DA:8090,0
DA:8092,0
DA:8093,0
DA:8095,0
DA:8096,0
DA:8098,0
DA:8099,0
DA:8101,0
DA:8102,0
DA:8104,0
DA:8105,0
DA:8110,0
DA:8117,0
DA:8118,0
DA:8120,0
DA:8121,0
DA:8123,0
DA:8124,0
DA:8125,0
DA:8127,0
DA:8128,0
DA:8130,0
DA:8131,0
DA:8133,0
DA:8134,0
DA:8136,0
DA:8137,0
DA:8138,0
DA:8140,0
DA:8141,0
DA:8143,0
DA:8144,0
DA:8146,0
DA:8147,0
DA:8148,0
DA:8153,0
DA:8160,0
DA:8161,0
DA:8163,0
DA:8164,0
DA:8166,0
DA:8167,0
DA:8169,0
DA:8170,0
DA:8172,0
DA:8173,0
DA:8175,0
DA:8176,0
DA:8178,0
DA:8179,0
DA:8181,0
DA:8182,0
DA:8184,0
DA:8185,0
DA:8187,0
DA:8188,0
DA:8206,0
DA:8208,0
DA:8211,0
DA:8212,0
DA:8213,0
DA:8214,0
DA:8215,0
DA:8216,0
DA:8217,0
DA:8230,0
DA:8243,0
DA:8256,0
DA:8269,0
DA:8270,0
DA:8271,0
DA:8314,0
DA:8321,0
DA:8322,0
DA:8324,0
DA:8325,0
DA:8327,0
DA:8328,0
DA:8330,0
DA:8331,0
DA:8333,0
DA:8334,0
DA:8336,0
DA:8337,0
DA:8339,0
DA:8340,0
DA:8345,0
DA:8352,0
DA:8353,0
DA:8355,0
DA:8356,0
DA:8358,0
DA:8359,0
DA:8360,0
DA:8362,0
DA:8363,0
DA:8365,0
DA:8366,0
DA:8368,0
DA:8369,0
DA:8371,0
DA:8372,0
DA:8377,0
DA:8384,0
DA:8385,0
DA:8387,0
DA:8388,0
DA:8390,0
DA:8391,0
DA:8393,0
DA:8394,0
DA:8396,0
DA:8397,0
DA:8399,0
DA:8400,0
DA:8402,0
DA:8403,0
DA:8418,0
DA:8419,0
DA:8422,0
DA:8423,0
DA:8424,0
DA:8425,0
DA:8426,0
DA:8427,0
DA:8428,0
DA:8438,0
DA:8448,0
DA:8458,0
DA:8468,0
DA:8469,0
DA:8470,0
DA:8510,0
DA:8517,0
DA:8518,0
DA:8520,0
DA:8521,0
DA:8523,0
DA:8524,0
DA:8526,0
DA:8527,0
DA:8529,0
DA:8530,0
DA:8532,0
DA:8533,0
DA:8534,0
DA:8539,0
DA:8546,0
DA:8547,0
DA:8549,0
DA:8550,0
DA:8552,0
DA:8553,0
DA:8554,0
DA:8556,0
DA:8557,0
DA:8559,0
DA:8560,0
DA:8561,0
DA:8563,0
DA:8564,0
DA:8565,0
DA:8570,0
DA:8577,0
DA:8578,0
DA:8580,0
DA:8581,0
DA:8583,0
DA:8584,0
DA:8586,0
DA:8587,0
DA:8589,0
DA:8590,0
DA:8592,0
DA:8593,0
DA:8608,0
DA:8609,0
DA:8612,0
DA:8613,0
DA:8614,0
DA:8615,0
DA:8616,0
DA:8617,0
DA:8618,0
DA:8627,0
DA:8636,0
DA:8645,0
DA:8654,0
DA:8655,0
DA:8656,0
DA:8726,0
DA:8733,0
DA:8734,0
DA:8736,0
DA:8737,0
DA:8739,0
DA:8740,0
DA:8742,0
DA:8743,0
DA:8745,0
DA:8746,0
DA:8747,0
DA:8748,0
DA:8750,0
DA:8751,0
DA:8753,0
DA:8754,0
DA:8756,0
DA:8757,0
DA:8759,0
DA:8760,0
DA:8762,0
DA:8763,0
DA:8765,0
DA:8766,0
DA:8768,0
DA:8769,0
DA:8771,0
DA:8772,0
DA:8774,0
DA:8775,0
DA:8776,0
DA:8777,0
DA:8779,0
DA:8780,0
DA:8781,0
DA:8782,0
DA:8784,0
DA:8785,0
DA:8786,0
DA:8787,0
DA:8789,0
DA:8790,0
DA:8791,0
DA:8793,0
DA:8794,0
DA:8795,0
DA:8797,0
DA:8798,0
DA:8799,0
DA:8801,0
DA:8802,0
DA:8803,0
DA:8805,0
DA:8806,0
DA:8807,0
DA:8809,0
DA:8810,0
DA:8811,0
DA:8816,0
DA:8823,0
DA:8824,0
DA:8826,0
DA:8827,0
DA:8828,0
DA:8830,0
DA:8831,0
DA:8833,0
DA:8834,0
DA:8836,0
DA:8837,0
DA:8839,0
DA:8840,0
DA:8842,0
DA:8843,0
DA:8844,0
DA:8846,0
DA:8847,0
DA:8848,0
DA:8850,0
DA:8851,0
DA:8853,0
DA:8854,0
DA:8856,0
DA:8857,0
DA:8858,0
DA:8860,0
DA:8861,0
DA:8863,0
DA:8864,0
DA:8866,0
DA:8867,0
DA:8868,0
DA:8870,0
DA:8871,0
DA:8872,0
DA:8874,0
DA:8875,0
DA:8876,0
DA:8878,0
DA:8879,0
DA:8880,0
DA:8882,0
DA:8883,0
DA:8884,0
DA:8886,0
DA:8887,0
DA:8888,0
DA:8890,0
DA:8891,0
DA:8892,0
DA:8894,0
DA:8895,0
DA:8896,0
DA:8898,0
DA:8899,0
DA:8900,0
DA:8905,0
DA:8912,0
DA:8913,0
DA:8915,0
DA:8916,0
DA:8918,0
DA:8919,0
DA:8921,0
DA:8922,0
DA:8924,0
DA:8925,0
DA:8927,0
DA:8928,0
DA:8930,0
DA:8931,0
DA:8933,0
DA:8934,0
DA:8936,0
DA:8937,0
DA:8939,0
DA:8940,0
DA:8942,0
DA:8943,0
DA:8945,0
DA:8946,0
DA:8948,0
DA:8949,0
DA:8951,0
DA:8952,0
DA:8953,0
DA:8955,0
DA:8956,0
DA:8957,0
DA:8959,0
DA:8960,0
DA:8961,0
DA:8963,0
DA:8964,0
DA:8966,0
DA:8967,0
DA:8969,0
DA:8970,0
DA:8972,0
DA:8973,0
DA:8975,0
DA:8976,0
DA:8978,0
DA:8979,0
DA:8994,0
DA:8995,0
DA:8998,0
DA:8999,0
DA:9000,0
DA:9001,0
DA:9002,0
DA:9003,0
DA:9004,0
DA:9029,0
DA:9054,0
DA:9079,0
DA:9104,0
DA:9105,0
DA:9106,0
DA:9146,0
DA:9153,0
DA:9154,0
DA:9156,0
DA:9157,0
DA:9159,0
DA:9160,0
DA:9162,0
DA:9163,0
DA:9165,0
DA:9166,0
DA:9168,0
DA:9169,0
DA:9174,0
DA:9181,0
DA:9182,0
DA:9184,0
DA:9185,0
DA:9187,0
DA:9188,0
DA:9189,0
DA:9191,0
DA:9192,0
DA:9194,0
DA:9195,0
DA:9197,0
DA:9198,0
DA:9203,0
DA:9210,0
DA:9211,0
DA:9213,0
DA:9214,0
DA:9216,0
DA:9217,0
DA:9219,0
DA:9220,0
DA:9222,0
DA:9223,0
DA:9225,0
DA:9226,0
DA:9241,0
DA:9242,0
DA:9245,0
DA:9246,0
DA:9247,0
DA:9248,0
DA:9249,0
DA:9250,0
DA:9251,0
DA:9260,0
DA:9269,0
DA:9278,0
DA:9287,0
DA:9288,0
DA:9289,0
DA:9329,0
DA:9336,0
DA:9337,0
DA:9339,0
DA:9340,0
DA:9342,0
DA:9343,0
DA:9345,0
DA:9346,0
DA:9348,0
DA:9349,0
DA:9351,0
DA:9352,0
DA:9357,0
DA:9364,0
DA:9365,0
DA:9367,0
DA:9368,0
DA:9370,0
DA:9371,0
DA:9373,0
DA:9374,0
DA:9376,0
DA:9377,0
DA:9378,0
DA:9380,0
DA:9381,0
DA:9386,0
DA:9393,0
DA:9394,0
DA:9396,0
DA:9397,0
DA:9399,0
DA:9400,0
DA:9402,0
DA:9403,0
DA:9405,0
DA:9406,0
DA:9408,0
DA:9409,0
DA:9427,0
DA:9429,0
DA:9432,0
DA:9433,0
DA:9434,0
DA:9435,0
DA:9437,0
DA:9438,0
DA:9440,0
DA:9449,0
DA:9458,0
DA:9467,0
DA:9476,0
DA:9477,0
DA:9478,0
DA:9501,0
DA:9502,0
DA:9503,0
DA:9504,0
DA:9505,0
DA:9506,0
DA:9507,0
DA:9508,0
DA:9509,0
DA:9510,0
DA:9511,0
DA:9512,0
DA:9513,0
DA:9514,0
DA:9515,0
DA:9516,0
DA:9517,0
DA:9518,0
DA:9519,0
DA:9520,0
DA:9521,0
DA:9522,0
DA:9523,0
DA:9524,0
DA:9525,0
DA:9526,0
DA:9527,0
DA:9528,0
DA:9529,0
DA:9530,0
DA:9531,0
DA:9532,0
DA:9533,0
DA:9534,0
DA:9535,0
DA:9536,0
DA:9537,0
DA:9538,0
DA:9539,0
LF:4114
LH:860
end_of_record
SF:lib/infrastructure/persistence/shared/contexts/drift/drift_app_context.dart
DA:51,0
DA:52,4
DA:82,1
DA:86,2
DA:89,16
DA:92,0
DA:97,3
DA:99,6
DA:102,8
DA:106,2
DA:107,2
DA:108,0
DA:110,2
DA:111,0
DA:113,2
DA:120,0
DA:124,0
DA:129,4
DA:130,0
DA:135,8
DA:137,16
DA:139,0
DA:142,0
DA:147,2
DA:151,0
DA:152,0
DA:154,0
DA:155,0
DA:156,0
DA:157,0
DA:158,0
DA:161,0
DA:162,0
DA:165,0
DA:171,2
DA:174,4
DA:175,2
DA:176,0
DA:180,2
DA:182,2
DA:184,2
DA:185,0
DA:188,8
DA:190,0
DA:195,0
DA:196,0
DA:199,0
DA:200,0
DA:202,0
DA:203,0
DA:206,0
DA:207,0
DA:208,0
DA:209,0
DA:214,0
DA:217,0
DA:218,0
DA:224,0
DA:226,0
DA:231,0
DA:232,0
DA:234,0
DA:237,0
DA:241,0
DA:244,0
DA:247,0
DA:248,0
DA:252,0
DA:254,0
DA:257,0
DA:264,0
DA:268,0
DA:269,0
DA:271,0
DA:272,0
DA:273,0
DA:274,0
DA:275,0
DA:278,0
DA:279,0
DA:285,0
DA:290,8
DA:292,8
DA:293,6
DA:295,24
DA:296,6
DA:297,6
DA:298,12
DA:300,0
DA:304,8
DA:308,0
DA:309,0
DA:310,0
DA:311,0
DA:312,0
DA:317,8
DA:320,8
DA:323,8
DA:324,10
DA:325,18
DA:326,24
DA:329,0
DA:333,2
DA:335,6
DA:338,2
DA:341,2
DA:344,2
DA:347,4
DA:348,2
DA:349,1
DA:350,4
DA:352,1
DA:354,2
DA:357,2
DA:359,1
DA:361,2
DA:364,1
DA:389,2
DA:391,1
DA:393,1
DA:407,1
DA:409,4
DA:411,1
DA:413,4
DA:415,1
DA:418,2
DA:421,1
DA:423,2
DA:424,1
DA:426,0
DA:427,0
DA:428,0
DA:430,0
DA:431,0
DA:432,0
DA:433,0
DA:436,0
DA:437,0
DA:438,0
DA:440,0
DA:441,0
DA:442,0
DA:443,0
DA:450,0
DA:452,0
DA:453,0
DA:454,0
DA:460,0
DA:464,1
DA:465,1
DA:467,1
DA:481,1
DA:501,1
DA:502,1
DA:504,1
DA:506,1
DA:520,1
DA:522,1
DA:525,4
DA:526,4
DA:528,1
DA:530,4
DA:532,1
DA:534,1
DA:537,1
DA:549,1
DA:555,1
DA:557,1
DA:559,4
DA:561,1
DA:563,2
DA:564,2
DA:566,1
DA:568,4
DA:569,4
DA:572,4
DA:573,4
DA:574,4
DA:576,1
DA:578,1
DA:585,1
DA:593,1
DA:601,1
DA:607,1
DA:609,4
DA:611,1
DA:613,4
DA:614,4
DA:615,4
DA:616,4
DA:617,4
DA:618,4
DA:619,4
DA:621,1
DA:623,4
DA:624,4
DA:625,4
DA:627,1
DA:630,1
DA:632,1
DA:635,0
DA:639,1
DA:641,1
DA:643,5
DA:647,4
DA:650,1
DA:656,2
DA:659,0
DA:663,2
DA:665,8
DA:668,2
DA:679,2
DA:686,2
DA:688,2
DA:691,0
DA:695,2
DA:699,2
DA:701,4
DA:702,2
DA:703,0
DA:707,2
DA:717,2
DA:746,2
DA:753,4
DA:754,4
DA:755,6
DA:758,2
DA:759,2
DA:761,0
DA:765,2
DA:767,2
DA:781,2
DA:788,2
DA:789,2
DA:792,8
DA:795,2
DA:799,2
DA:812,2
DA:815,2
DA:817,2
DA:820,2
DA:824,2
DA:826,2
DA:828,10
DA:832,8
DA:835,2
DA:843,2
DA:846,2
DA:848,2
DA:851,0
DA:855,2
DA:858,2
DA:860,6
DA:861,6
DA:864,4
DA:865,4
DA:866,6
DA:869,2
DA:872,2
DA:874,2
DA:875,0
DA:877,0
DA:878,0
DA:883,2
DA:898,2
DA:899,2
DA:924,2
DA:938,0
DA:955,4
DA:956,4
DA:960,4
DA:961,4
DA:963,2
DA:964,0
DA:965,0
DA:968,2
DA:969,0
DA:970,0
DA:973,2
DA:976,2
DA:979,2
DA:984,4
DA:985,4
DA:988,2
DA:992,2
DA:993,2
DA:1007,2
DA:1015,4
DA:1016,4
DA:1017,2
DA:1018,2
DA:1019,0
DA:1022,2
DA:1025,0
DA:1040,2
DA:1043,0
DA:1047,2
DA:1049,8
DA:1051,2
DA:1056,4
DA:1058,2
DA:1087,2
DA:1108,2
DA:1111,2
DA:1114,2
DA:1117,2
DA:1119,6
DA:1122,0
DA:1123,0
DA:1130,1
DA:1131,2
DA:1134,4
DA:1136,0
DA:1137,0
DA:1138,0
DA:1140,1
DA:1145,0
DA:1146,0
DA:1147,0
DA:1148,0
LF:320
LH:209
end_of_record
SF:lib/core/application/features/app_usages/models/app_usage_time_record_with_details.dart
DA:12,0
LF:1
LH:0
end_of_record
SF:lib/core/application/features/app_usages/queries/get_list_app_usage_tags_query.dart
DA:13,0
DA:23,0
DA:28,0
DA:37,0
DA:42,0
DA:44,0
DA:45,0
DA:46,0
DA:47,0
DA:50,0
DA:51,0
DA:52,0
DA:53,0
DA:54,0
DA:55,0
DA:56,0
DA:57,0
DA:58,0
DA:61,0
DA:63,0
DA:64,0
DA:65,0
LF:22
LH:0
end_of_record
SF:lib/core/domain/features/app_usages/app_usage_tag.dart
DA:9,0
DA:17,0
DA:18,0
DA:19,0
DA:20,0
DA:21,0
DA:24,0
DA:25,0
DA:26,0
DA:27,0
DA:28,0
DA:29,0
DA:30,0
DA:31,0
LF:14
LH:0
end_of_record
SF:lib/core/domain/features/tags/tag.dart
DA:10,1
DA:20,0
DA:21,0
DA:22,0
DA:23,0
DA:24,0
DA:25,0
DA:28,0
DA:29,0
DA:30,0
DA:31,0
DA:32,0
DA:33,0
DA:34,0
DA:35,0
DA:36,0
LF:16
LH:1
end_of_record
SF:lib/core/domain/features/app_usages/app_usage_ignore_rule.dart
DA:9,1
DA:18,0
DA:19,0
DA:20,0
DA:21,0
DA:22,0
DA:25,0
DA:26,0
DA:27,0
DA:28,0
DA:29,0
DA:30,0
DA:31,0
DA:32,0
LF:14
LH:1
end_of_record
SF:lib/core/domain/features/app_usages/app_usage.dart
DA:11,0
DA:22,0
DA:23,0
DA:24,0
DA:25,0
DA:26,0
DA:27,0
DA:28,0
DA:31,0
DA:32,0
DA:33,0
DA:34,0
DA:35,0
DA:36,0
DA:37,0
DA:38,0
DA:39,0
DA:40,0
LF:18
LH:0
end_of_record
SF:lib/core/application/features/tags/models/tag_time_data.dart
DA:10,0
DA:18,0
DA:25,0
DA:26,0
DA:27,0
DA:28,0
DA:29,0
DA:30,0
LF:8
LH:0
end_of_record
SF:lib/core/domain/features/app_usages/app_usage_tag_rule.dart
DA:10,0
DA:20,0
DA:21,0
DA:22,0
DA:23,0
DA:24,0
DA:25,0
DA:28,0
DA:29,0
DA:30,0
DA:31,0
DA:32,0
DA:33,0
DA:34,0
DA:35,0
DA:36,0
LF:16
LH:0
end_of_record
SF:lib/core/domain/features/app_usages/app_usage_time_record.dart
DA:10,0
DA:20,0
DA:21,0
DA:22,0
DA:23,0
DA:24,0
DA:25,0
DA:28,0
DA:31,0
DA:32,0
DA:33,0
DA:34,0
DA:36,0
DA:39,0
DA:40,0
DA:41,0
DA:42,0
DA:43,0
DA:44,0
DA:46,0
LF:20
LH:0
end_of_record
SF:lib/core/domain/features/habits/habit_record.dart
DA:9,4
DA:19,0
DA:20,0
DA:23,0
DA:24,0
DA:25,0
DA:26,0
DA:27,0
DA:30,0
DA:31,0
DA:32,0
DA:33,0
DA:34,0
DA:35,0
DA:36,0
DA:37,0
LF:16
LH:1
end_of_record
SF:lib/core/domain/features/habits/habit.dart
DA:28,0
DA:50,0
DA:52,0
DA:53,0
DA:58,0
DA:59,0
DA:64,0
DA:65,0
DA:66,0
DA:67,0
DA:74,0
DA:79,0
DA:82,0
DA:83,0
DA:87,0
DA:88,0
DA:92,0
DA:93,0
DA:98,0
DA:99,0
DA:100,0
DA:107,0
DA:108,0
DA:109,0
DA:115,0
DA:116,0
DA:120,0
DA:121,0
DA:122,0
DA:124,0
DA:128,0
DA:129,0
DA:132,0
DA:136,0
DA:137,0
DA:141,0
DA:143,0
DA:149,0
DA:150,0
DA:154,0
DA:155,0
DA:159,0
DA:160,0
DA:161,0
DA:165,0
DA:167,0
DA:173,0
DA:176,0
DA:177,0
DA:181,0
DA:182,0
DA:186,0
DA:187,0
DA:190,0
DA:191,0
DA:192,0
DA:193,0
DA:194,0
DA:195,0
DA:196,0
DA:197,0
DA:198,0
DA:199,0
DA:200,0
DA:201,0
DA:202,0
DA:203,0
DA:204,0
DA:207,0
DA:210,0
DA:211,0
DA:212,0
DA:217,0
DA:218,0
DA:219,0
DA:224,0
DA:225,0
DA:226,0
DA:231,0
DA:232,0
DA:233,0
DA:238,0
DA:239,0
DA:240,0
DA:243,0
DA:244,0
DA:245,0
DA:246,0
DA:247,0
DA:248,0
DA:249,0
DA:251,0
DA:252,0
DA:253,0
DA:254,0
DA:255,0
LF:96
LH:0
end_of_record
SF:lib/core/domain/features/habits/habit_tag.dart
DA:9,0
DA:18,0
DA:19,0
DA:20,0
DA:21,0
DA:22,0
DA:25,0
DA:26,0
DA:27,0
DA:28,0
DA:29,0
DA:30,0
DA:31,0
DA:32,0
LF:14
LH:0
end_of_record
SF:lib/core/domain/features/habits/habit_time_record.dart
DA:11,1
DA:22,1
DA:23,1
DA:24,1
DA:25,2
DA:26,2
DA:27,3
DA:28,2
DA:31,1
DA:34,1
DA:35,1
DA:36,1
DA:39,1
DA:40,1
DA:41,2
DA:42,1
DA:43,1
DA:44,1
DA:46,3
DA:47,1
LF:20
LH:20
end_of_record
SF:lib/core/domain/features/notes/note.dart
DA:13,0
DA:24,0
DA:25,0
DA:26,0
DA:27,0
DA:28,0
DA:29,0
DA:30,0
DA:33,0
DA:34,0
DA:35,0
DA:36,0
DA:37,0
DA:38,0
DA:39,0
DA:40,0
DA:41,0
DA:42,0
LF:18
LH:0
end_of_record
SF:lib/core/domain/features/notes/note_tag.dart
DA:11,0
DA:21,0
DA:22,0
DA:23,0
DA:24,0
DA:25,0
DA:26,0
DA:29,0
DA:30,0
DA:31,0
DA:32,0
DA:33,0
DA:34,0
DA:35,0
DA:36,0
DA:37,0
LF:16
LH:0
end_of_record
SF:lib/core/domain/features/sync/sync_device.dart
DA:13,3
DA:26,0
DA:27,0
DA:28,0
DA:29,0
DA:30,0
DA:31,0
DA:32,0
DA:33,0
DA:34,0
DA:35,0
DA:36,0
DA:37,0
DA:41,0
DA:42,0
DA:43,0
DA:44,0
DA:45,0
DA:46,0
DA:47,0
DA:48,0
DA:49,0
DA:50,0
DA:51,0
DA:52,0
LF:25
LH:1
end_of_record
SF:lib/core/domain/features/tags/tag_tag.dart
DA:9,0
DA:17,0
DA:18,0
DA:19,0
DA:20,0
DA:21,0
DA:24,0
DA:25,0
DA:26,0
DA:27,0
DA:28,0
DA:29,0
DA:30,0
DA:31,0
LF:14
LH:0
end_of_record
SF:lib/core/domain/shared/constants/app_assets.dart
DA:14,0
DA:17,0
DA:18,0
DA:19,0
DA:20,0
DA:23,0
LF:6
LH:0
end_of_record
SF:lib/infrastructure/persistence/features/app_usages/drift_app_usage_ignore_rule_repository.dart
DA:9,0
DA:10,0
DA:11,0
DA:12,0
DA:13,0
DA:14,0
DA:16,0
DA:17,0
DA:22,0
DA:24,0
DA:26,0
DA:29,0
DA:31,0
DA:32,0
DA:33,0
DA:34,0
DA:35,0
DA:36,0
DA:37,0
LF:19
LH:0
end_of_record
SF:lib/infrastructure/persistence/shared/repositories/drift/drift_base_repository.dart
DA:17,2
DA:22,1
DA:27,1
DA:28,2
DA:29,1
DA:31,3
DA:33,1
DA:34,0
DA:35,0
DA:37,2
DA:38,3
DA:39,1
DA:40,4
DA:41,1
DA:42,2
DA:44,1
DA:45,1
DA:46,1
DA:48,2
DA:49,3
DA:50,1
DA:51,4
DA:53,1
DA:54,2
DA:56,1
DA:57,2
DA:64,0
DA:69,0
DA:70,0
DA:71,0
DA:73,0
DA:74,0
DA:75,0
DA:76,0
DA:79,0
DA:82,0
DA:83,0
DA:84,0
DA:85,0
DA:87,0
DA:88,0
DA:89,0
DA:92,0
DA:93,0
DA:94,0
DA:95,0
DA:96,0
DA:97,0
DA:98,0
DA:100,0
DA:101,0
DA:102,0
DA:105,0
DA:111,0
DA:113,0
DA:115,0
DA:117,0
DA:119,0
DA:120,0
DA:121,0
DA:122,0
DA:123,0
DA:125,0
DA:127,0
DA:128,0
DA:131,0
DA:134,0
DA:136,0
DA:137,0
DA:138,0
DA:140,0
DA:142,0
DA:143,0
DA:144,0
DA:145,0
DA:146,0
DA:148,0
DA:149,0
DA:152,2
DA:154,6
DA:155,10
DA:156,4
DA:159,2
DA:161,6
DA:162,2
DA:163,18
DA:166,1
DA:168,3
DA:169,1
DA:170,9
DA:173,0
DA:175,0
DA:176,0
DA:177,0
DA:178,0
DA:183,0
DA:190,0
DA:193,0
DA:197,0
DA:200,0
DA:201,0
DA:205,0
DA:206,0
DA:207,0
DA:209,0
DA:210,0
DA:211,0
DA:216,0
DA:217,0
DA:218,0
DA:223,0
DA:224,0
DA:225,0
DA:229,0
DA:230,0
DA:231,0
DA:234,0
DA:235,0
DA:236,0
DA:238,0
DA:239,0
DA:240,0
DA:241,0
DA:244,0
DA:247,0
DA:248,0
DA:249,0
DA:252,0
DA:254,0
DA:257,0
DA:258,0
DA:259,0
DA:261,0
DA:262,0
DA:263,0
DA:264,0
DA:265,0
DA:266,0
DA:269,0
DA:272,0
DA:273,0
DA:274,0
DA:276,0
DA:277,0
DA:278,0
DA:279,0
DA:281,0
DA:285,0
DA:286,0
DA:287,0
DA:289,0
DA:290,0
DA:291,0
DA:292,0
DA:297,0
DA:303,0
DA:304,0
DA:306,0
DA:313,0
DA:318,0
DA:319,0
DA:320,0
DA:324,0
DA:326,0
DA:330,0
DA:331,0
DA:334,0
DA:336,0
DA:337,0
DA:338,0
DA:340,0
DA:345,1
DA:346,1
DA:347,1
DA:348,0
DA:349,0
DA:350,0
DA:351,0
DA:352,0
DA:353,0
DA:354,0
DA:355,0
DA:356,0
DA:357,0
DA:358,0
DA:359,0
DA:360,0
DA:361,0
DA:363,0
DA:367,0
DA:369,0
LF:191
LH:39
end_of_record
SF:lib/infrastructure/persistence/features/app_usages/drift_app_usage_repository.dart
DA:10,0
DA:11,0
DA:12,0
DA:13,0
DA:14,0
DA:15,0
DA:16,0
DA:17,0
DA:19,0
DA:20,0
DA:25,0
DA:27,0
DA:29,0
DA:32,0
DA:34,0
DA:35,0
DA:36,0
DA:37,0
DA:38,0
DA:39,0
DA:40,0
DA:41,0
DA:42,0
DA:46,0
DA:51,0
DA:52,0
DA:53,0
DA:54,0
DA:55,0
DA:56,0
DA:57,0
DA:58,0
DA:61,0
DA:69,0
DA:106,0
DA:111,0
DA:113,0
DA:117,0
DA:118,0
DA:119,0
DA:120,0
DA:121,0
DA:122,0
DA:123,0
DA:128,0
DA:129,0
DA:130,0
DA:131,0
DA:132,0
DA:133,0
DA:134,0
DA:135,0
DA:136,0
DA:137,0
DA:139,0
DA:159,0
DA:161,0
DA:162,0
DA:163,0
DA:164,0
DA:165,0
DA:169,0
DA:170,0
LF:63
LH:0
end_of_record
SF:lib/infrastructure/persistence/features/app_usages/drift_app_usage_tag_repository.dart
DA:12,0
DA:13,0
DA:14,0
DA:15,0
DA:16,0
DA:17,0
DA:19,0
DA:20,0
DA:25,0
DA:27,0
DA:29,0
DA:32,0
DA:34,0
DA:35,0
DA:36,0
DA:37,0
DA:38,0
DA:39,0
DA:40,0
DA:44,0
DA:46,0
DA:47,0
DA:48,0
DA:49,0
DA:51,0
DA:52,0
DA:53,0
DA:54,0
DA:55,0
DA:56,0
DA:58,0
DA:66,0
DA:68,0
DA:69,0
DA:70,0
DA:72,0
DA:75,0
DA:83,0
DA:101,0
DA:109,0
DA:110,0
DA:111,0
DA:112,0
DA:113,0
DA:114,0
DA:117,0
DA:118,0
DA:119,0
DA:123,0
DA:125,0
DA:126,0
DA:127,0
DA:128,0
DA:130,0
DA:132,0
LF:55
LH:0
end_of_record
SF:lib/infrastructure/persistence/features/app_usages/drift_app_usage_tag_rule_repository.dart
DA:9,0
DA:10,0
DA:11,0
DA:12,0
DA:13,0
DA:14,0
DA:15,0
DA:17,0
DA:18,0
DA:23,0
DA:25,0
DA:27,0
DA:30,0
DA:32,0
DA:33,0
DA:34,0
DA:35,0
DA:36,0
DA:37,0
DA:38,0
DA:39,0
LF:21
LH:0
end_of_record
SF:lib/infrastructure/persistence/features/app_usages/drift_app_usage_time_record_repository.dart
DA:12,0
DA:13,0
DA:14,0
DA:15,0
DA:16,0
DA:17,0
DA:18,0
DA:20,0
DA:21,0
DA:26,0
DA:28,0
DA:30,0
DA:33,0
DA:35,0
DA:36,0
DA:37,0
DA:38,0
DA:39,0
DA:40,0
DA:41,0
DA:42,0
DA:46,0
DA:52,0
DA:54,0
DA:60,0
DA:65,0
DA:66,0
DA:67,0
DA:68,0
DA:69,0
DA:71,0
DA:74,0
DA:76,0
DA:79,0
DA:81,0
DA:84,0
DA:95,0
DA:116,0
DA:121,0
DA:126,0
DA:134,0
DA:135,0
DA:136,0
DA:137,0
DA:138,0
DA:139,0
DA:140,0
DA:141,0
DA:142,0
DA:143,0
DA:144,0
DA:146,0
DA:147,0
DA:150,0
DA:153,0
DA:156,0
DA:157,0
DA:158,0
DA:166,0
DA:188,0
DA:193,0
DA:198,0
DA:206,0
DA:207,0
DA:208,0
DA:227,0
DA:228,0
DA:229,0
DA:230,0
DA:231,0
DA:232,0
DA:233,0
DA:234,0
DA:236,0
DA:237,0
DA:239,0
DA:240,0
DA:242,0
DA:245,0
DA:248,0
DA:250,0
DA:251,0
DA:253,0
DA:254,0
DA:256,0
DA:257,0
DA:258,0
DA:259,0
DA:260,0
DA:261,0
DA:266,0
DA:268,0
DA:269,0
DA:273,0
DA:278,0
DA:285,0
DA:287,0
DA:295,0
DA:297,0
DA:306,0
DA:307,0
DA:310,0
DA:311,0
LF:103
LH:0
end_of_record
SF:lib/infrastructure/persistence/features/habits/drift_habit_records_repository.dart
DA:10,0
DA:11,0
DA:12,0
DA:13,0
DA:14,0
DA:15,0
DA:17,0
DA:18,0
DA:23,0
DA:25,0
DA:27,0
DA:30,0
DA:32,0
DA:33,0
DA:34,0
DA:35,0
DA:36,0
DA:37,0
DA:38,0
DA:42,0
DA:45,0
DA:46,0
DA:47,0
DA:48,0
DA:49,0
DA:50,0
DA:51,0
DA:52,0
DA:54,0
DA:55,0
DA:56,0
DA:57,0
DA:58,0
DA:59,0
DA:61,0
DA:70,0
DA:72,0
DA:73,0
DA:75,0
DA:76,0
DA:77,0
DA:78,0
DA:79,0
DA:81,0
DA:84,0
DA:86,0
LF:46
LH:0
end_of_record
SF:lib/infrastructure/persistence/features/habits/drift_habit_tags_repository.dart
DA:12,0
DA:13,0
DA:14,0
DA:15,0
DA:16,0
DA:17,0
DA:19,0
DA:20,0
DA:25,0
DA:27,0
DA:29,0
DA:32,0
DA:34,0
DA:35,0
DA:36,0
DA:37,0
DA:38,0
DA:39,0
DA:40,0
DA:44,0
DA:46,0
DA:47,0
DA:48,0
DA:50,0
DA:53,0
DA:55,0
DA:56,0
DA:57,0
DA:58,0
DA:60,0
DA:61,0
DA:62,0
DA:63,0
DA:64,0
DA:66,0
DA:74,0
DA:76,0
DA:79,0
DA:81,0
DA:84,0
DA:92,0
DA:116,0
DA:124,0
DA:125,0
DA:126,0
DA:127,0
DA:128,0
DA:129,0
DA:132,0
DA:133,0
DA:134,0
DA:135,0
DA:139,0
DA:141,0
DA:142,0
DA:143,0
DA:144,0
DA:146,0
DA:148,0
LF:59
LH:0
end_of_record
SF:lib/infrastructure/persistence/features/habits/drift_habit_time_record_repository.dart
DA:10,0
DA:11,0
DA:12,0
DA:13,0
DA:14,0
DA:15,0
DA:16,0
DA:17,0
DA:19,0
DA:20,0
DA:25,0
DA:27,0
DA:29,0
DA:32,0
DA:35,0
DA:36,0
DA:37,0
DA:38,0
DA:41,0
DA:43,0
DA:44,0
DA:45,0
DA:46,0
DA:47,0
DA:48,0
DA:49,0
DA:50,0
DA:51,0
DA:55,0
DA:57,0
DA:65,0
DA:66,0
DA:67,0
DA:68,0
DA:69,0
DA:71,0
DA:74,0
DA:75,0
DA:78,0
DA:80,0
DA:83,0
DA:85,0
DA:86,0
DA:87,0
DA:88,0
DA:89,0
DA:90,0
DA:91,0
DA:94,0
DA:97,0
DA:99,0
DA:100,0
DA:109,0
DA:110,0
DA:111,0
DA:112,0
DA:113,0
DA:115,0
DA:118,0
DA:119,0
DA:121,0
DA:122,0
DA:123,0
DA:124,0
DA:128,0
DA:129,0
LF:66
LH:0
end_of_record
SF:lib/infrastructure/persistence/features/habits/drift_habits_repository.dart
DA:10,0
DA:11,0
DA:12,0
DA:13,0
DA:14,0
DA:15,0
DA:16,0
DA:17,0
DA:20,0
DA:21,0
DA:22,0
DA:23,0
DA:26,0
DA:27,0
DA:28,0
DA:31,0
DA:33,0
DA:35,0
DA:36,0
DA:40,0
DA:42,0
DA:44,0
DA:47,0
DA:49,0
DA:50,0
DA:51,0
DA:52,0
DA:53,0
DA:54,0
DA:55,0
DA:56,0
DA:57,0
DA:58,0
DA:59,0
DA:60,0
DA:61,0
DA:62,0
DA:63,0
DA:64,0
DA:65,0
DA:69,0
DA:71,0
DA:72,0
DA:73,0
DA:74,0
DA:75,0
DA:77,0
DA:81,0
DA:83,0
DA:84,0
DA:85,0
DA:90,0
DA:96,0
DA:100,0
DA:105,0
DA:106,0
DA:107,0
DA:109,0
DA:113,0
DA:114,0
DA:115,0
DA:116,0
DA:118,0
DA:120,0
DA:121,0
DA:124,0
DA:133,0
DA:134,0
DA:135,0
DA:136,0
DA:137,0
DA:139,0
DA:140,0
DA:141,0
DA:144,0
DA:150,0
DA:151,0
DA:152,0
DA:154,0
DA:155,0
DA:157,0
DA:158,0
DA:165,0
DA:166,0
DA:167,0
DA:168,0
DA:169,0
DA:170,0
DA:171,0
DA:172,0
LF:90
LH:0
end_of_record
SF:lib/infrastructure/persistence/features/notes/drift_note_repository.dart
DA:12,0
DA:13,0
DA:14,0
DA:15,0
DA:16,0
DA:17,0
DA:18,0
DA:20,0
DA:21,0
DA:25,0
DA:27,0
DA:29,0
DA:32,0
DA:34,0
DA:35,0
DA:36,0
DA:37,0
DA:38,0
DA:39,0
DA:40,0
DA:41,0
DA:45,0
DA:47,0
DA:48,0
DA:49,0
DA:51,0
DA:52,0
DA:53,0
DA:55,0
DA:61,0
DA:70,0
DA:78,0
DA:79,0
DA:80,0
DA:88,0
DA:95,0
DA:97,0
DA:100,0
DA:101,0
DA:102,0
DA:103,0
DA:104,0
DA:105,0
DA:106,0
DA:107,0
DA:108,0
DA:112,0
DA:113,0
DA:114,0
DA:115,0
DA:116,0
DA:119,0
DA:123,0
DA:124,0
DA:126,0
DA:128,0
DA:130,0
DA:131,0
DA:132,0
DA:136,0
DA:138,0
DA:149,0
DA:151,0
DA:152,0
DA:153,0
DA:154,0
DA:155,0
DA:156,0
DA:157,0
DA:158,0
DA:162,0
DA:163,0
DA:164,0
DA:165,0
DA:166,0
DA:170,0
LF:76
LH:0
end_of_record
SF:lib/infrastructure/persistence/features/notes/drift_note_tag_repository.dart
DA:9,0
DA:10,0
DA:11,0
DA:12,0
DA:13,0
DA:14,0
DA:16,0
DA:17,0
DA:21,0
DA:23,0
DA:25,0
DA:28,0
DA:30,0
DA:31,0
DA:32,0
DA:33,0
DA:34,0
DA:35,0
DA:36,0
DA:40,0
DA:42,0
DA:45,0
DA:47,0
DA:48,0
DA:50,0
DA:51,0
DA:54,0
DA:56,0
LF:28
LH:0
end_of_record
SF:lib/infrastructure/persistence/features/settings/drift_settings_repository.dart
DA:9,0
DA:10,0
DA:11,0
DA:12,0
DA:13,0
DA:14,0
DA:15,0
DA:17,0
DA:18,0
DA:22,0
DA:24,0
DA:26,0
DA:29,0
DA:31,0
DA:32,0
DA:33,0
DA:34,0
DA:35,0
DA:36,0
DA:37,0
DA:38,0
DA:42,0
DA:44,0
DA:45,0
DA:46,0
DA:47,0
DA:49,0
LF:27
LH:0
end_of_record
SF:lib/core/domain/features/settings/setting.dart
DA:12,0
DA:21,0
DA:22,0
DA:23,0
DA:24,0
DA:25,0
DA:26,0
DA:27,0
DA:28,0
DA:29,0
DA:30,0
DA:31,0
DA:33,0
DA:37,0
DA:38,0
DA:39,0
DA:40,0
DA:41,0
DA:42,0
DA:45,0
DA:46,0
DA:47,0
DA:48,0
DA:49,0
DA:50,0
DA:51,0
DA:52,0
DA:53,0
LF:28
LH:0
end_of_record
SF:lib/infrastructure/persistence/features/sync/drift_sync_device_repository.dart
DA:9,0
DA:10,0
DA:11,0
DA:12,0
DA:13,0
DA:14,0
DA:15,0
DA:16,0
DA:17,0
DA:18,0
DA:20,0
DA:21,0
DA:26,0
DA:28,0
DA:30,0
DA:33,0
DA:35,0
DA:36,0
DA:37,0
DA:38,0
DA:39,0
DA:40,0
DA:41,0
DA:42,0
DA:43,0
DA:44,0
DA:45,0
DA:49,0
DA:51,0
DA:52,0
DA:53,0
DA:54,0
DA:55,0
LF:33
LH:0
end_of_record
SF:lib/infrastructure/persistence/features/tags/drift_tag_repository.dart
DA:10,0
DA:11,0
DA:12,0
DA:13,0
DA:14,0
DA:15,0
DA:16,0
DA:18,0
DA:19,0
DA:23,0
DA:26,3
DA:28,0
DA:30,0
DA:33,0
DA:35,0
DA:36,0
DA:37,0
DA:38,0
DA:39,0
DA:40,0
DA:41,0
DA:42,0
DA:46,0
DA:54,0
DA:61,0
DA:62,0
DA:63,0
DA:75,0
DA:78,0
DA:80,0
DA:81,0
DA:84,0
DA:87,0
DA:88,0
DA:89,0
DA:90,0
DA:91,0
DA:92,0
DA:93,0
DA:94,0
DA:95,0
DA:96,0
DA:100,0
DA:101,0
DA:105,0
DA:106,0
DA:107,0
DA:109,0
DA:111,0
DA:113,0
DA:114,0
DA:115,0
DA:119,0
DA:121,0
DA:123,0
DA:125,0
DA:126,0
LF:57
LH:1
end_of_record
SF:lib/infrastructure/persistence/features/tags/drift_tag_tag_repository.dart
DA:10,0
DA:11,0
DA:12,0
DA:13,0
DA:14,0
DA:15,0
DA:17,0
DA:18,0
DA:22,0
DA:24,0
DA:26,0
DA:29,0
DA:31,0
DA:32,0
DA:33,0
DA:34,0
DA:35,0
DA:36,0
DA:37,0
DA:41,0
DA:43,0
DA:44,0
DA:45,0
DA:46,0
DA:48,0
DA:49,0
DA:50,0
DA:51,0
DA:52,0
DA:53,0
DA:55,0
DA:63,0
DA:65,0
DA:68,0
DA:70,0
DA:71,0
DA:74,0
DA:76,0
DA:77,0
DA:78,0
DA:79,0
DA:81,0
LF:42
LH:0
end_of_record
SF:lib/infrastructure/persistence/features/tasks/drift_task_repository.dart
DA:13,0
DA:15,0
DA:16,0
DA:17,0
DA:18,0
DA:19,0
DA:20,0
DA:21,0
DA:22,0
DA:23,0
DA:24,0
DA:25,0
DA:26,0
DA:27,0
DA:28,0
DA:31,0
DA:32,0
DA:33,0
DA:34,0
DA:37,0
DA:38,0
DA:39,0
DA:40,0
DA:41,0
DA:42,0
DA:43,0
DA:44,0
DA:48,0
DA:50,6
DA:52,2
DA:54,2
DA:57,2
DA:59,2
DA:61,2
DA:63,2
DA:65,4
DA:66,6
DA:67,6
DA:68,2
DA:69,2
DA:71,2
DA:74,4
DA:75,0
DA:78,6
DA:81,0
DA:82,0
DA:85,0
DA:86,0
DA:88,0
DA:89,0
DA:90,0
DA:92,0
DA:95,0
DA:99,2
DA:105,2
DA:108,6
DA:109,2
DA:113,2
DA:116,2
DA:119,6
DA:120,10
DA:123,0
DA:124,0
DA:129,1
DA:130,1
DA:131,1
DA:132,2
DA:133,5
DA:134,1
DA:138,2
DA:139,2
DA:142,2
DA:144,5
DA:145,2
DA:147,2
DA:152,2
DA:153,2
DA:154,1
DA:155,1
DA:156,1
DA:157,0
DA:158,0
DA:159,0
DA:160,0
DA:161,0
DA:162,0
DA:164,0
DA:169,2
DA:171,2
DA:173,2
DA:174,2
DA:178,4
DA:180,0
DA:182,0
DA:183,0
DA:189,4
DA:190,4
DA:193,2
DA:194,2
DA:195,4
DA:196,4
DA:197,4
DA:198,2
DA:199,2
DA:202,6
DA:203,2
DA:204,4
DA:205,2
DA:206,8
DA:210,2
DA:211,2
DA:212,6
DA:213,4
DA:217,2
DA:218,2
DA:219,6
DA:220,4
DA:225,2
DA:226,2
DA:227,6
DA:228,4
DA:232,4
DA:233,4
DA:234,6
DA:235,6
DA:236,4
DA:237,4
DA:242,1
DA:250,1
DA:253,2
DA:254,1
DA:256,3
DA:258,1
DA:259,0
DA:261,0
DA:262,0
DA:264,0
DA:265,0
DA:266,0
DA:293,2
DA:300,1
DA:302,2
DA:304,1
DA:305,4
DA:306,1
DA:307,2
DA:309,3
DA:312,1
DA:317,2
DA:319,1
DA:320,2
DA:322,5
DA:323,1
DA:324,2
DA:326,2
DA:327,2
DA:328,1
DA:329,1
DA:331,1
DA:332,1
DA:333,1
DA:334,1
DA:336,1
DA:337,1
DA:338,1
DA:339,1
DA:340,1
DA:341,1
DA:342,1
DA:343,1
DA:344,1
DA:345,1
DA:346,1
DA:347,1
DA:349,1
DA:351,1
DA:359,1
DA:361,2
DA:362,3
DA:363,2
DA:364,1
DA:365,1
DA:367,5
DA:370,2
DA:378,2
DA:379,2
DA:380,2
DA:381,2
DA:382,2
DA:383,2
DA:384,2
DA:385,2
DA:386,2
DA:387,2
DA:388,2
DA:389,2
DA:390,2
DA:391,2
DA:392,2
DA:393,2
DA:395,2
DA:396,2
DA:399,0
DA:400,0
DA:401,0
DA:402,0
DA:403,0
DA:409,0
DA:414,2
DA:435,0
DA:436,0
DA:438,0
DA:439,0
DA:441,0
DA:442,0
DA:445,0
DA:446,0
DA:447,0
DA:453,1
DA:462,1
DA:463,1
DA:466,1
DA:476,1
DA:477,1
DA:480,2
DA:489,2
DA:490,1
DA:491,1
DA:494,1
DA:495,1
DA:496,3
DA:502,2
DA:504,1
DA:510,1
DA:511,2
DA:513,2
DA:518,2
DA:521,6
DA:527,1
DA:528,0
DA:530,0
DA:531,0
DA:533,0
DA:534,0
DA:562,4
DA:569,2
DA:571,4
DA:573,8
DA:574,6
DA:577,2
DA:582,4
DA:584,2
DA:585,2
DA:586,2
DA:590,2
DA:591,4
DA:593,4
DA:594,4
DA:595,2
DA:596,2
DA:598,2
DA:599,2
DA:600,2
DA:601,2
DA:603,2
DA:604,2
DA:605,2
DA:606,2
DA:607,2
DA:608,2
DA:609,2
DA:610,2
DA:611,2
DA:612,2
DA:613,2
DA:614,2
DA:616,2
DA:618,2
DA:626,0
DA:633,0
DA:641,1
DA:643,2
DA:644,3
DA:645,2
DA:646,1
DA:647,1
DA:649,5
DA:652,2
DA:655,4
DA:656,4
DA:657,3
DA:658,3
DA:660,2
DA:661,2
DA:662,4
DA:663,2
DA:664,4
DA:665,4
DA:666,2
DA:667,2
DA:668,4
DA:669,4
DA:670,2
DA:671,4
DA:672,4
DA:673,4
DA:674,4
DA:675,4
DA:676,4
DA:677,4
DA:678,4
DA:679,2
DA:680,2
DA:681,4
DA:682,4
DA:688,2
DA:696,2
DA:697,2
DA:709,1
DA:711,1
DA:712,1
DA:713,2
DA:715,1
DA:716,2
DA:717,1
DA:718,1
DA:733,0
DA:735,0
DA:736,0
DA:737,0
DA:739,1
DA:740,2
DA:741,1
DA:742,1
DA:747,2
DA:749,5
DA:756,1
DA:759,1
DA:760,2
DA:765,1
DA:768,1
DA:773,1
DA:775,1
DA:802,1
DA:811,1
DA:812,3
DA:814,0
DA:815,0
DA:816,0
DA:817,0
DA:818,0
DA:821,2
LF:352
LH:265
end_of_record
SF:lib/core/application/features/tasks/models/task_query_filter.dart
DA:22,35
DA:41,0
DA:59,0
DA:60,0
DA:61,0
DA:62,0
DA:63,0
DA:64,0
DA:65,0
DA:66,0
DA:67,0
DA:68,0
DA:69,0
DA:70,0
DA:71,0
DA:72,0
DA:73,0
DA:74,0
DA:75,0
LF:19
LH:1
end_of_record
SF:lib/core/application/features/tasks/services/abstraction/i_task_repository.dart
DA:26,0
DA:32,0
LF:2
LH:0
end_of_record
SF:lib/core/domain/features/tasks/task.dart
DA:72,12
DA:75,1
DA:76,3
DA:80,0
DA:81,0
DA:84,11
DA:110,1
DA:111,1
DA:112,1
DA:115,7
DA:118,0
DA:119,0
DA:120,0
DA:121,0
DA:122,0
DA:123,0
DA:124,0
DA:125,0
DA:126,0
DA:127,0
DA:128,0
DA:129,0
DA:130,0
DA:131,0
DA:132,0
DA:133,0
DA:134,0
DA:135,0
DA:136,0
DA:137,0
DA:138,0
DA:139,0
DA:144,3
DA:168,3
DA:169,3
DA:170,2
DA:171,2
DA:172,3
DA:173,2
DA:174,2
DA:175,2
DA:176,3
DA:177,3
DA:178,2
DA:179,2
DA:180,3
DA:181,2
DA:182,2
DA:183,2
DA:184,2
DA:185,3
DA:186,3
DA:187,3
DA:188,3
DA:189,2
DA:190,3
DA:195,0
DA:198,0
DA:200,0
DA:205,0
DA:212,0
DA:213,0
DA:214,0
DA:219,0
DA:220,0
DA:221,0
DA:226,0
DA:227,0
DA:228,0
DA:233,0
DA:234,0
DA:235,0
DA:239,0
DA:240,0
DA:243,0
DA:244,0
DA:246,0
DA:247,0
DA:250,0
DA:254,0
DA:255,0
DA:256,0
DA:258,0
DA:259,0
DA:260,0
DA:261,0
DA:262,0
DA:265,0
DA:266,0
DA:267,0
DA:268,0
DA:269,0
DA:270,0
DA:271,0
DA:273,0
DA:274,0
DA:277,0
DA:283,0
DA:285,0
DA:287,0
DA:289,0
DA:292,0
DA:293,0
DA:294,0
LF:104
LH:32
end_of_record
SF:lib/core/domain/features/tasks/models/task_with_total_duration.dart
DA:8,3
LF:1
LH:1
end_of_record
SF:lib/core/shared/utils/logger.dart
DA:27,0
DA:32,0
DA:38,12
DA:44,0
DA:45,0
DA:49,0
DA:58,12
DA:59,12
DA:62,0
DA:63,0
DA:65,0
DA:66,0
DA:68,0
DA:69,0
DA:71,0
DA:72,0
DA:74,0
DA:75,0
DA:80,36
DA:86,8
DA:87,8
DA:91,6
DA:92,6
DA:96,6
DA:97,6
DA:101,6
DA:102,6
DA:106,0
DA:107,0
LF:29
LH:12
end_of_record
SF:lib/infrastructure/persistence/features/tasks/drift_task_tag_repository.dart
DA:11,0
DA:12,0
DA:13,0
DA:14,0
DA:15,0
DA:16,0
DA:18,0
DA:19,0
DA:23,0
DA:26,3
DA:28,0
DA:30,0
DA:33,0
DA:35,0
DA:36,0
DA:37,0
DA:38,0
DA:39,0
DA:40,0
DA:41,0
DA:45,0
DA:47,0
DA:48,0
DA:49,0
DA:51,0
DA:54,0
DA:56,0
DA:59,0
DA:61,0
DA:64,0
DA:72,0
DA:90,0
DA:98,0
DA:99,0
DA:100,0
DA:101,0
DA:102,0
DA:103,0
DA:106,0
DA:107,0
DA:108,0
DA:112,0
DA:114,0
DA:115,0
DA:116,0
DA:117,0
DA:119,0
DA:121,0
LF:48
LH:1
end_of_record
SF:lib/core/domain/features/tasks/task_tag.dart
DA:9,5
DA:17,0
DA:18,0
DA:19,0
DA:20,0
DA:21,0
DA:24,0
DA:25,0
DA:26,0
DA:27,0
DA:28,0
DA:29,0
DA:30,0
DA:31,0
LF:14
LH:1
end_of_record
SF:lib/infrastructure/persistence/features/tasks/drift_task_time_record_repository.dart
DA:9,0
DA:10,0
DA:11,0
DA:12,0
DA:13,0
DA:14,0
DA:16,0
DA:17,0
DA:22,0
DA:25,3
DA:27,0
DA:29,0
DA:32,0
DA:34,0
DA:35,0
DA:36,0
DA:37,0
DA:38,0
DA:39,0
DA:40,0
DA:44,1
DA:50,2
DA:58,1
DA:59,1
DA:60,1
DA:61,0
DA:62,0
DA:64,1
DA:67,1
DA:68,1
DA:71,0
DA:77,0
DA:79,0
DA:80,0
DA:89,0
DA:90,0
DA:91,0
DA:92,0
DA:93,0
DA:95,0
DA:98,0
DA:99,0
DA:102,0
DA:103,0
DA:109,0
DA:111,0
LF:46
LH:9
end_of_record
SF:lib/core/domain/features/tasks/task_time_record.dart
DA:9,3
DA:18,0
DA:19,0
DA:20,0
DA:21,0
DA:22,0
DA:25,0
DA:28,0
DA:29,0
DA:30,0
DA:33,0
DA:34,0
DA:35,0
DA:36,0
DA:37,0
DA:38,0
LF:16
LH:1
end_of_record
SF:lib/core/application/shared/utils/key_helper.dart
DA:4,3
DA:5,3
DA:13,0
DA:14,0
DA:15,0
DA:17,0
LF:6
LH:2
end_of_record
SF:lib/infrastructure/persistence/shared/contexts/drift/drift_app_context.steps.dart
DA:8,2
DA:227,0
DA:228,0
DA:229,0
DA:230,0
DA:231,0
DA:232,0
DA:233,0
DA:234,0
DA:235,0
DA:238,1
DA:239,1
DA:240,1
DA:241,1
DA:242,1
DA:243,1
DA:244,1
DA:245,1
DA:246,0
DA:247,0
DA:248,0
DA:249,0
DA:250,0
DA:251,0
DA:252,1
DA:253,1
DA:256,0
DA:257,0
DA:258,0
DA:259,0
DA:260,0
DA:261,0
DA:262,0
DA:265,1
DA:266,1
DA:267,0
DA:268,0
DA:271,0
DA:272,0
DA:273,0
DA:274,0
DA:275,0
DA:276,0
DA:277,0
DA:280,0
DA:281,0
DA:284,0
DA:285,0
DA:286,0
DA:287,0
DA:288,0
DA:289,0
DA:290,0
DA:293,0
DA:294,0
DA:297,0
DA:298,0
DA:299,0
DA:300,0
DA:301,0
DA:302,0
DA:303,0
DA:306,0
DA:307,0
DA:310,0
DA:311,0
DA:312,0
DA:313,0
DA:314,0
DA:315,0
DA:316,0
DA:317,0
DA:318,0
DA:319,0
DA:320,0
DA:321,0
DA:322,0
DA:325,0
DA:326,0
DA:327,0
DA:328,0
DA:329,0
DA:330,0
DA:331,0
DA:332,0
DA:333,0
DA:334,0
DA:335,0
DA:336,0
DA:337,0
DA:338,0
DA:339,0
DA:341,0
DA:345,0
DA:346,0
DA:347,0
DA:348,0
DA:349,0
DA:350,0
DA:351,0
DA:354,0
DA:355,0
DA:358,0
DA:359,0
DA:360,0
DA:361,0
DA:362,0
DA:363,0
DA:364,0
DA:365,0
DA:368,0
DA:370,0
DA:374,0
DA:375,0
DA:376,0
DA:377,0
DA:378,0
DA:379,0
DA:380,0
DA:383,0
DA:384,0
DA:385,0
DA:386,0
DA:389,0
DA:390,0
DA:391,0
DA:392,0
DA:393,0
DA:394,0
DA:395,0
DA:396,0
DA:399,0
DA:400,0
DA:401,0
DA:402,0
DA:403,0
DA:404,0
DA:407,0
DA:408,0
DA:409,0
DA:410,0
DA:411,0
DA:412,0
DA:413,0
DA:414,0
DA:415,0
DA:418,0
DA:419,0
DA:420,0
DA:421,0
DA:422,0
DA:423,0
DA:424,0
DA:425,0
DA:428,2
DA:664,0
DA:665,0
DA:666,0
DA:667,0
DA:668,0
DA:669,0
DA:670,0
DA:671,0
DA:672,0
DA:673,0
DA:674,0
DA:675,0
DA:679,0
DA:680,0
DA:681,0
DA:682,0
DA:683,0
DA:684,0
DA:685,0
DA:689,2
DA:743,2
DA:744,1
DA:748,1
DA:751,1
DA:759,1
DA:944,0
DA:945,0
DA:946,0
DA:947,0
DA:948,0
DA:949,0
DA:950,0
DA:951,0
DA:955,2
DA:956,0
DA:957,0
DA:958,0
DA:959,0
DA:960,0
DA:961,0
DA:965,2
DA:1242,0
DA:1243,0
DA:1244,0
DA:1245,0
DA:1246,0
DA:1247,0
DA:1248,0
DA:1249,0
DA:1250,0
DA:1253,0
DA:1254,0
DA:1255,0
DA:1257,0
DA:1261,2
DA:1539,0
DA:1540,0
DA:1541,0
DA:1542,0
DA:1543,0
DA:1544,0
DA:1545,0
DA:1546,0
DA:1547,0
DA:1550,0
DA:1551,0
DA:1554,2
DA:1833,0
DA:1834,0
DA:1835,0
DA:1836,0
DA:1837,0
DA:1838,0
DA:1839,0
DA:1840,0
DA:1844,2
DA:2143,0
DA:2144,0
DA:2145,0
DA:2146,0
DA:2147,0
DA:2148,0
DA:2149,0
DA:2153,2
DA:2451,0
DA:2452,0
DA:2453,0
DA:2454,0
DA:2455,0
DA:2456,0
DA:2457,0
DA:2458,0
DA:2462,2
DA:2760,2
DA:3060,0
DA:3061,0
DA:3062,0
DA:3063,0
DA:3064,0
DA:3065,0
DA:3066,0
DA:3067,0
DA:3068,0
DA:3069,0
DA:3070,0
DA:3073,0
DA:3074,0
DA:3075,0
DA:3076,0
DA:3079,2
DA:3380,0
DA:3381,0
DA:3382,0
DA:3383,0
DA:3384,0
DA:3385,0
DA:3386,0
DA:3387,0
DA:3388,0
DA:3389,0
DA:3390,0
DA:3391,0
DA:3392,0
DA:3395,0
DA:3396,0
DA:3399,2
DA:3700,2
DA:4002,0
DA:4003,0
DA:4004,0
DA:4005,0
DA:4006,0
DA:4007,0
DA:4008,0
DA:4009,0
DA:4010,0
DA:4011,0
DA:4012,0
DA:4013,0
DA:4014,0
DA:4015,0
DA:4018,0
DA:4022,2
DA:4365,0
DA:4366,0
DA:4367,0
DA:4368,0
DA:4369,0
DA:4370,0
DA:4371,0
DA:4372,0
DA:4375,0
DA:4376,0
DA:4379,0
DA:4380,0
DA:4381,0
DA:4382,0
DA:4383,0
DA:4384,0
DA:4385,0
DA:4388,0
DA:4389,0
DA:4392,2
DA:4740,0
DA:4741,0
DA:4742,0
DA:4743,0
DA:4744,0
DA:4745,0
DA:4746,0
DA:4747,0
DA:4748,0
DA:4749,0
DA:4750,0
DA:4753,0
DA:4755,0
DA:4757,0
DA:4758,0
DA:4759,0
DA:4760,0
DA:4764,0
DA:4765,0
DA:4766,0
DA:4767,0
DA:4768,0
DA:4769,0
DA:4770,0
DA:4771,0
DA:4772,0
DA:4773,0
DA:4774,0
DA:4775,0
DA:4776,0
DA:4777,0
DA:4778,0
DA:4779,0
DA:4780,0
DA:4781,0
DA:4784,0
DA:4785,0
DA:4787,0
DA:4788,0
DA:4792,2
DA:5140,2
DA:5489,0
DA:5490,0
DA:5491,0
DA:5492,0
DA:5493,0
DA:5494,0
DA:5495,0
DA:5496,0
DA:5497,0
DA:5498,0
DA:5499,0
DA:5500,0
DA:5503,0
DA:5504,0
DA:5507,2
DA:5863,0
DA:5864,0
DA:5865,0
DA:5866,0
DA:5867,0
DA:5868,0
DA:5869,0
DA:5870,0
DA:5871,0
DA:5872,0
DA:5873,0
DA:5874,0
DA:5875,0
DA:5876,0
DA:5877,0
DA:5878,0
DA:5879,0
DA:5880,0
DA:5881,0
DA:5882,0
DA:5883,0
DA:5884,0
DA:5885,0
DA:5886,0
DA:5887,0
DA:5888,0
DA:5889,0
DA:5890,0
DA:5891,0
DA:5894,0
DA:5896,0
DA:5897,0
DA:5898,0
DA:5899,0
DA:5900,0
DA:5901,0
DA:5902,0
DA:5903,0
DA:5904,0
DA:5905,0
DA:5906,0
DA:5907,0
DA:5910,2
DA:6269,0
DA:6270,0
DA:6271,0
DA:6272,0
DA:6273,0
DA:6274,0
DA:6275,0
DA:6276,0
DA:6277,0
DA:6278,0
DA:6279,0
DA:6280,0
DA:6281,0
DA:6282,0
DA:6283,0
DA:6286,0
DA:6288,0
DA:6290,0
DA:6291,0
DA:6293,0
DA:6297,2
DA:6657,0
DA:6658,0
DA:6659,0
DA:6660,0
DA:6661,0
DA:6662,0
DA:6663,0
DA:6664,0
DA:6667,0
DA:6668,0
DA:6671,4
DA:7032,0
DA:7033,0
DA:7034,0
DA:7035,0
DA:7036,0
DA:7037,0
DA:7038,0
DA:7039,0
DA:7040,0
DA:7041,0
DA:7042,0
DA:7043,0
DA:7044,0
DA:7045,0
DA:7046,0
DA:7047,0
DA:7051,4
DA:7414,4
DA:7800,0
DA:7801,0
DA:7802,0
DA:7803,0
DA:7804,0
DA:7805,0
DA:7806,0
DA:7809,0
DA:7810,0
DA:7813,0
DA:7814,0
DA:7815,0
DA:7816,0
DA:7817,0
DA:7818,0
DA:7819,0
DA:7820,0
DA:7821,0
DA:7822,0
DA:7823,0
DA:7824,0
DA:7825,0
DA:7826,0
DA:7827,0
DA:7828,0
DA:7829,0
DA:7832,0
DA:7833,0
DA:7836,0
DA:7837,0
DA:7838,0
DA:7839,0
DA:7840,0
DA:7841,0
DA:7842,0
DA:7846,4
DA:8233,0
DA:8234,0
DA:8235,0
DA:8236,0
DA:8237,0
DA:8238,0
DA:8239,0
DA:8240,0
DA:8243,0
DA:8244,0
DA:8247,4
DA:8635,0
DA:8637,0
DA:8640,4
DA:9030,0
DA:9031,0
DA:9032,0
DA:9033,0
DA:9034,0
DA:9035,0
DA:9036,0
DA:9037,0
DA:9038,0
DA:9041,0
DA:9043,0
DA:9047,4
DA:9437,0
DA:9438,0
DA:9439,0
DA:9440,0
DA:9441,0
DA:9442,0
DA:9443,0
DA:9444,0
DA:9445,0
DA:9446,0
DA:9447,0
DA:9448,0
DA:9449,0
DA:9450,0
DA:9451,0
DA:9452,0
DA:9453,0
DA:9454,0
DA:9455,0
DA:9456,0
DA:9457,0
DA:9458,0
DA:9459,0
DA:9460,0
DA:9461,0
DA:9462,0
DA:9463,0
DA:9464,0
DA:9465,0
DA:9468,0
DA:9469,0
DA:9470,2
DA:9499,2
DA:9501,2
DA:9502,1
DA:9503,1
DA:9504,1
DA:9506,2
DA:9507,1
DA:9508,1
DA:9509,1
DA:9511,2
DA:9512,1
DA:9513,1
DA:9514,1
DA:9516,2
DA:9517,1
DA:9518,1
DA:9519,1
DA:9521,2
DA:9522,1
DA:9523,1
DA:9524,1
DA:9526,2
DA:9527,1
DA:9528,1
DA:9529,1
DA:9531,2
DA:9532,1
DA:9533,1
DA:9534,1
DA:9536,2
DA:9537,1
DA:9538,1
DA:9539,1
DA:9541,2
DA:9542,1
DA:9543,1
DA:9544,1
DA:9546,2
DA:9547,1
DA:9548,1
DA:9549,1
DA:9551,2
DA:9552,1
DA:9553,1
DA:9554,1
DA:9556,2
DA:9557,1
DA:9558,1
DA:9559,1
DA:9561,2
DA:9562,1
DA:9563,1
DA:9564,1
DA:9566,2
DA:9567,1
DA:9568,1
DA:9569,1
DA:9571,2
DA:9572,1
DA:9573,1
DA:9574,1
DA:9576,2
DA:9577,1
DA:9578,1
DA:9579,1
DA:9581,2
DA:9582,1
DA:9583,1
DA:9584,1
DA:9586,2
DA:9587,1
DA:9588,1
DA:9589,1
DA:9591,2
DA:9592,1
DA:9593,1
DA:9594,1
DA:9596,2
DA:9597,1
DA:9598,1
DA:9599,1
DA:9601,2
DA:9602,2
DA:9603,2
DA:9604,2
DA:9606,2
DA:9607,2
DA:9608,2
DA:9609,2
DA:9611,2
DA:9612,2
DA:9613,2
DA:9614,2
DA:9616,2
DA:9617,2
DA:9618,2
DA:9619,2
DA:9621,2
DA:9622,2
DA:9623,2
DA:9624,2
DA:9626,2
DA:9627,2
DA:9628,2
DA:9629,2
DA:9631,2
DA:9632,2
DA:9633,2
DA:9634,2
DA:9637,0
DA:9642,2
DA:9671,2
DA:9672,2
LF:674
LH:158
end_of_record
SF:lib/core/application/features/sync/models/sync_data.dart
DA:28,2
DA:35,1
DA:36,8
DA:39,0
DA:40,0
DA:41,0
DA:42,0
DA:45,0
DA:46,0
DA:47,0
DA:48,0
DA:49,0
DA:50,0
DA:51,0
DA:52,0
DA:53,0
DA:54,0
DA:55,0
DA:56,0
DA:57,0
DA:58,0
DA:63,0
DA:64,0
DA:65,0
DA:66,0
DA:67,0
DA:68,0
DA:69,0
DA:70,0
DA:71,0
DA:72,0
DA:73,0
DA:74,0
DA:75,0
DA:76,0
DA:77,0
DA:78,0
DA:79,0
DA:80,0
DA:84,0
DA:87,0
DA:89,0
DA:93,0
DA:96,0
LF:44
LH:3
end_of_record
SF:lib/core/application/features/sync/models/paginated_sync_data.dart
DA:29,1
DA:39,0
DA:40,0
DA:41,0
DA:42,0
DA:43,0
DA:44,0
DA:45,0
DA:46,0
DA:49,0
DA:50,0
DA:51,0
DA:52,0
DA:53,0
DA:54,0
DA:55,0
DA:56,0
DA:57,0
DA:104,1
DA:114,0
DA:115,0
DA:116,0
DA:117,0
DA:118,0
DA:119,0
DA:120,0
DA:121,0
DA:124,0
DA:125,0
DA:126,0
DA:127,0
DA:128,0
DA:129,0
DA:130,0
DA:131,0
DA:132,0
LF:36
LH:2
end_of_record
SF:lib/core/application/features/tasks/commands/save_task_command.dart
DA:37,2
DA:58,1
DA:59,0
DA:60,1
DA:61,1
DA:62,1
DA:70,2
DA:83,1
DA:95,1
DA:97,2
DA:103,0
DA:105,0
DA:112,1
DA:116,1
DA:117,3
DA:119,3
DA:122,2
DA:123,2
DA:124,2
DA:125,2
DA:126,2
DA:127,5
DA:130,2
DA:132,3
DA:135,1
DA:136,0
DA:139,1
DA:140,0
DA:144,1
DA:145,2
DA:149,2
DA:150,2
DA:151,2
DA:152,2
DA:153,2
DA:154,2
DA:157,1
DA:158,1
DA:159,1
DA:160,1
DA:161,1
DA:166,2
DA:168,2
DA:171,2
DA:174,1
DA:175,2
DA:176,2
DA:178,2
DA:182,5
DA:183,3
DA:185,1
DA:186,1
DA:187,2
DA:188,1
DA:189,1
DA:190,1
DA:191,1
DA:192,1
DA:193,3
DA:194,1
DA:195,1
DA:196,1
DA:197,1
DA:199,1
DA:200,1
DA:201,1
DA:202,1
DA:203,1
DA:204,1
DA:205,1
DA:206,1
DA:208,1
DA:209,0
DA:212,2
DA:216,1
DA:217,3
DA:219,2
DA:221,3
DA:225,2
DA:226,2
DA:228,1
DA:229,1
DA:230,1
DA:232,2
DA:238,1
DA:239,3
DA:240,1
DA:241,1
DA:242,1
DA:244,2
DA:246,2
DA:250,1
DA:251,1
DA:252,1
DA:253,1
LF:95
LH:89
end_of_record
SF:lib/core/application/features/tasks/services/task_time_record_service.dart
DA:9,2
DA:10,10
DA:11,2
DA:16,2
DA:22,2
DA:25,4
DA:27,2
DA:33,2
DA:34,2
DA:39,2
DA:45,2
DA:51,2
DA:59,2
DA:60,2
DA:61,2
DA:62,2
DA:63,4
DA:66,2
DA:71,1
DA:77,1
DA:85,1
DA:86,1
DA:87,1
DA:88,1
DA:92,1
LF:25
LH:25
end_of_record
SF:lib/core/domain/features/tasks/task_constants.dart
DA:6,0
LF:1
LH:0
end_of_record
SF:lib/core/application/features/settings/services/import_data_migration_service.dart
DA:13,1
DA:14,1
DA:20,1
DA:22,2
DA:26,1
DA:30,2
DA:34,1
DA:38,2
DA:42,1
DA:46,1
DA:48,1
DA:52,1
DA:54,1
DA:55,1
DA:57,1
DA:62,1
DA:68,2
DA:73,1
DA:75,1
DA:76,2
DA:77,2
DA:78,1
DA:84,0
DA:86,0
DA:87,0
DA:91,0
DA:92,0
DA:93,0
DA:99,1
DA:101,1
DA:104,1
DA:107,1
DA:112,2
DA:115,1
DA:129,1
DA:134,3
DA:135,3
DA:136,3
DA:140,1
DA:142,1
DA:143,5
DA:152,0
DA:153,0
DA:156,0
DA:157,0
DA:158,0
DA:159,0
DA:162,0
DA:163,0
DA:180,0
DA:181,0
DA:184,0
DA:185,0
DA:186,0
DA:187,0
DA:189,0
DA:190,0
DA:192,0
DA:195,0
DA:196,0
DA:219,0
DA:220,0
DA:224,0
DA:225,0
DA:226,0
DA:227,0
DA:229,0
DA:230,0
DA:233,0
DA:234,0
DA:236,0
DA:240,0
DA:246,0
DA:247,0
DA:248,0
DA:249,0
DA:252,0
DA:253,0
DA:258,0
DA:259,0
DA:267,0
DA:268,0
DA:269,0
DA:270,0
DA:272,0
DA:273,0
DA:287,0
DA:289,0
DA:290,0
DA:292,0
DA:300,0
DA:302,0
DA:303,0
DA:310,0
DA:314,0
DA:316,0
DA:317,0
DA:318,0
DA:327,0
DA:331,0
DA:333,0
DA:334,0
LF:102
LH:35
end_of_record
SF:lib/presentation/ui/shared/services/background_translation_service.dart
DA:13,3
DA:14,2
DA:15,1
DA:21,0
DA:22,0
DA:23,0
DA:27,0
DA:29,0
DA:30,0
DA:31,0
DA:33,0
DA:35,0
DA:36,0
DA:41,0
DA:43,0
DA:44,0
DA:45,0
DA:51,0
DA:54,0
DA:56,0
DA:61,0
DA:62,0
DA:65,0
DA:68,0
DA:82,0
DA:83,0
DA:87,0
DA:88,0
DA:89,0
DA:90,0
DA:94,0
DA:96,0
DA:101,0
DA:103,0
DA:104,0
DA:107,0
DA:109,0
DA:110,0
DA:113,0
DA:117,0
DA:123,1
DA:124,1
DA:125,1
DA:126,1
DA:128,3
DA:129,1
DA:130,4
DA:133,4
DA:134,1
DA:136,1
DA:137,2
DA:142,2
DA:143,3
DA:146,4
DA:149,2
DA:152,4
DA:153,1
DA:156,2
DA:157,1
DA:160,1
DA:161,2
DA:162,1
DA:163,1
DA:166,1
DA:167,0
DA:171,4
DA:172,1
DA:177,1
DA:178,1
DA:180,1
DA:181,1
DA:184,1
DA:187,1
DA:188,2
DA:189,1
DA:197,0
DA:198,0
DA:200,0
DA:201,0
DA:203,0
DA:204,0
DA:205,0
DA:206,0
DA:214,1
DA:215,2
DA:219,4
DA:223,2
DA:224,3
DA:228,2
DA:234,1
DA:235,2
DA:236,2
DA:244,0
DA:245,0
DA:249,0
DA:253,0
DA:254,0
DA:263,0
DA:264,0
DA:265,0
DA:273,0
DA:276,1
DA:278,1
DA:281,1
DA:283,1
DA:286,1
DA:288,1
DA:291,0
DA:293,0
DA:296,1
DA:298,1
DA:299,1
LF:112
LH:55
end_of_record
SF:lib/core/application/application_container.dart
DA:38,0
DA:39,0
DA:41,0
DA:42,0
DA:45,0
DA:46,0
DA:48,0
DA:52,0
DA:55,0
DA:56,0
DA:57,0
DA:58,0
DA:59,0
DA:60,0
DA:61,0
DA:62,0
DA:63,0
DA:64,0
DA:65,0
DA:66,0
DA:67,0
DA:68,0
DA:69,0
DA:70,0
DA:71,0
DA:72,0
DA:74,0
DA:75,0
DA:92,0
DA:94,0
DA:96,0
DA:103,0
DA:112,0
DA:128,0
DA:149,0
DA:170,0
LF:36
LH:0
end_of_record
SF:lib/core/application/features/app_usages/app_usages_registration.dart
DA:28,0
DA:39,0
DA:41,0
DA:43,0
DA:44,0
DA:46,0
DA:48,0
DA:52,0
DA:53,0
DA:55,0
DA:56,0
DA:58,0
DA:59,0
DA:64,0
DA:65,0
DA:67,0
DA:68,0
DA:70,0
DA:71,0
DA:77,0
DA:78,0
DA:80,0
DA:82,0
DA:84,0
DA:86,0
DA:91,0
DA:93,0
DA:95,0
DA:97,0
DA:99,0
DA:101,0
DA:103,0
DA:104,0
DA:106,0
DA:108,0
LF:35
LH:0
end_of_record
SF:lib/core/application/features/demo/services/demo_data_service.dart
DA:44,0
DA:72,0
DA:74,0
DA:76,0
DA:79,0
DA:83,0
DA:85,0
DA:86,0
DA:87,0
DA:88,0
DA:91,0
DA:93,0
DA:94,0
DA:95,0
DA:96,0
DA:97,0
DA:100,0
DA:103,0
DA:104,0
DA:106,0
DA:111,0
DA:113,0
DA:114,0
DA:118,0
DA:119,0
DA:123,0
DA:124,0
DA:125,0
DA:126,0
DA:127,0
DA:128,0
DA:129,0
DA:131,0
DA:132,0
DA:133,0
DA:134,0
DA:135,0
DA:136,0
DA:138,0
DA:140,0
DA:145,0
DA:147,0
DA:151,0
DA:152,0
DA:153,0
DA:154,0
DA:155,0
DA:158,0
DA:159,0
DA:160,0
DA:164,0
DA:165,0
DA:166,0
DA:170,0
DA:171,0
DA:172,0
DA:176,0
DA:177,0
DA:178,0
DA:182,0
DA:183,0
DA:184,0
DA:188,0
DA:191,0
DA:192,0
DA:193,0
DA:194,0
DA:198,0
DA:199,0
DA:200,0
DA:201,0
DA:205,0
DA:206,0
DA:207,0
DA:208,0
DA:211,0
DA:213,0
DA:220,0
DA:227,0
DA:229,0
DA:231,0
DA:232,0
DA:233,0
DA:234,0
DA:235,0
DA:236,0
DA:239,0
DA:244,0
DA:245,0
DA:246,0
DA:247,0
DA:248,0
DA:249,0
DA:250,0
DA:251,0
DA:252,0
DA:254,0
DA:255,0
DA:256,0
DA:257,0
DA:258,0
DA:259,0
DA:261,0
DA:266,0
DA:267,0
DA:268,0
DA:269,0
DA:270,0
DA:271,0
DA:273,0
DA:274,0
DA:275,0
DA:276,0
DA:277,0
DA:278,0
DA:280,0
DA:284,0
DA:286,0
DA:287,0
DA:288,0
DA:289,0
DA:290,0
DA:291,0
DA:293,0
DA:298,0
DA:299,0
DA:300,0
DA:301,0
DA:302,0
DA:303,0
DA:304,0
DA:305,0
DA:306,0
DA:307,0
DA:308,0
DA:310,0
DA:311,0
DA:312,0
DA:313,0
DA:314,0
DA:315,0
DA:317,0
DA:321,0
DA:322,0
DA:323,0
DA:324,0
DA:325,0
DA:326,0
DA:327,0
DA:333,0
DA:338,0
DA:339,0
DA:340,0
DA:341,0
DA:342,0
DA:343,0
DA:345,0
DA:346,0
DA:347,0
DA:348,0
DA:349,0
DA:350,0
DA:352,0
DA:356,0
DA:358,0
DA:359,0
DA:360,0
DA:361,0
DA:362,0
DA:363,0
DA:365,0
DA:369,0
DA:371,0
DA:372,0
DA:373,0
DA:374,0
DA:375,0
DA:376,0
DA:378,0
DA:382,0
DA:383,0
DA:384,0
DA:385,0
DA:386,0
DA:387,0
DA:388,0
DA:394,0
DA:398,0
DA:400,0
DA:401,0
DA:402,0
DA:403,0
DA:404,0
DA:405,0
DA:407,0
DA:411,0
DA:413,0
DA:414,0
DA:415,0
DA:416,0
DA:417,0
DA:418,0
DA:420,0
DA:424,0
DA:426,0
DA:427,0
DA:428,0
DA:429,0
DA:430,0
DA:431,0
DA:433,0
DA:437,0
DA:439,0
DA:440,0
DA:441,0
DA:442,0
DA:443,0
DA:444,0
DA:446,0
DA:450,0
DA:451,0
DA:452,0
DA:453,0
DA:454,0
DA:455,0
DA:456,0
DA:462,0
DA:464,0
DA:466,0
DA:467,0
DA:468,0
DA:469,0
DA:470,0
DA:471,0
DA:476,0
DA:478,0
DA:479,0
DA:480,0
DA:481,0
DA:482,0
DA:483,0
DA:488,0
DA:490,0
DA:491,0
DA:492,0
DA:493,0
DA:494,0
DA:495,0
DA:501,0
DA:503,0
DA:504,0
DA:505,0
DA:506,0
DA:507,0
DA:508,0
DA:514,0
DA:515,0
DA:516,0
DA:517,0
DA:518,0
DA:520,0
DA:521,0
DA:522,0
DA:523,0
DA:524,0
DA:525,0
DA:530,0
DA:534,0
DA:535,0
DA:539,0
DA:540,0
DA:544,0
DA:547,0
DA:549,0
DA:550,0
DA:552,0
DA:555,0
DA:557,0
LF:278
LH:0
end_of_record
SF:lib/core/application/features/habits/habits_registration.dart
DA:25,0
DA:35,0
DA:36,0
DA:38,0
DA:39,0
DA:45,0
DA:46,0
DA:54,0
DA:55,0
DA:60,0
DA:61,0
DA:67,0
DA:68,0
DA:70,0
DA:72,0
DA:74,0
DA:75,0
DA:80,0
DA:81,0
DA:83,0
DA:84,0
DA:89,0
DA:90,0
DA:92,0
DA:93,0
DA:95,0
DA:96,0
DA:98,0
DA:99,0
DA:101,0
DA:103,0
DA:105,0
DA:107,0
LF:33
LH:0
end_of_record
SF:lib/core/application/features/notes/notes_registration.dart
DA:14,0
DA:22,0
DA:23,0
DA:26,0
DA:27,0
DA:33,0
DA:34,0
DA:37,0
DA:38,0
DA:41,0
DA:42,0
DA:46,0
DA:47,0
DA:50,0
DA:51,0
LF:15
LH:0
end_of_record
SF:lib/core/application/features/settings/settings_registration.dart
DA:32,0
DA:54,0
DA:57,0
DA:60,0
DA:61,0
DA:63,0
DA:64,0
DA:66,0
[...]
DA:463,0
DA:464,0
DA:471,0
DA:474,0
DA:475,0
DA:476,0
DA:477,0
DA:478,0
DA:479,0
DA:481,0
DA:482,0
DA:483,0
DA:484,0
DA:486,0
DA:487,0
DA:488,0
DA:489,0
DA:490,0
DA:491,0
DA:495,0
DA:496,0
DA:497,0
DA:500,0
DA:503,0
DA:504,0
DA:505,0
DA:506,0
DA:507,0
DA:508,0
DA:511,0
DA:522,0
DA:523,0
DA:524,0
DA:525,0
DA:526,0
DA:527,0
DA:529,0
DA:530,0
DA:531,0
DA:533,0
DA:534,0
DA:537,0
DA:539,0
DA:540,0
DA:541,0
DA:542,0
DA:543,0
DA:545,0
DA:558,0
DA:559,0
DA:560,0
DA:561,0
DA:562,0
DA:563,0
DA:564,0
DA:565,0
DA:566,0
DA:567,0
LF:281
LH:0
end_of_record
SF:lib/presentation/ui/shared/extensions/widget_extensions.dart
DA:5,0
DA:7,0
DA:8,0
DA:10,0
DA:14,0
LF:5
LH:0
end_of_record
SF:lib/presentation/ui/features/tasks/components/task_card.dart
DA:37,0
DA:50,0
DA:51,0
DA:52,0
DA:56,0
DA:57,0
DA:58,0
DA:59,0
DA:60,0
DA:61,0
DA:62,0
DA:63,0
DA:64,0
DA:67,0
DA:69,0
DA:70,0
DA:73,0
DA:75,0
DA:77,0
DA:78,0
DA:79,0
DA:80,0
DA:82,0
DA:83,0
DA:84,0
DA:85,0
DA:86,0
DA:87,0
DA:88,0
DA:89,0
DA:90,0
DA:91,0
DA:93,0
DA:94,0
DA:95,0
DA:97,0
DA:100,0
DA:101,0
DA:103,0
DA:106,0
DA:108,0
DA:109,0
DA:110,0
DA:112,0
DA:115,0
DA:116,0
DA:117,0
DA:118,0
DA:119,0
DA:120,0
DA:122,0
DA:123,0
DA:124,0
DA:125,0
DA:126,0
DA:127,0
DA:128,0
DA:129,0
DA:139,0
DA:141,0
DA:142,0
DA:143,0
DA:144,0
DA:149,0
DA:150,0
DA:154,0
DA:155,0
DA:157,0
DA:159,0
DA:161,0
DA:163,0
DA:166,0
DA:169,0
DA:170,0
DA:172,0
DA:177,0
DA:178,0
DA:180,0
DA:187,0
DA:188,0
DA:191,0
DA:192,0
DA:193,0
DA:194,0
DA:195,0
DA:197,0
DA:199,0
DA:201,0
DA:207,0
DA:208,0
DA:211,0
DA:212,0
DA:214,0
DA:215,0
DA:216,0
DA:221,0
DA:222,0
DA:224,0
DA:225,0
DA:226,0
DA:233,0
DA:234,0
DA:235,0
DA:236,0
DA:237,0
DA:239,0
DA:240,0
DA:241,0
DA:243,0
DA:244,0
DA:247,0
DA:250,0
DA:252,0
DA:253,0
DA:255,0
DA:256,0
DA:258,0
DA:265,0
DA:266,0
DA:267,0
DA:268,0
DA:269,0
DA:272,0
DA:273,0
DA:274,0
DA:277,0
DA:278,0
DA:280,0
DA:282,0
DA:283,0
DA:284,0
DA:286,0
DA:289,0
DA:291,0
DA:292,0
DA:293,0
DA:294,0
DA:295,0
DA:298,0
DA:301,0
DA:302,0
DA:303,0
DA:306,0
DA:307,0
LF:144
LH:0
end_of_record
SF:lib/presentation/ui/features/tasks/components/task_complete_button.dart
DA:23,0
DA:33,0
DA:34,0
DA:47,0
DA:49,0
DA:50,0
DA:53,0
DA:55,0
DA:56,0
DA:57,0
DA:61,0
DA:63,0
DA:65,0
DA:66,0
DA:68,0
DA:69,0
DA:73,0
DA:76,0
DA:77,0
DA:80,0
DA:82,0
DA:84,0
DA:85,0
DA:86,0
DA:87,0
DA:88,0
DA:91,0
DA:92,0
DA:93,0
DA:95,0
DA:96,0
DA:97,0
DA:98,0
DA:99,0
DA:100,0
DA:101,0
DA:102,0
DA:103,0
DA:104,0
DA:105,0
DA:106,0
DA:107,0
DA:108,0
DA:109,0
DA:110,0
DA:111,0
DA:114,0
DA:115,0
DA:116,0
DA:119,0
DA:121,0
DA:123,0
DA:124,0
DA:127,0
DA:129,0
DA:130,0
DA:132,0
DA:133,0
DA:134,0
DA:135,0
DA:137,0
DA:138,0
DA:139,0
DA:142,0
DA:143,0
DA:145,0
DA:146,0
DA:147,0
DA:149,0
DA:155,0
DA:156,0
DA:157,0
DA:162,0
DA:164,0
DA:165,0
DA:167,0
DA:169,0
DA:170,0
DA:172,0
DA:173,0
DA:174,0
DA:175,0
DA:176,0
DA:178,0
DA:179,0
DA:180,0
DA:181,0
DA:183,0
DA:187,0
DA:192,0
DA:193,0
DA:194,0
DA:195,0
DA:196,0
DA:197,0
DA:200,0
DA:201,0
DA:207,0
DA:208,0
DA:209,0
DA:211,0
DA:212,0
LF:102
LH:0
end_of_record
SF:lib/presentation/ui/features/tasks/components/task_date_field.dart
DA:23,0
DA:38,0
DA:39,0
DA:45,0
DA:47,0
DA:48,0
DA:49,0
DA:50,0
DA:51,0
DA:52,0
DA:53,0
DA:54,0
DA:55,0
DA:56,0
DA:57,0
DA:58,0
DA:62,0
DA:63,0
DA:65,0
DA:66,0
DA:74,0
DA:75,0
DA:77,0
DA:78,0
DA:79,0
DA:84,0
DA:85,0
DA:92,0
DA:97,0
DA:98,0
DA:102,0
DA:105,0
DA:110,0
DA:111,0
DA:112,0
DA:116,0
DA:117,0
DA:119,0
DA:120,0
DA:123,0
DA:126,0
DA:128,0
DA:130,0
DA:132,0
DA:134,0
DA:136,0
DA:138,0
DA:140,0
DA:142,0
DA:144,0
DA:146,0
DA:148,0
DA:150,0
DA:152,0
DA:154,0
DA:158,0
DA:159,0
DA:163,0
DA:164,0
DA:166,0
DA:172,0
DA:174,0
DA:179,0
DA:182,0
DA:185,0
DA:186,0
DA:190,0
DA:191,0
DA:192,0
DA:198,0
DA:200,0
DA:202,0
DA:203,0
DA:205,0
DA:206,0
DA:207,0
DA:208,0
DA:210,0
DA:211,0
DA:216,0
DA:221,0
DA:222,0
DA:223,0
DA:225,0
DA:228,0
DA:229,0
DA:230,0
DA:231,0
DA:233,0
DA:235,0
DA:236,0
DA:237,0
DA:239,0
DA:242,0
DA:246,0
LF:95
LH:0
end_of_record
SF:lib/presentation/ui/features/tasks/components/task_delete_button.dart
DA:20,0
DA:28,0
DA:29,0
DA:37,0
DA:38,0
DA:40,0
DA:41,0
DA:42,0
DA:43,0
DA:45,0
DA:47,0
DA:49,0
DA:50,0
DA:56,0
DA:57,0
DA:60,0
DA:61,0
DA:62,0
DA:63,0
DA:64,0
DA:65,0
DA:66,0
DA:68,0
DA:69,0
DA:70,0
DA:76,0
DA:79,0
DA:80,0
DA:83,0
DA:84,0
DA:87,0
DA:89,0
DA:90,0
DA:91,0
DA:92,0
DA:93,0
DA:95,0
DA:97,0
LF:38
LH:0
end_of_record
SF:lib/presentation/ui/features/tasks/components/task_details_content.dart
DA:50,0
DA:58,0
DA:59,0
DA:108,0
DA:110,0
DA:111,0
DA:112,0
DA:115,0
DA:116,0
DA:117,0
DA:120,0
DA:121,0
DA:122,0
DA:125,0
DA:126,0
DA:127,0
DA:128,0
DA:129,0
DA:130,0
DA:133,0
DA:134,0
DA:136,0
DA:139,0
DA:140,0
DA:141,0
DA:142,0
DA:146,0
DA:147,0
DA:148,0
DA:149,0
DA:153,0
DA:154,0
DA:155,0
DA:156,0
DA:160,0
DA:161,0
DA:164,0
DA:165,0
DA:168,0
DA:170,0
DA:171,0
DA:172,0
DA:177,0
DA:178,0
DA:180,0
DA:182,0
DA:183,0
DA:184,0
DA:185,0
DA:186,0
DA:187,0
DA:188,0
DA:189,0
DA:192,0
DA:193,0
DA:196,0
DA:197,0
DA:202,0
DA:203,0
DA:204,0
DA:205,0
DA:207,0
DA:213,0
DA:214,0
DA:218,0
DA:219,0
DA:223,0
DA:224,0
DA:227,0
DA:228,0
DA:229,0
DA:230,0
DA:231,0
DA:232,0
DA:233,0
DA:234,0
DA:235,0
DA:236,0
DA:237,0
DA:238,0
DA:239,0
DA:240,0
DA:241,0
DA:242,0
DA:243,0
DA:244,0
DA:245,0
DA:246,0
DA:247,0
DA:248,0
DA:254,0
DA:255,0
DA:258,0
DA:261,0
DA:262,0
DA:265,0
DA:268,0
DA:272,0
DA:273,0
DA:276,0
DA:277,0
DA:278,0
DA:279,0
DA:280,0
DA:281,0
DA:282,0
DA:283,0
DA:284,0
DA:287,0
DA:288,0
DA:291,0
DA:293,0
DA:298,0
DA:302,0
DA:303,0
DA:304,0
DA:305,0
DA:306,0
DA:307,0
DA:309,0
DA:310,0
DA:312,0
DA:313,0
DA:316,0
DA:317,0
DA:318,0
DA:321,0
DA:322,0
DA:323,0
DA:324,0
DA:325,0
DA:327,0
DA:328,0
DA:330,0
DA:331,0
DA:333,0
DA:334,0
DA:339,0
DA:340,0
DA:343,0
DA:344,0
DA:345,0
DA:347,0
DA:352,0
DA:353,0
DA:356,0
DA:357,0
DA:358,0
DA:360,0
DA:365,0
DA:366,0
DA:367,0
DA:370,0
DA:375,0
DA:376,0
DA:377,0
DA:383,0
DA:385,0
DA:386,0
DA:387,0
DA:388,0
DA:389,0
DA:390,0
DA:391,0
DA:392,0
DA:393,0
DA:395,0
DA:398,0
DA:402,0
DA:403,0
DA:408,0
DA:409,0
DA:411,0
DA:412,0
DA:416,0
DA:417,0
DA:418,0
DA:422,0
DA:423,0
DA:425,0
DA:426,0
DA:427,0
DA:428,0
DA:429,0
DA:432,0
DA:433,0
DA:435,0
DA:436,0
DA:438,0
DA:439,0
DA:440,0
DA:441,0
DA:445,0
DA:446,0
DA:447,0
DA:448,0
DA:452,0
DA:454,0
DA:462,0
DA:463,0
DA:468,0
DA:469,0
DA:473,0
DA:474,0
DA:478,0
DA:483,0
DA:487,0
DA:488,0
DA:492,0
DA:496,0
DA:503,0
DA:504,0
DA:512,0
DA:520,0
DA:521,0
DA:522,0
DA:529,0
DA:530,0
DA:532,0
DA:533,0
DA:537,0
DA:540,0
DA:542,0
DA:543,0
DA:544,0
DA:545,0
DA:548,0
DA:549,0
DA:550,0
DA:552,0
DA:553,0
DA:555,0
DA:556,0
DA:557,0
DA:560,0
DA:565,0
DA:567,0
DA:568,0
DA:569,0
DA:573,0
DA:575,0
DA:580,0
DA:581,0
DA:582,0
DA:583,0
DA:584,0
DA:586,0
DA:588,0
DA:589,0
DA:597,0
DA:598,0
DA:599,0
DA:600,0
DA:602,0
DA:606,0
DA:607,0
DA:611,0
DA:612,0
DA:616,0
DA:617,0
DA:620,0
DA:622,0
DA:623,0
DA:625,0
DA:626,0
DA:631,0
DA:632,0
DA:635,0
DA:639,0
DA:642,0
DA:643,0
DA:648,0
DA:649,0
DA:653,0
DA:654,0
DA:660,0
DA:662,0
DA:663,0
DA:665,0
DA:666,0
DA:671,0
DA:672,0
DA:676,0
DA:679,0
DA:680,0
DA:685,0
DA:686,0
DA:690,0
DA:692,0
DA:694,0
DA:697,0
DA:698,0
DA:703,0
DA:707,0
DA:709,0
DA:711,0
DA:713,0
DA:717,0
DA:719,0
DA:720,0
DA:722,0
DA:723,0
DA:724,0
DA:725,0
DA:726,0
DA:727,0
DA:731,0
DA:732,0
DA:736,0
DA:737,0
DA:739,0
DA:740,0
DA:741,0
DA:749,0
DA:750,0
DA:751,0
DA:755,0
DA:756,0
DA:757,0
DA:758,0
DA:759,0
DA:760,0
DA:763,0
DA:764,0
DA:765,0
DA:766,0
DA:768,0
DA:769,0
DA:772,0
DA:773,0
DA:774,0
DA:775,0
DA:778,0
DA:779,0
DA:780,0
DA:783,0
DA:784,0
DA:785,0
DA:786,0
DA:787,0
DA:790,0
DA:791,0
DA:792,0
DA:793,0
DA:794,0
DA:798,0
DA:801,0
DA:802,0
DA:803,0
DA:806,0
DA:807,0
DA:808,0
DA:809,0
DA:810,0
DA:811,0
DA:816,0
DA:817,0
DA:819,0
DA:820,0
DA:822,0
DA:823,0
DA:827,0
DA:828,0
DA:829,0
DA:830,0
DA:831,0
DA:832,0
DA:833,0
DA:835,0
DA:836,0
DA:837,0
DA:843,0
DA:844,0
DA:845,0
DA:846,0
DA:847,0
DA:848,0
DA:849,0
DA:851,0
DA:852,0
DA:853,0
DA:859,0
DA:861,0
DA:863,0
DA:866,0
DA:868,0
DA:869,0
DA:873,0
DA:874,0
DA:878,0
DA:879,0
DA:884,0
DA:887,0
DA:889,0
DA:894,0
DA:906,0
DA:908,0
DA:909,0
DA:911,0
DA:912,0
DA:913,0
DA:914,0
DA:915,0
DA:916,0
DA:917,0
DA:918,0
DA:919,0
DA:920,0
DA:922,0
DA:924,0
DA:926,0
DA:927,0
DA:929,0
DA:930,0
DA:931,0
DA:932,0
DA:933,0
DA:935,0
DA:936,0
DA:937,0
DA:938,0
DA:940,0
DA:948,0
DA:949,0
DA:950,0
DA:951,0
DA:952,0
DA:953,0
DA:954,0
DA:955,0
DA:956,0
DA:957,0
DA:958,0
DA:959,0
DA:960,0
DA:961,0
DA:966,0
DA:967,0
DA:972,0
DA:974,0
DA:977,0
DA:985,0
DA:986,0
DA:988,0
DA:989,0
DA:995,0
DA:996,0
DA:998,0
DA:1000,0
DA:1001,0
DA:1002,0
DA:1003,0
DA:1004,0
DA:1005,0
DA:1006,0
DA:1012,0
DA:1013,0
DA:1015,0
DA:1021,0
DA:1022,0
DA:1023,0
DA:1024,0
DA:1029,0
DA:1030,0
DA:1032,0
DA:1038,0
DA:1039,0
DA:1043,0
DA:1044,0
DA:1045,0
DA:1046,0
DA:1048,0
DA:1053,0
DA:1054,0
DA:1056,0
DA:1062,0
DA:1063,0
DA:1064,0
DA:1069,0
DA:1070,0
DA:1072,0
DA:1074,0
DA:1075,0
DA:1076,0
DA:1077,0
DA:1079,0
DA:1080,0
DA:1081,0
DA:1082,0
DA:1083,0
DA:1090,0
DA:1091,0
DA:1093,0
DA:1095,0
DA:1096,0
DA:1097,0
DA:1098,0
DA:1100,0
DA:1101,0
DA:1102,0
DA:1103,0
DA:1104,0
DA:1105,0
DA:1112,0
DA:1113,0
DA:1115,0
DA:1116,0
DA:1117,0
DA:1118,0
DA:1119,0
DA:1120,0
DA:1121,0
DA:1122,0
DA:1123,0
DA:1124,0
DA:1125,0
DA:1131,0
DA:1133,0
DA:1135,0
DA:1136,0
DA:1138,0
DA:1140,0
DA:1141,0
DA:1142,0
DA:1143,0
DA:1144,0
DA:1146,0
DA:1147,0
DA:1151,0
DA:1153,0
DA:1154,0
DA:1156,0
DA:1157,0
DA:1158,0
DA:1161,0
DA:1166,0
DA:1170,0
DA:1171,0
DA:1173,0
DA:1179,0
DA:1180,0
DA:1181,0
DA:1182,0
DA:1183,0
DA:1185,0
DA:1186,0
DA:1188,0
DA:1189,0
DA:1190,0
DA:1192,0
DA:1193,0
DA:1205,0
DA:1207,0
DA:1208,0
DA:1209,0
DA:1211,0
DA:1212,0
DA:1213,0
DA:1219,0
DA:1223,0
DA:1224,0
DA:1225,0
DA:1226,0
DA:1227,0
DA:1228,0
DA:1229,0
DA:1234,0
DA:1236,0
DA:1237,0
DA:1238,0
DA:1239,0
DA:1240,0
DA:1241,0
DA:1242,0
DA:1243,0
DA:1244,0
DA:1245,0
DA:1246,0
DA:1247,0
DA:1248,0
DA:1249,0
DA:1250,0
DA:1251,0
DA:1252,0
DA:1253,0
DA:1254,0
DA:1255,0
DA:1256,0
DA:1257,0
DA:1258,0
DA:1259,0
DA:1266,0
DA:1268,0
DA:1270,0
DA:1272,0
DA:1274,0
DA:1276,0
DA:1278,0
DA:1280,0
DA:1282,0
DA:1284,0
DA:1286,0
DA:1288,0
DA:1290,0
DA:1297,0
DA:1298,0
DA:1300,0
DA:1306,0
DA:1307,0
DA:1308,0
DA:1309,0
DA:1310,0
DA:1312,0
DA:1313,0
DA:1314,0
DA:1315,0
DA:1321,0
DA:1324,0
DA:1332,0
DA:1333,0
DA:1335,0
DA:1336,0
DA:1338,0
DA:1339,0
DA:1341,0
DA:1343,0
DA:1344,0
DA:1346,0
DA:1348,0
DA:1354,0
DA:1355,0
DA:1357,0
DA:1363,0
DA:1365,0
DA:1371,0
DA:1372,0
DA:1373,0
DA:1376,0
DA:1378,0
DA:1379,0
DA:1380,0
LF:641
LH:0
end_of_record
SF:lib/presentation/ui/features/tasks/models/task_list_option_settings.dart
DA:40,0
DA:54,0
DA:57,0
DA:58,0
DA:59,0
DA:65,0
DA:66,0
DA:70,0
DA:71,0
DA:76,0
DA:84,0
DA:85,0
DA:87,0
DA:88,0
DA:90,0
DA:91,0
DA:92,0
DA:93,0
DA:95,0
DA:97,0
DA:99,0
DA:103,0
DA:105,0
DA:106,0
DA:110,0
DA:111,0
DA:113,0
DA:114,0
DA:119,0
DA:120,0
DA:121,0
DA:122,0
DA:123,0
DA:124,0
DA:125,0
DA:128,0
DA:129,0
DA:133,0
DA:134,0
DA:138,0
DA:139,0
DA:142,0
DA:143,0
DA:146,0
DA:147,0
DA:148,0
DA:149,0
DA:150,0
DA:151,0
DA:152,0
DA:154,0
DA:155,0
DA:163,0
DA:165,0
DA:167,0
DA:169,0
DA:171,0
DA:173,0
DA:175,0
DA:177,0
DA:179,0
LF:61
LH:0
end_of_record
SF:lib/presentation/ui/features/tasks/components/timer_settings_dialog.dart
DA:40,0
DA:56,0
DA:57,0
DA:85,0
DA:87,0
DA:88,0
DA:89,0
DA:90,0
DA:91,0
DA:92,0
DA:93,0
DA:94,0
DA:95,0
DA:96,0
DA:97,0
DA:98,0
DA:101,0
DA:103,0
DA:104,0
DA:107,0
DA:109,0
DA:111,0
DA:114,0
DA:117,0
DA:123,0
DA:125,0
DA:126,0
DA:127,0
DA:128,0
DA:129,0
DA:130,0
DA:131,0
DA:132,0
DA:133,0
DA:134,0
DA:135,0
DA:136,0
DA:143,0
DA:145,0
DA:147,0
DA:150,0
DA:156,0
DA:157,0
DA:158,0
DA:159,0
DA:160,0
DA:164,0
DA:165,0
DA:166,0
DA:167,0
DA:168,0
DA:172,0
DA:174,0
DA:176,0
DA:178,0
DA:179,0
DA:181,0
DA:182,0
DA:184,0
DA:185,0
DA:187,0
DA:188,0
DA:190,0
DA:191,0
DA:193,0
DA:194,0
DA:196,0
DA:197,0
DA:199,0
DA:200,0
DA:202,0
DA:203,0
DA:205,0
DA:206,0
DA:211,0
DA:212,0
DA:218,0
DA:220,0
DA:222,0
DA:225,0
DA:231,0
DA:233,0
DA:234,0
DA:235,0
DA:238,0
DA:239,0
DA:240,0
DA:241,0
DA:242,0
DA:243,0
DA:244,0
DA:245,0
DA:246,0
DA:247,0
DA:248,0
DA:249,0
DA:250,0
DA:252,0
DA:256,0
DA:258,0
DA:259,0
DA:260,0
DA:261,0
DA:262,0
DA:265,0
DA:266,0
DA:271,0
DA:273,0
DA:278,0
DA:279,0
DA:282,0
DA:284,0
DA:286,0
DA:287,0
DA:288,0
DA:289,0
DA:291,0
DA:292,0
DA:293,0
DA:294,0
DA:295,0
DA:296,0
DA:297,0
DA:299,0
DA:301,0
DA:305,0
DA:306,0
DA:307,0
DA:308,0
DA:309,0
DA:310,0
DA:311,0
DA:312,0
DA:314,0
DA:316,0
DA:318,0
DA:319,0
DA:320,0
DA:321,0
DA:322,0
DA:323,0
DA:324,0
DA:326,0
DA:328,0
DA:330,0
DA:331,0
DA:332,0
DA:333,0
DA:334,0
DA:335,0
DA:336,0
DA:338,0
DA:346,0
DA:347,0
DA:348,0
DA:351,0
DA:352,0
DA:353,0
DA:354,0
DA:355,0
DA:356,0
DA:357,0
DA:359,0
DA:362,0
DA:363,0
DA:364,0
DA:365,0
DA:366,0
DA:367,0
DA:368,0
DA:370,0
DA:374,0
DA:375,0
DA:376,0
DA:377,0
DA:379,0
DA:380,0
DA:381,0
DA:382,0
DA:383,0
DA:384,0
DA:385,0
DA:386,0
DA:388,0
DA:391,0
DA:392,0
DA:393,0
DA:394,0
DA:395,0
DA:396,0
DA:397,0
DA:398,0
DA:400,0
DA:406,0
DA:407,0
DA:408,0
DA:409,0
DA:410,0
DA:411,0
DA:412,0
DA:414,0
DA:421,0
DA:422,0
DA:423,0
DA:424,0
DA:426,0
DA:427,0
DA:428,0
DA:429,0
DA:430,0
DA:431,0
DA:432,0
DA:433,0
DA:435,0
DA:442,0
DA:443,0
DA:445,0
DA:447,0
DA:449,0
DA:454,0
DA:456,0
DA:457,0
DA:458,0
DA:459,0
DA:460,0
DA:461,0
DA:465,0
DA:466,0
DA:467,0
DA:468,0
DA:469,0
DA:470,0
DA:471,0
DA:473,0
DA:474,0
DA:475,0
DA:476,0
DA:477,0
DA:479,0
DA:482,0
DA:484,0
DA:486,0
DA:489,0
DA:490,0
DA:494,0
DA:496,0
DA:497,0
DA:498,0
DA:502,0
DA:503,0
DA:512,0
DA:519,0
DA:531,0
DA:532,0
DA:533,0
DA:536,0
DA:537,0
DA:539,0
DA:541,0
DA:544,0
DA:546,0
DA:548,0
DA:567,0
DA:568,0
DA:569,0
DA:570,0
DA:572,0
DA:573,0
DA:574,0
DA:576,0
DA:579,0
LF:271
LH:0
end_of_record
SF:lib/presentation/ui/shared/components/app_logo.dart
DA:8,24
DA:10,0
DA:12,0
DA:14,0
DA:15,0
LF:5
LH:1
end_of_record
SF:lib/presentation/ui/shared/components/color_preview.dart
DA:7,0
DA:9,0
DA:11,0
DA:14,0
DA:15,0
DA:16,0
DA:17,0
LF:7
LH:0
end_of_record
SF:lib/presentation/ui/shared/components/help_dialog.dart
DA:16,0
DA:24,0
DA:26,0
DA:27,0
DA:28,0
DA:29,0
DA:30,0
DA:31,0
DA:32,0
DA:34,0
DA:35,0
DA:37,0
DA:40,0
DA:42,0
DA:43,0
LF:15
LH:0
end_of_record
SF:lib/presentation/ui/shared/components/markdown_renderer.dart
DA:14,0
DA:16,0
DA:18,0
DA:19,0
DA:20,0
DA:22,0
DA:25,0
DA:26,0
DA:28,0
DA:30,0
DA:33,0
DA:35,0
DA:38,0
DA:40,0
DA:43,0
DA:45,0
DA:48,0
DA:50,0
DA:53,0
DA:55,0
DA:58,0
DA:60,0
DA:61,0
DA:64,0
DA:65,0
DA:66,0
DA:70,0
DA:71,0
DA:72,0
DA:73,0
DA:74,0
DA:77,0
DA:79,0
DA:81,0
DA:82,0
DA:85,0
DA:86,0
DA:87,0
DA:88,0
DA:89,0
DA:90,0
DA:100,0
DA:101,0
DA:102,0
DA:103,0
DA:106,0
LF:46
LH:0
end_of_record
SF:lib/presentation/ui/shared/constants/navigation_items.dart
DA:19,0
DA:20,0
DA:21,0
DA:22,0
DA:23,0
DA:24,0
DA:25,0
DA:28,0
DA:29,0
DA:30,0
DA:33,0
DA:34,0
DA:36,0
LF:13
LH:0
end_of_record
SF:lib/presentation/ui/ui_presentation_container.dart
DA:26,0
DA:28,0
DA:29,0
DA:30,0
DA:31,0
DA:32,0
DA:33,0
DA:34,0
DA:36,0
DA:38,0
DA:39,0
DA:40,0
DA:41,0
DA:42,0
DA:43,0
DA:44,0
DA:45,0
DA:48,0
DA:49,0
DA:50,0
DA:51,0
DA:52,0
DA:53,0
DA:54,0
DA:56,0
DA:57,0
LF:26
LH:0
end_of_record
SF:lib/presentation/ui/shared/services/confetti_animation_service.dart
DA:7,0
DA:11,0
LF:2
LH:0
end_of_record
SF:lib/presentation/ui/shared/services/json_notification_payload_handler.dart
DA:13,0
DA:15,0
DA:17,0
DA:18,0
DA:23,0
DA:26,0
DA:31,0
DA:34,0
DA:35,0
DA:40,0
DA:43,0
DA:45,0
DA:46,0
DA:48,0
DA:51,0
DA:54,0
DA:57,0
DA:60,0
DA:61,0
DA:65,0
DA:66,0
DA:67,0
DA:70,0
DA:73,0
DA:75,0
DA:81,0
DA:84,0
DA:85,0
DA:86,0
DA:89,0
DA:92,0
DA:97,0
DA:100,0
DA:101,0
DA:106,0
DA:111,0
DA:112,0
DA:113,0
DA:116,0
LF:39
LH:0
end_of_record
SF:lib/presentation/ui/shared/services/theme_service.dart
DA:27,0
DA:29,0
DA:30,0
DA:32,0
DA:33,0
DA:35,0
DA:36,0
DA:38,0
DA:39,0
DA:41,0
DA:42,0
DA:44,0
DA:45,0
DA:47,0
DA:49,0
DA:56,0
DA:58,0
DA:65,0
DA:67,0
DA:74,0
DA:76,0
DA:83,0
DA:85,0
DA:90,0
DA:92,0
DA:97,0
DA:100,0
DA:103,0
DA:105,0
DA:110,0
DA:112,0
DA:113,0
DA:115,0
DA:119,0
DA:120,0
DA:122,0
DA:124,0
DA:125,0
DA:130,0
DA:131,0
DA:134,0
DA:137,0
DA:141,0
DA:144,0
DA:148,0
DA:150,0
DA:151,0
DA:152,0
DA:153,0
DA:154,0
DA:155,0
DA:156,0
DA:159,0
DA:162,0
DA:163,0
DA:164,0
DA:166,0
DA:168,0
DA:170,0
DA:172,0
DA:173,0
DA:175,0
DA:177,0
DA:179,0
DA:181,0
DA:183,0
DA:184,0
DA:185,0
DA:191,0
DA:192,0
DA:193,0
DA:194,0
DA:198,0
DA:199,0
DA:205,0
DA:206,0
DA:207,0
DA:208,0
DA:212,0
DA:213,0
DA:219,0
DA:220,0
DA:228,0
DA:229,0
DA:230,0
DA:232,0
DA:233,0
DA:234,0
DA:235,0
DA:237,0
DA:239,0
DA:240,0
DA:241,0
DA:245,0
DA:246,0
DA:249,0
DA:251,0
DA:253,0
DA:254,0
DA:255,0
DA:256,0
DA:257,0
DA:258,0
DA:259,0
DA:260,0
DA:263,0
DA:265,0
DA:266,0
DA:267,0
DA:273,0
DA:274,0
DA:275,0
DA:276,0
DA:280,0
DA:281,0
DA:287,0
DA:288,0
DA:289,0
DA:290,0
DA:298,0
DA:299,0
DA:303,0
DA:304,0
DA:305,0
DA:307,0
DA:308,0
DA:309,0
DA:310,0
DA:311,0
DA:313,0
DA:314,0
DA:315,0
DA:316,0
DA:317,0
DA:318,0
DA:319,0
DA:320,0
DA:322,0
DA:323,0
DA:324,0
DA:325,0
DA:327,0
DA:329,0
DA:330,0
DA:331,0
DA:333,0
DA:335,0
DA:336,0
DA:339,0
DA:342,0
DA:343,0
DA:344,0
DA:345,0
DA:346,0
DA:349,0
DA:350,0
DA:351,0
DA:355,0
DA:356,0
DA:361,0
DA:362,0
DA:370,0
DA:371,0
DA:373,0
DA:378,0
DA:379,0
DA:380,0
DA:381,0
DA:382,0
DA:384,0
DA:386,0
DA:387,0
DA:388,0
DA:391,0
DA:393,0
DA:394,0
DA:395,0
DA:396,0
DA:398,0
DA:399,0
DA:403,0
DA:405,0
DA:406,0
DA:409,0
DA:410,0
DA:414,0
DA:415,0
DA:416,0
DA:417,0
DA:418,0
DA:420,0
DA:422,0
DA:423,0
DA:424,0
DA:426,0
DA:428,0
DA:429,0
DA:430,0
DA:431,0
DA:433,0
DA:434,0
DA:440,0
DA:441,0
DA:442,0
DA:443,0
DA:444,0
DA:446,0
DA:448,0
DA:449,0
DA:450,0
DA:451,0
DA:453,0
DA:454,0
DA:460,0
DA:461,0
DA:462,0
DA:464,0
DA:465,0
DA:466,0
DA:467,0
DA:470,0
DA:471,0
DA:473,0
DA:475,0
DA:476,0
DA:477,0
DA:478,0
DA:479,0
DA:480,0
DA:483,0
DA:484,0
DA:485,0
DA:487,0
DA:488,0
DA:489,0
DA:495,0
DA:497,0
DA:498,0
DA:499,0
DA:503,0
DA:505,0
DA:510,0
DA:513,0
DA:516,0
DA:521,0
DA:528,0
DA:531,0
DA:532,0
DA:535,0
DA:538,0
DA:540,0
DA:541,0
DA:543,0
DA:549,0
DA:550,0
DA:552,0
DA:555,0
DA:558,0
DA:560,0
DA:561,0
DA:564,0
DA:566,0
DA:572,0
DA:573,0
DA:575,0
DA:580,0
DA:581,0
DA:584,0
DA:586,0
DA:588,0
DA:590,0
DA:596,0
DA:599,0
DA:601,0
DA:602,0
DA:603,0
DA:605,0
DA:607,0
DA:610,0
DA:613,0
DA:614,0
DA:617,0
DA:618,0
DA:619,0
DA:621,0
DA:622,0
DA:624,0
DA:625,0
DA:628,0
DA:631,0
DA:635,0
DA:639,0
DA:640,0
DA:642,0
DA:644,0
DA:649,0
DA:650,0
DA:652,0
DA:653,0
DA:654,0
DA:655,0
DA:657,0
DA:658,0
DA:661,0
DA:662,0
DA:667,0
DA:668,0
DA:670,0
DA:671,0
DA:672,0
DA:675,0
DA:679,0
DA:683,0
DA:684,0
DA:685,0
DA:686,0
DA:687,0
DA:689,0
DA:690,0
DA:691,0
DA:696,0
DA:697,0
DA:698,0
DA:699,0
DA:701,0
DA:702,0
DA:704,0
DA:706,0
DA:707,0
DA:713,0
DA:720,0
DA:721,0
DA:728,0
DA:731,0
DA:736,0
DA:743,0
DA:744,0
DA:745,0
DA:746,0
DA:751,0
DA:752,0
DA:754,0
DA:755,0
DA:759,0
DA:760,0
DA:763,0
DA:766,0
DA:767,0
DA:770,0
DA:771,0
DA:775,0
DA:780,0
DA:782,0
DA:784,0
DA:785,0
DA:786,0
DA:787,0
DA:788,0
DA:789,0
DA:790,0
DA:792,0
DA:793,0
DA:794,0
DA:795,0
DA:796,0
DA:799,0
DA:801,0
DA:802,0
DA:803,0
DA:804,0
DA:805,0
DA:806,0
DA:807,0
DA:809,0
DA:810,0
DA:811,0
DA:812,0
DA:813,0
DA:818,0
DA:820,0
DA:825,0
DA:831,0
DA:832,0
DA:835,0
DA:838,0
DA:839,0
DA:842,0
DA:843,0
LF:388
LH:0
end_of_record
SF:lib/presentation/ui/shared/services/translation_service.dart
DA:39,0
DA:41,0
DA:44,0
DA:47,0
DA:49,0
DA:52,0
DA:53,0
DA:54,0
DA:59,0
DA:66,0
DA:68,0
DA:71,0
DA:75,0
DA:76,0
DA:78,0
DA:81,0
DA:84,0
DA:86,0
DA:89,0
DA:93,0
DA:94,0
DA:96,0
DA:100,0
DA:101,0
DA:103,0
DA:105,0
DA:109,0
DA:110,0
DA:111,0
DA:112,0
DA:113,0
DA:114,0
DA:115,0
DA:116,0
DA:117,0
DA:118,0
DA:119,0
LF:37
LH:0
end_of_record
SF:lib/presentation/ui/shared/utils/audio_player_sound_player.dart
DA:17,0
DA:18,0
DA:19,0
DA:22,0
DA:24,0
DA:25,0
DA:26,0
DA:32,0
DA:33,0
DA:34,0
DA:35,0
DA:39,0
DA:40,0
DA:41,0
DA:42,0
DA:45,0
DA:49,0
DA:51,0
DA:54,0
DA:57,0
DA:61,0
DA:64,0
DA:67,0
DA:68,0
DA:69,0
DA:70,0
DA:73,0
DA:74,0
DA:75,0
DA:76,0
DA:79,0
DA:80,0
DA:85,0
DA:86,0
DA:87,0
DA:90,0
DA:91,0
DA:92,0
DA:93,0
DA:97,0
DA:99,0
DA:102,0
DA:104,0
DA:107,0
DA:109,0
DA:112,0
DA:114,0
DA:115,0
DA:119,0
DA:123,0
DA:125,0
DA:126,0
DA:130,0
DA:132,0
DA:134,0
DA:135,0
DA:136,0
DA:137,0
LF:58
LH:0
end_of_record
